TTTTTTTTTTTTTTTTTTTTTTT-------------------timer: aDtD-stmopt-h.1990                                                      :  7.163      at: 2025062912 05:27:06
TTTTTTTTTTTTTTTTTTTTTTT-------------------timer: anl-adtd-h.1990                                                         :  0.114      at: 2025062912 05:27:06
AAADDD -- trackers ALLGOOD   for istmopt:  h.1990
TTTDDD -- diag files ALLGOOD for istmopt:  h.1990
TTTTTTTTTTTTTTTTTTTTTTT-------------------timer: aDtD-ALL-h.1990                                                         :  7.378      at: 2025062912 05:27:06
TTTTTTTTTTTTTTTTTTTTTTT-------------------timer: aDtD-stmopt-w.1990                                                      :  9.385      at: 2025062912 05:27:15
TTTTTTTTTTTTTTTTTTTTTTT-------------------timer: anl-adtd-w.1990                                                         :  0.116      at: 2025062912 05:27:16
AAADDD -- trackers ALLGOOD   for istmopt:  w.1990
TTTDDD -- diag files ALLGOOD for istmopt:  w.1990
TTTTTTTTTTTTTTTTTTTTTTT-------------------timer: aDtD-ALL-w.1990                                                         :  9.601      at: 2025062912 05:27:16
TTTTTTTTTTTTTTTTTTTTTTT-------------------timer: aDtD-stmopt-e.1990                                                      :  2.588      at: 2025062912 05:27:18
TTTTTTTTTTTTTTTTTTTTTTT-------------------timer: anl-adtd-e.1990                                                         :  0.107      at: 2025062912 05:27:19
AAADDD -- trackers ALLGOOD   for istmopt:  e.1990
TTTDDD -- diag files ALLGOOD for istmopt:  e.1990
TTTTTTTTTTTTTTTTTTTTTTT-------------------timer: aDtD-ALL-e.1990                                                         :  2.796      at: 2025062912 05:27:19
TTTTTTTTTTTTTTTTTTTTTTT-------------------timer: aDtD-stmopt-l.1990                                                      :  3.223      at: 2025062912 05:27:22
TTTTTTTTTTTTTTTTTTTTTTT-------------------timer: anl-adtd-l.1990                                                         :  0.111      at: 2025062912 05:27:22
AAADDD -- trackers ALLGOOD   for istmopt:  l.1990
TTTDDD -- diag files ALLGOOD for istmopt:  l.1990
TTTTTTTTTTTTTTTTTTTTTTT-------------------timer: aDtD-ALL-l.1990                                                         :  3.434      at: 2025062912 05:27:22
TTTTTTTTTTTTTTTTTTTTTTT-------------------timer: aDtD-stmopt-c.1990                                                      :  0.241      at: 2025062912 05:27:23
TTTTTTTTTTTTTTTTTTTTTTT-------------------timer: anl-adtd-c.1990                                                         :  0.100      at: 2025062912 05:27:23
AAADDD -- trackers ALLGOOD   for istmopt:  c.1990
TTTDDD -- diag files ALLGOOD for istmopt:  c.1990
TTTTTTTTTTTTTTTTTTTTTTT-------------------timer: aDtD-ALL-c.1990                                                         :  0.442      at: 2025062912 05:27:23
TTTTTTTTTTTTTTTTTTTTTTT-------------------timer: aDtD-stmopt-i.1990                                                      :  0.461      at: 2025062912 05:27:23
TTTTTTTTTTTTTTTTTTTTTTT-------------------timer: anl-adtd-i.1990                                                         :  0.101      at: 2025062912 05:27:24
AAADDD -- trackers ALLGOOD   for istmopt:  i.1990
TTTDDD -- diag files ALLGOOD for istmopt:  i.1990
TTTTTTTTTTTTTTTTTTTTTTT-------------------timer: aDtD-ALL-i.1990                                                         :  0.662      at: 2025062912 05:27:24
TTTTTTTTTTTTTTTTTTTTTTT-------------------timer: aDtD-stmopt-h.1991                                                      :  4.631      at: 2025062912 05:27:29
TTTTTTTTTTTTTTTTTTTTTTT-------------------timer: anl-adtd-h.1991                                                         :  0.119      at: 2025062912 05:27:29
AAADDD -- trackers ALLGOOD   for istmopt:  h.1991
TTTDDD -- diag files ALLGOOD for istmopt:  h.1991
TTTTTTTTTTTTTTTTTTTTTTT-------------------timer: aDtD-ALL-h.1991                                                         :  4.850      at: 2025062912 05:27:29
TTTTTTTTTTTTTTTTTTTTTTT-------------------timer: aDtD-stmopt-w.1991                                                      :  3.668      at: 2025062912 05:27:33
TTTTTTTTTTTTTTTTTTTTTTT-------------------timer: anl-adtd-w.1991                                                         :  0.114      at: 2025062912 05:27:33
AAADDD -- trackers ALLGOOD   for istmopt:  w.1991
TTTDDD -- diag files ALLGOOD for istmopt:  w.1991
TTTTTTTTTTTTTTTTTTTTTTT-------------------timer: aDtD-ALL-w.1991                                                         :  3.883      at: 2025062912 05:27:33
TTTTTTTTTTTTTTTTTTTTTTT-------------------timer: aDtD-stmopt-e.1991                                                      :  2.995      at: 2025062912 05:27:36
TTTTTTTTTTTTTTTTTTTTTTT-------------------timer: anl-adtd-e.1991                                                         :  0.110      at: 2025062912 05:27:36
AAADDD -- trackers ALLGOOD   for istmopt:  e.1991
TTTDDD -- diag files ALLGOOD for istmopt:  e.1991
TTTTTTTTTTTTTTTTTTTTTTT-------------------timer: aDtD-ALL-e.1991                                                         :  3.206      at: 2025062912 05:27:36
TTTTTTTTTTTTTTTTTTTTTTT-------------------timer: aDtD-stmopt-l.1991                                                      :  1.639      at: 2025062912 05:27:38
TTTTTTTTTTTTTTTTTTTTTTT-------------------timer: anl-adtd-l.1991                                                         :  0.104      at: 2025062912 05:27:38
AAADDD -- trackers ALLGOOD   for istmopt:  l.1991
TTTDDD -- diag files ALLGOOD for istmopt:  l.1991
TTTTTTTTTTTTTTTTTTTTTTT-------------------timer: aDtD-ALL-l.1991                                                         :  1.843      at: 2025062912 05:27:38
WWW-getMd2Years-- no storms for stmopt:  c.1991
WWW-setyears to em3year:  2024
TTTTTTTTTTTTTTTTTTTTTTT-------------------timer: aDtD-stmopt-c.1991                                                      :  0.455      at: 2025062912 05:27:39
TTTTTTTTTTTTTTTTTTTTTTT-------------------timer: anl-adtd-c.1991                                                         :  0.100      at: 2025062912 05:27:39
AAADDD -- trackers ALLGOOD   for istmopt:  c.1991
TTTDDD -- diag files ALLGOOD for istmopt:  c.1991
TTTTTTTTTTTTTTTTTTTTTTT-------------------timer: aDtD-ALL-c.1991                                                         :  0.656      at: 2025062912 05:27:39
TTTTTTTTTTTTTTTTTTTTTTT-------------------timer: aDtD-stmopt-i.1991                                                      :  2.554      at: 2025062912 05:27:42
TTTTTTTTTTTTTTTTTTTTTTT-------------------timer: anl-adtd-i.1991                                                         :  0.101      at: 2025062912 05:27:42
AAADDD -- trackers ALLGOOD   for istmopt:  i.1991
TTTDDD -- diag files ALLGOOD for istmopt:  i.1991
TTTTTTTTTTTTTTTTTTTTTTT-------------------timer: aDtD-ALL-i.1991                                                         :  2.755      at: 2025062912 05:27:42
TTTTTTTTTTTTTTTTTTTTTTT-------------------timer: aDtD-stmopt-h.1992                                                      :  5.167      at: 2025062912 05:27:47
TTTTTTTTTTTTTTTTTTTTTTT-------------------timer: anl-adtd-h.1992                                                         :  0.122      at: 2025062912 05:27:47
AAADDD -- trackers ALLGOOD   for istmopt:  h.1992
TTTDDD -- diag files ALLGOOD for istmopt:  h.1992
TTTTTTTTTTTTTTTTTTTTTTT-------------------timer: aDtD-ALL-h.1992                                                         :  5.390      at: 2025062912 05:27:48
TTTTTTTTTTTTTTTTTTTTTTT-------------------timer: aDtD-stmopt-w.1992                                                      :  9.198      at: 2025062912 05:27:57
TTTTTTTTTTTTTTTTTTTTTTT-------------------timer: anl-adtd-w.1992                                                         :  0.118      at: 2025062912 05:27:57
AAADDD -- trackers ALLGOOD   for istmopt:  w.1992
TTTDDD -- diag files ALLGOOD for istmopt:  w.1992
TTTTTTTTTTTTTTTTTTTTTTT-------------------timer: aDtD-ALL-w.1992                                                         :  9.416      at: 2025062912 05:27:57
TTTTTTTTTTTTTTTTTTTTTTT-------------------timer: aDtD-stmopt-e.1992                                                      :  5.291      at: 2025062912 05:28:03
TTTTTTTTTTTTTTTTTTTTTTT-------------------timer: anl-adtd-e.1992                                                         :  0.121      at: 2025062912 05:28:03
AAADDD -- trackers ALLGOOD   for istmopt:  e.1992
TTTDDD -- diag files ALLGOOD for istmopt:  e.1992
TTTTTTTTTTTTTTTTTTTTTTT-------------------timer: aDtD-ALL-e.1992                                                         :  5.512      at: 2025062912 05:28:03
TTTTTTTTTTTTTTTTTTTTTTT-------------------timer: aDtD-stmopt-l.1992                                                      :  1.704      at: 2025062912 05:28:05
TTTTTTTTTTTTTTTTTTTTTTT-------------------timer: anl-adtd-l.1992                                                         :  0.104      at: 2025062912 05:28:05
AAADDD -- trackers ALLGOOD   for istmopt:  l.1992
TTTDDD -- diag files ALLGOOD for istmopt:  l.1992
TTTTTTTTTTTTTTTTTTTTTTT-------------------timer: aDtD-ALL-l.1992                                                         :  1.908      at: 2025062912 05:28:05
CCC: i-sbt-tctrk-tcdiag.py -S h.1990     ---> CurDT: 20250629 17:26:59 <--- 
TTTTTTTTTTTTTTTTTTTTTTT-------------------timer: B1ID-AD-TD-h-1990                                                       :  7.520      at: 2025062912 05:27:06
CCC: i-sbt-tctrk-tcdiag.py -S w.1990     ---> CurDT: 20250629 17:27:06 <--- 
TTTTTTTTTTTTTTTTTTTTTTT-------------------timer: B1ID-AD-TD-w-1990                                                       :  9.759      at: 2025062912 05:27:16
CCC: i-sbt-tctrk-tcdiag.py -S e.1990     ---> CurDT: 20250629 17:27:16 <--- 
TTTTTTTTTTTTTTTTTTTTTTT-------------------timer: B1ID-AD-TD-e-1990                                                       :  2.961      at: 2025062912 05:27:19
CCC: i-sbt-tctrk-tcdiag.py -S l.1990     ---> CurDT: 20250629 17:27:19 <--- 
TTTTTTTTTTTTTTTTTTTTTTT-------------------timer: B1ID-AD-TD-l-1990                                                       :  3.594      at: 2025062912 05:27:22
CCC: i-sbt-tctrk-tcdiag.py -S c.1990     ---> CurDT: 20250629 17:27:22 <--- 
TTTTTTTTTTTTTTTTTTTTTTT-------------------timer: B1ID-AD-TD-c-1990                                                       :  0.607      at: 2025062912 05:27:23
CCC: i-sbt-tctrk-tcdiag.py -S i.1990     ---> CurDT: 20250629 17:27:23 <--- 
TTTTTTTTTTTTTTTTTTTTTTT-------------------timer: B1ID-AD-TD-i-1990                                                       :  0.814      at: 2025062912 05:27:24
TTTTTTTTTTTTTTTTTTTTTTT-------------------timer: AD-TD-1990                                                              : 25.355      at: 2025062912 05:27:24
CCC: i-sbt-tctrk-tcdiag.py -S h.1991     ---> CurDT: 20250629 17:27:24 <--- 
TTTTTTTTTTTTTTTTTTTTTTT-------------------timer: B1ID-AD-TD-h-1991                                                       :  5.011      at: 2025062912 05:27:29
CCC: i-sbt-tctrk-tcdiag.py -S w.1991     ---> CurDT: 20250629 17:27:29 <--- 
TTTTTTTTTTTTTTTTTTTTTTT-------------------timer: B1ID-AD-TD-w-1991                                                       :  4.039      at: 2025062912 05:27:33
CCC: i-sbt-tctrk-tcdiag.py -S e.1991     ---> CurDT: 20250629 17:27:33 <--- 
TTTTTTTTTTTTTTTTTTTTTTT-------------------timer: B1ID-AD-TD-e-1991                                                       :  3.368      at: 2025062912 05:27:36
CCC: i-sbt-tctrk-tcdiag.py -S l.1991     ---> CurDT: 20250629 17:27:36 <--- 
TTTTTTTTTTTTTTTTTTTTTTT-------------------timer: B1ID-AD-TD-l-1991                                                       :  2.007      at: 2025062912 05:27:38
CCC: i-sbt-tctrk-tcdiag.py -S c.1991     ---> CurDT: 20250629 17:27:38 <--- 
TTTTTTTTTTTTTTTTTTTTTTT-------------------timer: B1ID-AD-TD-c-1991                                                       :  0.798      at: 2025062912 05:27:39
CCC: i-sbt-tctrk-tcdiag.py -S i.1991     ---> CurDT: 20250629 17:27:39 <--- 
TTTTTTTTTTTTTTTTTTTTTTT-------------------timer: B1ID-AD-TD-i-1991                                                       :  2.912      at: 2025062912 05:27:42
TTTTTTTTTTTTTTTTTTTTTTT-------------------timer: AD-TD-1991                                                              : 18.237      at: 2025062912 05:27:42
CCC: i-sbt-tctrk-tcdiag.py -S h.1992     ---> CurDT: 20250629 17:27:42 <--- 
TTTTTTTTTTTTTTTTTTTTTTT-------------------timer: B1ID-AD-TD-h-1992                                                       :  5.549      at: 2025062912 05:27:48
CCC: i-sbt-tctrk-tcdiag.py -S w.1992     ---> CurDT: 20250629 17:27:48 <--- 
TTTTTTTTTTTTTTTTTTTTTTT-------------------timer: B1ID-AD-TD-w-1992                                                       :  9.571      at: 2025062912 05:27:57
CCC: i-sbt-tctrk-tcdiag.py -S e.1992     ---> CurDT: 20250629 17:27:57 <--- 
TTTTTTTTTTTTTTTTTTTTTTT-------------------timer: B1ID-AD-TD-e-1992                                                       :  5.660      at: 2025062912 05:28:03
CCC: i-sbt-tctrk-tcdiag.py -S l.1992     ---> CurDT: 20250629 17:28:03 <--- 
TTTTTTTTTTTTTTTTTTTTTTT-------------------timer: B1ID-AD-TD-l-1992                                                       :  2.084      at: 2025062912 05:28:05
CCTTTTTTTTTTTTTTTTTTTTTTT-------------------timer: aDtD-stmopt-c.1992                                                      :  0.695      at: 2025062912 05:28:06
TTTTTTTTTTTTTTTTTTTTTTT-------------------timer: anl-adtd-c.1992                                                         :  0.101      at: 2025062912 05:28:06
AAADDD -- trackers ALLGOOD   for istmopt:  c.1992
TTTDDD -- diag files ALLGOOD for istmopt:  c.1992
TTTTTTTTTTTTTTTTTTTTTTT-------------------timer: aDtD-ALL-c.1992                                                         :  0.896      at: 2025062912 05:28:06
TTTTTTTTTTTTTTTTTTTTTTT-------------------timer: aDtD-stmopt-i.1992                                                      :  1.987      at: 2025062912 05:28:08
TTTTTTTTTTTTTTTTTTTTTTT-------------------timer: anl-adtd-i.1992                                                         :  0.105      at: 2025062912 05:28:08
AAADDD -- trackers ALLGOOD   for istmopt:  i.1992
TTTDDD -- diag files ALLGOOD for istmopt:  i.1992
TTTTTTTTTTTTTTTTTTTTTTT-------------------timer: aDtD-ALL-i.1992                                                         :  2.192      at: 2025062912 05:28:08
TTTTTTTTTTTTTTTTTTTTTTT-------------------timer: aDtD-stmopt-h.1993                                                      :  5.977      at: 2025062912 05:28:14
TTTTTTTTTTTTTTTTTTTTTTT-------------------timer: anl-adtd-h.1993                                                         :  0.111      at: 2025062912 05:28:15
AAADDD -- trackers ALLGOOD   for istmopt:  h.1993
TTTDDD -- diag files ALLGOOD for istmopt:  h.1993
TTTTTTTTTTTTTTTTTTTTTTT-------------------timer: aDtD-ALL-h.1993                                                         :  6.189      at: 2025062912 05:28:15
TTTTTTTTTTTTTTTTTTTTTTT-------------------timer: aDtD-stmopt-w.1993                                                      :  6.560      at: 2025062912 05:28:21
TTTTTTTTTTTTTTTTTTTTTTT-------------------timer: anl-adtd-w.1993                                                         :  0.131      at: 2025062912 05:28:22
AAADDD -- trackers ALLGOOD   for istmopt:  w.1993
TTTDDD -- diag files ALLGOOD for istmopt:  w.1993
TTTTTTTTTTTTTTTTTTTTTTT-------------------timer: aDtD-ALL-w.1993                                                         :  6.791      at: 2025062912 05:28:22
TTTTTTTTTTTTTTTTTTTTTTT-------------------timer: aDtD-stmopt-e.1993                                                      :  3.167      at: 2025062912 05:28:25
TTTTTTTTTTTTTTTTTTTTTTT-------------------timer: anl-adtd-e.1993                                                         :  0.111      at: 2025062912 05:28:25
AAADDD -- trackers ALLGOOD   for istmopt:  e.1993
TTTDDD -- diag files ALLGOOD for istmopt:  e.1993
TTTTTTTTTTTTTTTTTTTTTTT-------------------timer: aDtD-ALL-e.1993                                                         :  3.378      at: 2025062912 05:28:25
TTTTTTTTTTTTTTTTTTTTTTT-------------------timer: aDtD-stmopt-l.1993                                                      :  1.641      at: 2025062912 05:28:27
TTTTTTTTTTTTTTTTTTTTTTT-------------------timer: anl-adtd-l.1993                                                         :  0.103      at: 2025062912 05:28:27
AAADDD -- trackers ALLGOOD   for istmopt:  l.1993
TTTDDD -- diag files ALLGOOD for istmopt:  l.1993
TTTTTTTTTTTTTTTTTTTTTTT-------------------timer: aDtD-ALL-l.1993                                                         :  1.844      at: 2025062912 05:28:27
TTTTTTTTTTTTTTTTTTTTTTT-------------------timer: aDtD-stmopt-c.1993                                                      :  0.598      at: 2025062912 05:28:28
TTTTTTTTTTTTTTTTTTTTTTT-------------------timer: anl-adtd-c.1993                                                         :  0.101      at: 2025062912 05:28:28
AAADDD -- trackers ALLGOOD   for istmopt:  c.1993
TTTDDD -- diag files ALLGOOD for istmopt:  c.1993
TTTTTTTTTTTTTTTTTTTTTTT-------------------timer: aDtD-ALL-c.1993                                                         :  0.799      at: 2025062912 05:28:28
TTTTTTTTTTTTTTTTTTTTTTT-------------------timer: aDtD-stmopt-i.1993                                                      :  0.520      at: 2025062912 05:28:29
TTTTTTTTTTTTTTTTTTTTTTT-------------------timer: anl-adtd-i.1993                                                         :  0.101      at: 2025062912 05:28:29
AAADDD -- trackers ALLGOOD   for istmopt:  i.1993
TTTDDD -- diag files ALLGOOD for istmopt:  i.1993
TTTTTTTTTTTTTTTTTTTTTTT-------------------timer: aDtD-ALL-i.1993                                                         :  0.722      at: 2025062912 05:28:29
TTTTTTTTTTTTTTTTTTTTTTT-------------------timer: aDtD-stmopt-h.1994                                                      :  6.766      at: 2025062912 05:28:36
TTTTTTTTTTTTTTTTTTTTTTT-------------------timer: anl-adtd-h.1994                                                         :  0.110      at: 2025062912 05:28:36
AAADDD -- trackers ALLGOOD   for istmopt:  h.1994
TTTDDD -- diag files ALLGOOD for istmopt:  h.1994
TTTTTTTTTTTTTTTTTTTTTTT-------------------timer: aDtD-ALL-h.1994                                                         :  6.977      at: 2025062912 05:28:36
TTTTTTTTTTTTTTTTTTTTTTT-------------------timer: aDtD-stmopt-w.1994                                                      : 10.338      at: 2025062912 05:28:47
TTTTTTTTTTTTTTTTTTTTTTT-------------------timer: anl-adtd-w.1994                                                         :  0.126      at: 2025062912 05:28:47
AAADDD -- trackers ALLGOOD   for istmopt:  w.1994
TTTDDD -- diag files ALLGOOD for istmopt:  w.1994
TTTTTTTTTTTTTTTTTTTTTTT-------------------timer: aDtD-ALL-w.1994                                                         : 10.564      at: 2025062912 05:28:47
TTTTTTTTTTTTTTTTTTTTTTT-------------------timer: aDtD-stmopt-e.1994                                                      :  3.958      at: 2025062912 05:28:51
TTTTTTTTTTTTTTTTTTTTTTT-------------------timer: anl-adtd-e.1994                                                         :  0.114      at: 2025062912 05:28:51
AAADDD -- trackers ALLGOOD   for istmopt:  e.1994
TTTDDD -- diag files ALLGOOD for istmopt:  e.1994
TTTTTTTTTTTTTTTTTTTTTTT-------------------timer: aDtD-ALL-e.1994                                                         :  4.173      at: 2025062912 05:28:51
TTTTTTTTTTTTTTTTTTTTTTT-------------------timer: aDtD-stmopt-l.1994                                                      :  1.664      at: 2025062912 05:28:53
TTTTTTTTTTTTTTTTTTTTTTT-------------------timer: anl-adtd-l.1994                                                         :  0.104      at: 2025062912 05:28:53
AAADDD -- trackers ALLGOOD   for istmopt:  l.1994
TTTDDD -- diag files ALLGOOD for istmopt:  l.1994
TTTTTTTTTTTTTTTTTTTTTTT-------------------timer: aDtD-ALL-l.1994                                                         :  1.868      at: 2025062912 05:28:53
TTTTTTTTTTTTTTTTTTTTTTT-------------------timer: aDtD-stmopt-c.1994                                                      :  0.472      at: 2025062912 05:28:54
TTTTTTTTTTTTTTTTTTTTTTT-------------------timer: anl-adtd-c.1994                                                         :  0.101      at: 2025062912 05:28:54
AAADDD -- trackers ALLGOOD   for istmopt:  c.1994
TTTDDD -- diag files ALLGOOD for istmopt:  c.1994
TTTTTTTTTTTTTTTTTTTTTTT-------------------timer: aDtD-ALL-c.1994                                                         :  0.673      at: 2025062912 05:28:54
TTTTTTTTTTTTTTTTTTTTTTT-------------------timer: aDtD-stmopt-i.1994                                                      :  0.812      at: 2025062912 05:28:55
TTTTTTTTTTTTTTTTTTTTTTT-------------------timer: anl-adtd-i.1994                                                         :  0.101      at: 2025062912 05:28:55
AAADDD -- trackers ALLGOOD   for istmopt:  i.1994
TTTDDD -- diag files ALLGOOD for istmopt:  i.1994
TTTTTTTTTTTTTTTTTTTTTTT-------------------timer: aDtD-ALL-i.1994                                                         :  1.013      at: 2025062912 05:28:55
TTTTTTTTTTTTTTTTTTTTTTT-------------------timer: aDtD-stmopt-h.1995                                                      :  4.933      at: 2025062912 05:29:01
TTTTTTTTTTTTTTTTTTTTTTT-------------------timer: anl-adtd-h.1995                                                         :  0.119      at: 2025062912 05:29:01
AAADDD -- trackers ALLGOOD   for istmopt:  h.1995
TTTDDD -- diag files ALLGOOD for istmopt:  h.1995
TTTTTTTTTTTTTTTTTTTTTTT-------------------timer: aDtD-ALL-h.1995                                                         :  5.152      at: 2025062912 05:29:01
TTTTTTTTTTTTTTTTTTTTTTT-------------------timer: aDtD-stmopt-w.1995                                                      :  3.697      at: 2025062912 05:29:05
TTTTTTTTTTTTTTTTTTTTTTT-------------------timer: anl-adtd-w.1995                                                         :  0.110      at: 2025062912 05:29:05
AAADDD -- trackers ALLGOOD   for istmopt:  w.1995
TTTDDD -- diag files ALLGOOD for istmopt:  w.1995
TTTTTTTTTTTTTTTTTTTTTTT-------------------timer: aDtD-ALL-w.1995                                                         :  3.907      at: 2025062912 05:29:05
C: i-sbt-tctrk-tcdiag.py -S c.1992     ---> CurDT: 20250629 17:28:05 <--- 
TTTTTTTTTTTTTTTTTTTTTTT-------------------timer: B1ID-AD-TD-c-1992                                                       :  1.048      at: 2025062912 05:28:06
CCC: i-sbt-tctrk-tcdiag.py -S i.1992     ---> CurDT: 20250629 17:28:06 <--- 
TTTTTTTTTTTTTTTTTTTTTTT-------------------timer: B1ID-AD-TD-i-1992                                                       :  2.349      at: 2025062912 05:28:08
TTTTTTTTTTTTTTTTTTTTTTT-------------------timer: AD-TD-1992                                                              : 26.360      at: 2025062912 05:28:08
CCC: i-sbt-tctrk-tcdiag.py -S h.1993     ---> CurDT: 20250629 17:28:08 <--- 
TTTTTTTTTTTTTTTTTTTTTTT-------------------timer: B1ID-AD-TD-h-1993                                                       :  6.342      at: 2025062912 05:28:15
CCC: i-sbt-tctrk-tcdiag.py -S w.1993     ---> CurDT: 20250629 17:28:15 <--- 
TTTTTTTTTTTTTTTTTTTTTTT-------------------timer: B1ID-AD-TD-w-1993                                                       :  6.962      at: 2025062912 05:28:22
CCC: i-sbt-tctrk-tcdiag.py -S e.1993     ---> CurDT: 20250629 17:28:22 <--- 
TTTTTTTTTTTTTTTTTTTTTTT-------------------timer: B1ID-AD-TD-e-1993                                                       :  3.533      at: 2025062912 05:28:25
CCC: i-sbt-tctrk-tcdiag.py -S l.1993     ---> CurDT: 20250629 17:28:25 <--- 
TTTTTTTTTTTTTTTTTTTTTTT-------------------timer: B1ID-AD-TD-l-1993                                                       :  1.995      at: 2025062912 05:28:27
CCC: i-sbt-tctrk-tcdiag.py -S c.1993     ---> CurDT: 20250629 17:28:27 <--- 
TTTTTTTTTTTTTTTTTTTTTTT-------------------timer: B1ID-AD-TD-c-1993                                                       :  0.971      at: 2025062912 05:28:28
CCC: i-sbt-tctrk-tcdiag.py -S i.1993     ---> CurDT: 20250629 17:28:28 <--- 
TTTTTTTTTTTTTTTTTTTTTTT-------------------timer: B1ID-AD-TD-i-1993                                                       :  0.867      at: 2025062912 05:28:29
TTTTTTTTTTTTTTTTTTTTTTT-------------------timer: AD-TD-1993                                                              : 20.771      at: 2025062912 05:28:29
CCC: i-sbt-tctrk-tcdiag.py -S h.1994     ---> CurDT: 20250629 17:28:29 <--- 
TTTTTTTTTTTTTTTTTTTTTTT-------------------timer: B1ID-AD-TD-h-1994                                                       :  7.124      at: 2025062912 05:28:36
CCC: i-sbt-tctrk-tcdiag.py -S w.1994     ---> CurDT: 20250629 17:28:36 <--- 
TTTTTTTTTTTTTTTTTTTTTTT-------------------timer: B1ID-AD-TD-w-1994                                                       : 10.719      at: 2025062912 05:28:47
CCC: i-sbt-tctrk-tcdiag.py -S e.1994     ---> CurDT: 20250629 17:28:47 <--- 
TTTTTTTTTTTTTTTTTTTTTTT-------------------timer: B1ID-AD-TD-e-1994                                                       :  4.341      at: 2025062912 05:28:51
CCC: i-sbt-tctrk-tcdiag.py -S l.1994     ---> CurDT: 20250629 17:28:51 <--- 
TTTTTTTTTTTTTTTTTTTTTTT-------------------timer: B1ID-AD-TD-l-1994                                                       :  2.029      at: 2025062912 05:28:53
CCC: i-sbt-tctrk-tcdiag.py -S c.1994     ---> CurDT: 20250629 17:28:53 <--- 
TTTTTTTTTTTTTTTTTTTTTTT-------------------timer: B1ID-AD-TD-c-1994                                                       :  0.822      at: 2025062912 05:28:54
CCC: i-sbt-tctrk-tcdiag.py -S i.1994     ---> CurDT: 20250629 17:28:54 <--- 
TTTTTTTTTTTTTTTTTTTTTTT-------------------timer: B1ID-AD-TD-i-1994                                                       :  1.170      at: 2025062912 05:28:55
TTTTTTTTTTTTTTTTTTTTTTT-------------------timer: AD-TD-1994                                                              : 26.306      at: 2025062912 05:28:56
CCC: i-sbt-tctrk-tcdiag.py -S h.1995     ---> CurDT: 20250629 17:28:56 <--- 
TTTTTTTTTTTTTTTTTTTTTTT-------------------timer: B1ID-AD-TD-h-1995                                                       :  5.319      at: 2025062912 05:29:01
CCC: i-sbt-tctrk-tcdiag.py -S w.1995     ---> CurDT: 20250629 17:29:01 <--- 
TTTTTTTTTTTTTTTTTTTTTTTTTTT-------------------timer: aDtD-stmopt-e.1995                                                      :  2.301      at: 2025062912 05:29:07
TTTTTTTTTTTTTTTTTTTTTTT-------------------timer: anl-adtd-e.1995                                                         :  0.105      at: 2025062912 05:29:07
AAADDD -- trackers ALLGOOD   for istmopt:  e.1995
TTTDDD -- diag files ALLGOOD for istmopt:  e.1995
TTTTTTTTTTTTTTTTTTTTTTT-------------------timer: aDtD-ALL-e.1995                                                         :  2.506      at: 2025062912 05:29:07
TTTTTTTTTTTTTTTTTTTTTTT-------------------timer: aDtD-stmopt-l.1995                                                      :  4.377      at: 2025062912 05:29:12
TTTTTTTTTTTTTTTTTTTTTTT-------------------timer: anl-adtd-l.1995                                                         :  0.118      at: 2025062912 05:29:12
AAADDD -- trackers ALLGOOD   for istmopt:  l.1995
TTTDDD -- diag files ALLGOOD for istmopt:  l.1995
TTTTTTTTTTTTTTTTTTTTTTT-------------------timer: aDtD-ALL-l.1995                                                         :  4.595      at: 2025062912 05:29:12
WWW-getMd2Years-- no storms for stmopt:  c.1995
WWW-setyears to em3year:  2024
TTTTTTTTTTTTTTTTTTTTTTT-------------------timer: aDtD-stmopt-c.1995                                                      :  0.317      at: 2025062912 05:29:13
TTTTTTTTTTTTTTTTTTTTTTT-------------------timer: anl-adtd-c.1995                                                         :  0.100      at: 2025062912 05:29:13
AAADDD -- trackers ALLGOOD   for istmopt:  c.1995
TTTDDD -- diag files ALLGOOD for istmopt:  c.1995
TTTTTTTTTTTTTTTTTTTTTTT-------------------timer: aDtD-ALL-c.1995                                                         :  0.518      at: 2025062912 05:29:13
TTTTTTTTTTTTTTTTTTTTTTT-------------------timer: aDtD-stmopt-i.1995                                                      :  0.905      at: 2025062912 05:29:14
TTTTTTTTTTTTTTTTTTTTTTT-------------------timer: anl-adtd-i.1995                                                         :  0.101      at: 2025062912 05:29:14
AAADDD -- trackers ALLGOOD   for istmopt:  i.1995
TTTDDD -- diag files ALLGOOD for istmopt:  i.1995
TTTTTTTTTTTTTTTTTTTTTTT-------------------timer: aDtD-ALL-i.1995                                                         :  1.107      at: 2025062912 05:29:14
TTTTTTTTTTTTTTTTTTTTTTT-------------------timer: aDtD-stmopt-h.1996                                                      :  4.079      at: 2025062912 05:29:19
TTTTTTTTTTTTTTTTTTTTTTT-------------------timer: anl-adtd-h.1996                                                         :  0.107      at: 2025062912 05:29:19
AAADDD -- trackers ALLGOOD   for istmopt:  h.1996
TTTDDD -- diag files ALLGOOD for istmopt:  h.1996
TTTTTTTTTTTTTTTTTTTTTTT-------------------timer: aDtD-ALL-h.1996                                                         :  4.287      at: 2025062912 05:29:19
TTTTTTTTTTTTTTTTTTTTTTT-------------------timer: aDtD-stmopt-w.1996                                                      : 10.940      at: 2025062912 05:29:30
TTTTTTTTTTTTTTTTTTTTTTT-------------------timer: anl-adtd-w.1996                                                         :  0.139      at: 2025062912 05:29:30
AAADDD -- trackers ALLGOOD   for istmopt:  w.1996
TTTDDD -- diag files ALLGOOD for istmopt:  w.1996
TTTTTTTTTTTTTTTTTTTTTTT-------------------timer: aDtD-ALL-w.1996                                                         : 11.179      at: 2025062912 05:29:30
TTTTTTTTTTTTTTTTTTTTTTT-------------------timer: aDtD-stmopt-e.1996                                                      :  1.860      at: 2025062912 05:29:32
TTTTTTTTTTTTTTTTTTTTTTT-------------------timer: anl-adtd-e.1996                                                         :  0.104      at: 2025062912 05:29:32
AAADDD -- trackers ALLGOOD   for istmopt:  e.1996
TTTDDD -- diag files ALLGOOD for istmopt:  e.1996
TTTTTTTTTTTTTTTTTTTTTTT-------------------timer: aDtD-ALL-e.1996                                                         :  2.065      at: 2025062912 05:29:32
TTTTTTTTTTTTTTTTTTTTTTT-------------------timer: aDtD-stmopt-l.1996                                                      :  3.131      at: 2025062912 05:29:36
TTTTTTTTTTTTTTTTTTTTTTT-------------------timer: anl-adtd-l.1996                                                         :  0.110      at: 2025062912 05:29:36
AAADDD -- trackers ALLGOOD   for istmopt:  l.1996
TTTDDD -- diag files ALLGOOD for istmopt:  l.1996
TTTTTTTTTTTTTTTTTTTTTTT-------------------timer: aDtD-ALL-l.1996                                                         :  3.341      at: 2025062912 05:29:36
TTTTTTTTTTTTTTTTTTTTTTT-------------------timer: aDtD-stmopt-c.1996                                                      :  0.214      at: 2025062912 05:29:36
TTTTTTTTTTTTTTTTTTTTTTT-------------------timer: anl-adtd-c.1996                                                         :  0.100      at: 2025062912 05:29:36
AAADDD -- trackers ALLGOOD   for istmopt:  c.1996
TTTDDD -- diag files ALLGOOD for istmopt:  c.1996
TTTTTTTTTTTTTTTTTTTTTTT-------------------timer: aDtD-ALL-c.1996                                                         :  0.415      at: 2025062912 05:29:36
TTTTTTTTTTTTTTTTTTTTTTT-------------------timer: aDtD-stmopt-i.1996                                                      :  1.999      at: 2025062912 05:29:39
TTTTTTTTTTTTTTTTTTTTTTT-------------------timer: anl-adtd-i.1996                                                         :  0.104      at: 2025062912 05:29:39
AAADDD -- trackers ALLGOOD   for istmopt:  i.1996
TTTDDD -- diag files ALLGOOD for istmopt:  i.1996
TTTTTTTTTTTTTTTTTTTTTTT-------------------timer: aDtD-ALL-i.1996                                                         :  2.204      at: 2025062912 05:29:39
TTTTTTTTTTTTTTTTTTTTTTT-------------------timer: aDtD-stmopt-h.1997                                                      : 10.384      at: 2025062912 05:29:49
TTTTTTTTTTTTTTTTTTTTTTT-------------------timer: anl-adtd-h.1997                                                         :  0.124      at: 2025062912 05:29:50
AAADDD -- trackers ALLGOOD   for istmopt:  h.1997
TTTDDD -- diag files ALLGOOD for istmopt:  h.1997
TTTTTTTTTTTTTTTTTTTTTTT-------------------timer: aDtD-ALL-h.1997                                                         : 10.608      at: 2025062912 05:29:50
TTTTTTTTTTTTTTTTTTTTTTT-------------------timer: aDtD-stmopt-w.1997                                                      : 10.387      at: 2025062912 05:30:00
TTTTTTTTTTTTTTTTTTTTTTT-------------------timer: anl-adtd-w.1997                                                         :  0.132      at: 2025062912 05:30:00
AAADDD -- trackers ALLGOOD   for istmopt:  w.1997
TTTDDD -- diag files ALLGOOD for istmopt:  w.1997
TTTTTTTTTTTTTTTTTTTTTTT-------------------timer: aDtD-ALL-w.1997                                                         : 10.619      at: 2025062912 05:30:00
TTTTTTTTTTTTTTTTTTTTTTT-------------------timer: aDtD-stmopt-e.1997                                                      :  3.663      at: 2025062912 05:30:04
TTTTTTTTTTTTTTTTTTTTTTT-------------------timer: anl-adtd-e.1997                                                         :  0.113      at: 2025062912 05:30:04
AAADDD -- trackers ALLGOOD   for istmopt:  e.1997
TTTDDD -- diag files ALLGOOD for istmopt:  e.1997
TTTTTTTTTTTTTTTTTTTTTTT-------------------timer: aDtD-ALL-e.1997                                                         :  3.877      at: 2025062912 05:30:04
TTTTTTTTTTTTTTTTTTTTTTT-------------------timer: aDtD-stmopt-l.1997                                                      :  1.360      at: 2025062912 05:30:06
TTTTTTTTTTTTTTTTTTTTTTT-------------------timer: anl-adtd-l.1997                                                         :  0.102      at: 2025062912 05:30:06
AAADDD -- trackers ALLGOOD   for istmopt:  l.1997
TTTDDD -- diag files ALLGOOD for istmopt:  l.1997
TTTTTTTTTTTTTTTTTTTTTTT-------------------timer: aDtD-ALL-l.1997                                                         :  1.562      at: 2025062912 05:30:06
TTTTTTTTTTTTTTTTTTTTTTT-------------------timer: aDtD-stmopt-c.1997                                                      :  1.448      at: 2025062912 05:30:08
TTTTTTTTTTTTTTTTTTTTTTT-------------------timer: anl-adtd-c.1997                                                         :  0.102      at: 2025062912 05:30:08
AAADDD -- trackers ALLGOOD   for istmopt:  c.1997
TTTDDD -- diag files ALLGOOD for istmopt:  c.1997
TTTTTTTTTTTTTTTTTTTTTTT-------------------timer: aDtD-ALL-c.1997                                                         :  1.650      at: 2025062912 05:30:08
TTTTTTTTTTTTTTTTTTTTTTT-------------------timer: aDtD-stmopt-i.1997                                                      :  0.973      at: 2025062912 05:30:09
TTTTTTTTTTTTTTTTTTTTTTT-------------------timer: anl-adtd-i.1997                                                         :  0.101      at: 2025062912 05:30:09
AAADDD -- trackers ALLGOOD   for istmopt:  i.1997
TTTDDD -- diag files ALLGOOD for istmopt:  i.1997
TTTTTTTTTTTTTTTTTTTTTTT-------------------timer: aDtD-ALL-i.1997                                                         :  1.174      at: 2025062912 05:30:09
TTTTTTTTTTTTTTTTTTT-------------------timer: B1ID-AD-TD-w-1995                                                       :  4.068      at: 2025062912 05:29:05
CCC: i-sbt-tctrk-tcdiag.py -S e.1995     ---> CurDT: 20250629 17:29:05 <--- 
TTTTTTTTTTTTTTTTTTTTTTT-------------------timer: B1ID-AD-TD-e-1995                                                       :  2.670      at: 2025062912 05:29:08
CCC: i-sbt-tctrk-tcdiag.py -S l.1995     ---> CurDT: 20250629 17:29:08 <--- 
TTTTTTTTTTTTTTTTTTTTTTT-------------------timer: B1ID-AD-TD-l-1995                                                       :  4.757      at: 2025062912 05:29:12
CCC: i-sbt-tctrk-tcdiag.py -S c.1995     ---> CurDT: 20250629 17:29:12 <--- 
TTTTTTTTTTTTTTTTTTTTTTT-------------------timer: B1ID-AD-TD-c-1995                                                       :  0.686      at: 2025062912 05:29:13
CCC: i-sbt-tctrk-tcdiag.py -S i.1995     ---> CurDT: 20250629 17:29:13 <--- 
TTTTTTTTTTTTTTTTTTTTTTT-------------------timer: B1ID-AD-TD-i-1995                                                       :  1.267      at: 2025062912 05:29:14
TTTTTTTTTTTTTTTTTTTTTTT-------------------timer: AD-TD-1995                                                              : 18.867      at: 2025062912 05:29:14
CCC: i-sbt-tctrk-tcdiag.py -S h.1996     ---> CurDT: 20250629 17:29:14 <--- 
TTTTTTTTTTTTTTTTTTTTTTT-------------------timer: B1ID-AD-TD-h-1996                                                       :  4.456      at: 2025062912 05:29:19
CCC: i-sbt-tctrk-tcdiag.py -S w.1996     ---> CurDT: 20250629 17:29:19 <--- 
TTTTTTTTTTTTTTTTTTTTTTT-------------------timer: B1ID-AD-TD-w-1996                                                       : 11.323      at: 2025062912 05:29:30
CCC: i-sbt-tctrk-tcdiag.py -S e.1996     ---> CurDT: 20250629 17:29:30 <--- 
TTTTTTTTTTTTTTTTTTTTTTT-------------------timer: B1ID-AD-TD-e-1996                                                       :  2.220      at: 2025062912 05:29:32
CCC: i-sbt-tctrk-tcdiag.py -S l.1996     ---> CurDT: 20250629 17:29:32 <--- 
TTTTTTTTTTTTTTTTTTTTTTT-------------------timer: B1ID-AD-TD-l-1996                                                       :  3.513      at: 2025062912 05:29:36
CCC: i-sbt-tctrk-tcdiag.py -S c.1996     ---> CurDT: 20250629 17:29:36 <--- 
TTTTTTTTTTTTTTTTTTTTTTT-------------------timer: B1ID-AD-TD-c-1996                                                       :  0.583      at: 2025062912 05:29:37
CCC: i-sbt-tctrk-tcdiag.py -S i.1996     ---> CurDT: 20250629 17:29:37 <--- 
TTTTTTTTTTTTTTTTTTTTTTT-------------------timer: B1ID-AD-TD-i-1996                                                       :  2.368      at: 2025062912 05:29:39
TTTTTTTTTTTTTTTTTTTTTTT-------------------timer: AD-TD-1996                                                              : 24.563      at: 2025062912 05:29:39
CCC: i-sbt-tctrk-tcdiag.py -S h.1997     ---> CurDT: 20250629 17:29:39 <--- 
TTTTTTTTTTTTTTTTTTTTTTT-------------------timer: B1ID-AD-TD-h-1997                                                       : 10.768      at: 2025062912 05:29:50
CCC: i-sbt-tctrk-tcdiag.py -S w.1997     ---> CurDT: 20250629 17:29:50 <--- 
TTTTTTTTTTTTTTTTTTTTTTT-------------------timer: B1ID-AD-TD-w-1997                                                       : 10.783      at: 2025062912 05:30:01
CCC: i-sbt-tctrk-tcdiag.py -S e.1997     ---> CurDT: 20250629 17:30:01 <--- 
TTTTTTTTTTTTTTTTTTTTTTT-------------------timer: B1ID-AD-TD-e-1997                                                       :  4.038      at: 2025062912 05:30:05
CCC: i-sbt-tctrk-tcdiag.py -S l.1997     ---> CurDT: 20250629 17:30:05 <--- 
TTTTTTTTTTTTTTTTTTTTTTT-------------------timer: B1ID-AD-TD-l-1997                                                       :  1.699      at: 2025062912 05:30:06
CCC: i-sbt-tctrk-tcdiag.py -S c.1997     ---> CurDT: 20250629 17:30:06 <--- 
TTTTTTTTTTTTTTTTTTTTTTT-------------------timer: B1ID-AD-TD-c-1997                                                       :  1.804      at: 2025062912 05:30:08
CCC: i-sbt-tctrk-tcdiag.py -S i.1997     ---> CurDT: 20250629 17:30:08 <--- 
TTTTTTTTTTTTTTTTTTTTTTTTTTTTT-------------------timer: aDtD-stmopt-h.1998                                                      :  7.106      at: 2025062912 05:30:17
TTTTTTTTTTTTTTTTTTTTTTT-------------------timer: anl-adtd-h.1998                                                         :  0.114      at: 2025062912 05:30:17
AAADDD -- trackers ALLGOOD   for istmopt:  h.1998
TTTDDD -- diag files ALLGOOD for istmopt:  h.1998
TTTTTTTTTTTTTTTTTTTTTTT-------------------timer: aDtD-ALL-h.1998                                                         :  7.320      at: 2025062912 05:30:17
TTTTTTTTTTTTTTTTTTTTTTT-------------------timer: aDtD-stmopt-w.1998                                                      :  2.311      at: 2025062912 05:30:19
TTTTTTTTTTTTTTTTTTTTTTT-------------------timer: anl-adtd-w.1998                                                         :  0.109      at: 2025062912 05:30:19
AAADDD -- trackers ALLGOOD   for istmopt:  w.1998
TTTDDD -- diag files ALLGOOD for istmopt:  w.1998
TTTTTTTTTTTTTTTTTTTTTTT-------------------timer: aDtD-ALL-w.1998                                                         :  2.521      at: 2025062912 05:30:20
TTTTTTTTTTTTTTTTTTTTTTT-------------------timer: aDtD-stmopt-e.1998                                                      :  2.346      at: 2025062912 05:30:22
TTTTTTTTTTTTTTTTTTTTTTT-------------------timer: anl-adtd-e.1998                                                         :  0.107      at: 2025062912 05:30:22
AAADDD -- trackers ALLGOOD   for istmopt:  e.1998
TTTDDD -- diag files ALLGOOD for istmopt:  e.1998
TTTTTTTTTTTTTTTTTTTTTTT-------------------timer: aDtD-ALL-e.1998                                                         :  2.554      at: 2025062912 05:30:22
TTTTTTTTTTTTTTTTTTTTTTT-------------------timer: aDtD-stmopt-l.1998                                                      :  3.478      at: 2025062912 05:30:26
TTTTTTTTTTTTTTTTTTTTTTT-------------------timer: anl-adtd-l.1998                                                         :  0.111      at: 2025062912 05:30:26
AAADDD -- trackers ALLGOOD   for istmopt:  l.1998
TTTDDD -- diag files ALLGOOD for istmopt:  l.1998
TTTTTTTTTTTTTTTTTTTTTTT-------------------timer: aDtD-ALL-l.1998                                                         :  3.689      at: 2025062912 05:30:26
TTTTTTTTTTTTTTTTTTTTTTT-------------------timer: aDtD-stmopt-c.1998                                                      :  0.164      at: 2025062912 05:30:26
TTTTTTTTTTTTTTTTTTTTTTT-------------------timer: anl-adtd-c.1998                                                         :  0.100      at: 2025062912 05:30:27
AAADDD -- trackers ALLGOOD   for istmopt:  c.1998
TTTDDD -- diag files ALLGOOD for istmopt:  c.1998
TTTTTTTTTTTTTTTTTTTTTTT-------------------timer: aDtD-ALL-c.1998                                                         :  0.365      at: 2025062912 05:30:27
TTTTTTTTTTTTTTTTTTTTTTT-------------------timer: aDtD-stmopt-i.1998                                                      :  1.353      at: 2025062912 05:30:28
TTTTTTTTTTTTTTTTTTTTTTT-------------------timer: anl-adtd-i.1998                                                         :  0.102      at: 2025062912 05:30:28
AAADDD -- trackers ALLGOOD   for istmopt:  i.1998
TTTDDD -- diag files ALLGOOD for istmopt:  i.1998
TTTTTTTTTTTTTTTTTTTTTTT-------------------timer: aDtD-ALL-i.1998                                                         :  1.555      at: 2025062912 05:30:28
TTTTTTTTTTTTTTTTTTTTTTT-------------------timer: aDtD-stmopt-h.1999                                                      :  6.394      at: 2025062912 05:30:35
TTTTTTTTTTTTTTTTTTTTTTT-------------------timer: anl-adtd-h.1999                                                         :  0.127      at: 2025062912 05:30:35
AAADDD -- trackers ALLGOOD   for istmopt:  h.1999
TTTDDD -- diag files ALLGOOD for istmopt:  h.1999
TTTTTTTTTTTTTTTTTTTTTTT-------------------timer: aDtD-ALL-h.1999                                                         :  6.621      at: 2025062912 05:30:35
TTTTTTTTTTTTTTTTTTTTTTT-------------------timer: aDtD-stmopt-w.1999                                                      :  5.629      at: 2025062912 05:30:41
TTTTTTTTTTTTTTTTTTTTTTT-------------------timer: anl-adtd-w.1999                                                         :  0.122      at: 2025062912 05:30:41
AAADDD -- trackers ALLGOOD   for istmopt:  w.1999
TTTDDD -- diag files ALLGOOD for istmopt:  w.1999
TTTTTTTTTTTTTTTTTTTTTTT-------------------timer: aDtD-ALL-w.1999                                                         :  5.852      at: 2025062912 05:30:41
TTTTTTTTTTTTTTTTTTTTTTT-------------------timer: aDtD-stmopt-e.1999                                                      :  1.828      at: 2025062912 05:30:43
TTTTTTTTTTTTTTTTTTTTTTT-------------------timer: anl-adtd-e.1999                                                         :  0.105      at: 2025062912 05:30:43
AAADDD -- trackers ALLGOOD   for istmopt:  e.1999
TTTDDD -- diag files ALLGOOD for istmopt:  e.1999
TTTTTTTTTTTTTTTTTTTTTTT-------------------timer: aDtD-ALL-e.1999                                                         :  2.033      at: 2025062912 05:30:43
TTTTTTTTTTTTTTTTTTTTTTT-------------------timer: aDtD-stmopt-l.1999                                                      :  2.709      at: 2025062912 05:30:46
TTTTTTTTTTTTTTTTTTTTTTT-------------------timer: anl-adtd-l.1999                                                         :  0.109      at: 2025062912 05:30:46
AAADDD -- trackers ALLGOOD   for istmopt:  l.1999
TTTDDD -- diag files ALLGOOD for istmopt:  l.1999
TTTTTTTTTTTTTTTTTTTTTTT-------------------timer: aDtD-ALL-l.1999                                                         :  2.918      at: 2025062912 05:30:47
WWW-getMd2Years-- no storms for stmopt:  c.1999
WWW-setyears to em3year:  2024
TTTTTTTTTTTTTTTTTTTTTTT-------------------timer: aDtD-stmopt-c.1999                                                      :  0.393      at: 2025062912 05:30:47
TTTTTTTTTTTTTTTTTTTTTTT-------------------timer: anl-adtd-c.1999                                                         :  0.100      at: 2025062912 05:30:47
AAADDD -- trackers ALLGOOD   for istmopt:  c.1999
TTTDDD -- diag files ALLGOOD for istmopt:  c.1999
TTTTTTTTTTTTTTTTTTTTTTT-------------------timer: aDtD-ALL-c.1999                                                         :  0.594      at: 2025062912 05:30:47
TTTTTTTTTTTTTTTTTTTTTTT-------------------timer: aDtD-stmopt-i.1999                                                      :  1.024      at: 2025062912 05:30:48
TTTTTTTTTTTTTTTTTTTTTTT-------------------timer: anl-adtd-i.1999                                                         :  0.101      at: 2025062912 05:30:49
AAADDD -- trackers ALLGOOD   for istmopt:  i.1999
TTTDDD -- diag files ALLGOOD for istmopt:  i.1999
TTTTTTTTTTTTTTTTTTTTTTT-------------------timer: aDtD-ALL-i.1999                                                         :  1.226      at: 2025062912 05:30:49
TTTTTTTTTTTTTTTTT-------------------timer: B1ID-AD-TD-i-1997                                                       :  1.330      at: 2025062912 05:30:09
TTTTTTTTTTTTTTTTTTTTTTT-------------------timer: AD-TD-1997                                                              : 30.524      at: 2025062912 05:30:10
CCC: i-sbt-tctrk-tcdiag.py -S h.1998     ---> CurDT: 20250629 17:30:10 <--- 
TTTTTTTTTTTTTTTTTTTTTTT-------------------timer: B1ID-AD-TD-h-1998                                                       :  7.491      at: 2025062912 05:30:17
CCC: i-sbt-tctrk-tcdiag.py -S w.1998     ---> CurDT: 20250629 17:30:17 <--- 
TTTTTTTTTTTTTTTTTTTTTTT-------------------timer: B1ID-AD-TD-w-1998                                                       :  2.681      at: 2025062912 05:30:20
CCC: i-sbt-tctrk-tcdiag.py -S e.1998     ---> CurDT: 20250629 17:30:20 <--- 
TTTTTTTTTTTTTTTTTTTTTTT-------------------timer: B1ID-AD-TD-e-1998                                                       :  2.719      at: 2025062912 05:30:22
CCC: i-sbt-tctrk-tcdiag.py -S l.1998     ---> CurDT: 20250629 17:30:22 <--- 
TTTTTTTTTTTTTTTTTTTTTTT-------------------timer: B1ID-AD-TD-l-1998                                                       :  3.845      at: 2025062912 05:30:26
CCC: i-sbt-tctrk-tcdiag.py -S c.1998     ---> CurDT: 20250629 17:30:26 <--- 
TTTTTTTTTTTTTTTTTTTTTTT-------------------timer: B1ID-AD-TD-c-1998                                                       :  0.512      at: 2025062912 05:30:27
CCC: i-sbt-tctrk-tcdiag.py -S i.1998     ---> CurDT: 20250629 17:30:27 <--- 
TTTTTTTTTTTTTTTTTTTTTTT-------------------timer: B1ID-AD-TD-i-1998                                                       :  1.719      at: 2025062912 05:30:28
TTTTTTTTTTTTTTTTTTTTTTT-------------------timer: AD-TD-1998                                                              : 19.068      at: 2025062912 05:30:29
CCC: i-sbt-tctrk-tcdiag.py -S h.1999     ---> CurDT: 20250629 17:30:29 <--- 
TTTTTTTTTTTTTTTTTTTTTTT-------------------timer: B1ID-AD-TD-h-1999                                                       :  6.789      at: 2025062912 05:30:35
CCC: i-sbt-tctrk-tcdiag.py -S w.1999     ---> CurDT: 20250629 17:30:35 <--- 
TTTTTTTTTTTTTTTTTTTTTTT-------------------timer: B1ID-AD-TD-w-1999                                                       :  6.015      at: 2025062912 05:30:41
CCC: i-sbt-tctrk-tcdiag.py -S e.1999     ---> CurDT: 20250629 17:30:41 <--- 
TTTTTTTTTTTTTTTTTTTTTTT-------------------timer: B1ID-AD-TD-e-1999                                                       :  2.184      at: 2025062912 05:30:44
CCC: i-sbt-tctrk-tcdiag.py -S l.1999     ---> CurDT: 20250629 17:30:44 <--- 
TTTTTTTTTTTTTTTTTTTTTTT-------------------timer: B1ID-AD-TD-l-1999                                                       :  3.091      at: 2025062912 05:30:47
CCC: i-sbt-tctrk-tcdiag.py -S c.1999     ---> CurDT: 20250629 17:30:47 <--- 
TTTTTTTTTTTTTTTTTTTTTTT-------------------timer: B1ID-AD-TD-c-1999                                                       :  0.754      at: 2025062912 05:30:47
CCC: i-sbt-tctrk-tcdiag.py -S i.1999     ---> CurDT: 20250629 17:30:47 <--- 
TTTTTTTTTTTTTTTTTTTTTTT-------------------timer: B1ID-AD-TD-i-1999                                                       :  1.377      at: 2025062912 05:30:49
TTTTTTTTTTTTTTTTTTTTTTT-------------------timer: AD-TD-1999                                                              : 20.309      at: 2025062912 05:30:49
TTTTTTTTTTTTTTTTTTTTTTT-------------------timer: AALLLL-AD-TD-1990-1999                                                  : 230.460      at: 2025062912 05:30:49
