TTTTTTTTTTTTTTTTTTTTTTT-------------------timer: aDtD-stmopt-h.70                                                        :  4.326      at: 2025062912 05:55:45
TTTTTTTTTTTTTTTTTTTTTTT-------------------timer: anl-adtd-h.70                                                           :  0.122      at: 2025062912 05:55:45
AAADDD -- trackers ALLGOOD   for istmopt:  h.70
TTTDDD -- diag files ALLGOOD for istmopt:  h.70
TTTTTTTTTTTTTTTTTTTTTTT-------------------timer: aDtD-ALL-h.70                                                           :  4.548      at: 2025062912 05:55:46
TTTTTTTTTTTTTTTTTTTTTTT-------------------timer: aDtD-stmopt-w.70                                                        :  3.139      at: 2025062912 05:55:49
TTTTTTTTTTTTTTTTTTTTTTT-------------------timer: anl-adtd-w.70                                                           :  0.108      at: 2025062912 05:55:49
AAADDD -- trackers ALLGOOD   for istmopt:  w.70
TTTDDD -- diag files ALLGOOD for istmopt:  w.70
TTTTTTTTTTTTTTTTTTTTTTT-------------------timer: aDtD-ALL-w.70                                                           :  3.347      at: 2025062912 05:55:49
TTTTTTTTTTTTTTTTTTTTTTT-------------------timer: aDtD-stmopt-e.70                                                        :  1.964      at: 2025062912 05:55:51
TTTTTTTTTTTTTTTTTTTTTTT-------------------timer: anl-adtd-e.70                                                           :  0.109      at: 2025062912 05:55:51
AAADDD -- trackers ALLGOOD   for istmopt:  e.70
TTTDDD -- diag files ALLGOOD for istmopt:  e.70
TTTTTTTTTTTTTTTTTTTTTTT-------------------timer: aDtD-ALL-e.70                                                           :  2.173      at: 2025062912 05:55:51
TTTTTTTTTTTTTTTTTTTTTTT-------------------timer: aDtD-stmopt-l.70                                                        :  2.891      at: 2025062912 05:55:54
TTTTTTTTTTTTTTTTTTTTTTT-------------------timer: anl-adtd-l.70                                                           :  0.108      at: 2025062912 05:55:55
AAADDD -- trackers ALLGOOD   for istmopt:  l.70
TTTDDD -- diag files ALLGOOD for istmopt:  l.70
TTTTTTTTTTTTTTTTTTTTTTT-------------------timer: aDtD-ALL-l.70                                                           :  3.099      at: 2025062912 05:55:55
TTTTTTTTTTTTTTTTTTTTTTT-------------------timer: aDtD-stmopt-c.70                                                        :  0.171      at: 2025062912 05:55:55
TTTTTTTTTTTTTTTTTTTTTTT-------------------timer: anl-adtd-c.70                                                           :  0.100      at: 2025062912 05:55:55
AAADDD -- trackers ALLGOOD   for istmopt:  c.70
TTTDDD -- diag files ALLGOOD for istmopt:  c.70
TTTTTTTTTTTTTTTTTTTTTTT-------------------timer: aDtD-ALL-c.70                                                           :  0.372      at: 2025062912 05:55:55
TTTTTTTTTTTTTTTTTTTTTTT-------------------timer: aDtD-stmopt-i.70                                                        :  1.608      at: 2025062912 05:55:57
TTTTTTTTTTTTTTTTTTTTTTT-------------------timer: anl-adtd-i.70                                                           :  0.105      at: 2025062912 05:55:57
AAADDD -- trackers ALLGOOD   for istmopt:  i.70
TTTDDD -- diag files ALLGOOD for istmopt:  i.70
TTTTTTTTTTTTTTTTTTTTTTT-------------------timer: aDtD-ALL-i.70                                                           :  1.813      at: 2025062912 05:55:57
TTTTTTTTTTTTTTTTTTTTTTT-------------------timer: aDtD-stmopt-h.71                                                        :  4.313      at: 2025062912 05:56:02
TTTTTTTTTTTTTTTTTTTTTTT-------------------timer: anl-adtd-h.71                                                           :  0.106      at: 2025062912 05:56:02
AAADDD -- trackers ALLGOOD   for istmopt:  h.71
TTTDDD -- diag files ALLGOOD for istmopt:  h.71
TTTTTTTTTTTTTTTTTTTTTTT-------------------timer: aDtD-ALL-h.71                                                           :  4.520      at: 2025062912 05:56:02
TTTTTTTTTTTTTTTTTTTTTTT-------------------timer: aDtD-stmopt-w.71                                                        :  4.231      at: 2025062912 05:56:06
TTTTTTTTTTTTTTTTTTTTTTT-------------------timer: anl-adtd-w.71                                                           :  0.123      at: 2025062912 05:56:06
AAADDD -- trackers ALLGOOD   for istmopt:  w.71
TTTDDD -- diag files ALLGOOD for istmopt:  w.71
TTTTTTTTTTTTTTTTTTTTTTT-------------------timer: aDtD-ALL-w.71                                                           :  4.454      at: 2025062912 05:56:06
TTTTTTTTTTTTTTTTTTTTTTT-------------------timer: aDtD-stmopt-e.71                                                        :  2.648      at: 2025062912 05:56:09
TTTTTTTTTTTTTTTTTTTTTTT-------------------timer: anl-adtd-e.71                                                           :  0.107      at: 2025062912 05:56:09
AAADDD -- trackers ALLGOOD   for istmopt:  e.71
TTTDDD -- diag files ALLGOOD for istmopt:  e.71
TTTTTTTTTTTTTTTTTTTTTTT-------------------timer: aDtD-ALL-e.71                                                           :  2.855      at: 2025062912 05:56:10
TTTTTTTTTTTTTTTTTTTTTTT-------------------timer: aDtD-stmopt-l.71                                                        :  3.318      at: 2025062912 05:56:13
TTTTTTTTTTTTTTTTTTTTTTT-------------------timer: anl-adtd-l.71                                                           :  0.116      at: 2025062912 05:56:13
AAADDD -- trackers ALLGOOD   for istmopt:  l.71
TTTDDD -- diag files ALLGOOD for istmopt:  l.71
TTTTTTTTTTTTTTTTTTTTTTT-------------------timer: aDtD-ALL-l.71                                                           :  3.535      at: 2025062912 05:56:13
WWW-getMd2Years-- no storms for stmopt:  c.1971
WWW-setyears to em3year:  2024
TTTTTTTTTTTTTTTTTTTTTTT-------------------timer: aDtD-stmopt-c.71                                                        :  0.146      at: 2025062912 05:56:14
TTTTTTTTTTTTTTTTTTTTTTT-------------------timer: anl-adtd-c.71                                                           :  0.100      at: 2025062912 05:56:14
AAADDD -- trackers ALLGOOD   for istmopt:  c.71
TTTDDD -- diag files ALLGOOD for istmopt:  c.71
TTTTTTTTTTTTTTTTTTTTTTT-------------------timer: aDtD-ALL-c.71                                                           :  0.347      at: 2025062912 05:56:14
TTTTTTTTTTTTTTTTTTTTTTT-------------------timer: aDtD-stmopt-i.71                                                        :  1.019      at: 2025062912 05:56:15
TTTTTTTTTTTTTTTTTTTTTTT-------------------timer: anl-adtd-i.71                                                           :  0.104      at: 2025062912 05:56:15
AAADDD -- trackers ALLGOOD   for istmopt:  i.71
TTTDDD -- diag files ALLGOOD for istmopt:  i.71
TTTTTTTTTTTTTTTTTTTTTTT-------------------timer: aDtD-ALL-i.71                                                           :  1.223      at: 2025062912 05:56:15
TTTTTTTTTTTTTTTTTTTTTTT-------------------timer: aDtD-stmopt-h.72                                                        :  4.783      at: 2025062912 05:56:20
TTTTTTTTTTTTTTTTTTTTTTT-------------------timer: anl-adtd-h.72                                                           :  0.110      at: 2025062912 05:56:20
AAADDD -- trackers ALLGOOD   for istmopt:  h.72
TTTDDD -- diag files ALLGOOD for istmopt:  h.72
TTTTTTTTTTTTTTTTTTTTTTT-------------------timer: aDtD-ALL-h.72                                                           :  4.993      at: 2025062912 05:56:20
TTTTTTTTTTTTTTTTTTTTTTT-------------------timer: aDtD-stmopt-w.72                                                        :  5.496      at: 2025062912 05:56:26
TTTTTTTTTTTTTTTTTTTTTTT-------------------timer: anl-adtd-w.72                                                           :  0.120      at: 2025062912 05:56:26
AAADDD -- trackers ALLGOOD   for istmopt:  w.72
TTTDDD -- diag files ALLGOOD for istmopt:  w.72
TTTTTTTTTTTTTTTTTTTTTTT-------------------timer: aDtD-ALL-w.72                                                           :  5.717      at: 2025062912 05:56:26
TTTTTTTTTTTTTTTTTTTTTTT-------------------timer: aDtD-stmopt-e.72                                                        :  1.976      at: 2025062912 05:56:28
TTTTTTTTTTTTTTTTTTTTTTT-------------------timer: anl-adtd-e.72                                                           :  0.106      at: 2025062912 05:56:28
AAADDD -- trackers ALLGOOD   for istmopt:  e.72
TTTDDD -- diag files ALLGOOD for istmopt:  e.72
TTTTTTTTTTTTTTTTTTTTTTT-------------------timer: aDtD-ALL-e.72                                                           :  2.183      at: 2025062912 05:56:29
TTTTTTTTTTTTTTTTTTTTTTT-------------------timer: aDtD-stmopt-l.72                                                        :  2.148      at: 2025062912 05:56:31
TTTTTTTTTTTTTTTTTTTTTTT-------------------timer: anl-adtd-l.72                                                           :  0.106      at: 2025062912 05:56:31
AAADDD -- trackers ALLGOOD   for istmopt:  l.72
TTTDDD -- diag files ALLGOOD for istmopt:  l.72
TTTTTTTTTTTTTTTTTTTTTTT-------------------timer: aDtD-ALL-l.72                                                           :  2.355      at: 2025062912 05:56:31
CCC: i-sbt-tctrk-tcdiag.py -S h.70     ---> CurDT: 20250629 17:55:41 <--- 
TTTTTTTTTTTTTTTTTTTTTTT-------------------timer: B1ID-AD-TD-h-70                                                         :  4.698      at: 2025062912 05:55:46
CCC: i-sbt-tctrk-tcdiag.py -S w.70     ---> CurDT: 20250629 17:55:46 <--- 
TTTTTTTTTTTTTTTTTTTTTTT-------------------timer: B1ID-AD-TD-w-70                                                         :  3.492      at: 2025062912 05:55:49
CCC: i-sbt-tctrk-tcdiag.py -S e.70     ---> CurDT: 20250629 17:55:49 <--- 
TTTTTTTTTTTTTTTTTTTTTTT-------------------timer: B1ID-AD-TD-e-70                                                         :  2.332      at: 2025062912 05:55:51
CCC: i-sbt-tctrk-tcdiag.py -S l.70     ---> CurDT: 20250629 17:55:51 <--- 
TTTTTTTTTTTTTTTTTTTTTTT-------------------timer: B1ID-AD-TD-l-70                                                         :  3.259      at: 2025062912 05:55:55
CCC: i-sbt-tctrk-tcdiag.py -S c.70     ---> CurDT: 20250629 17:55:55 <--- 
TTTTTTTTTTTTTTTTTTTTTTT-------------------timer: B1ID-AD-TD-c-70                                                         :  0.524      at: 2025062912 05:55:55
CCC: i-sbt-tctrk-tcdiag.py -S i.70     ---> CurDT: 20250629 17:55:55 <--- 
TTTTTTTTTTTTTTTTTTTTTTT-------------------timer: B1ID-AD-TD-i-70                                                         :  1.965      at: 2025062912 05:55:57
TTTTTTTTTTTTTTTTTTTTTTT-------------------timer: AD-TD-70                                                                : 16.370      at: 2025062912 05:55:57
CCC: i-sbt-tctrk-tcdiag.py -S h.71     ---> CurDT: 20250629 17:55:57 <--- 
TTTTTTTTTTTTTTTTTTTTTTT-------------------timer: B1ID-AD-TD-h-71                                                         :  4.684      at: 2025062912 05:56:02
CCC: i-sbt-tctrk-tcdiag.py -S w.71     ---> CurDT: 20250629 17:56:02 <--- 
TTTTTTTTTTTTTTTTTTTTTTT-------------------timer: B1ID-AD-TD-w-71                                                         :  4.620      at: 2025062912 05:56:07
CCC: i-sbt-tctrk-tcdiag.py -S e.71     ---> CurDT: 20250629 17:56:07 <--- 
TTTTTTTTTTTTTTTTTTTTTTT-------------------timer: B1ID-AD-TD-e-71                                                         :  3.029      at: 2025062912 05:56:10
CCC: i-sbt-tctrk-tcdiag.py -S l.71     ---> CurDT: 20250629 17:56:10 <--- 
TTTTTTTTTTTTTTTTTTTTTTT-------------------timer: B1ID-AD-TD-l-71                                                         :  3.677      at: 2025062912 05:56:13
CCC: i-sbt-tctrk-tcdiag.py -S c.71     ---> CurDT: 20250629 17:56:13 <--- 
TTTTTTTTTTTTTTTTTTTTTTT-------------------timer: B1ID-AD-TD-c-71                                                         :  0.493      at: 2025062912 05:56:14
CCC: i-sbt-tctrk-tcdiag.py -S i.71     ---> CurDT: 20250629 17:56:14 <--- 
TTTTTTTTTTTTTTTTTTTTTTT-------------------timer: B1ID-AD-TD-i-71                                                         :  1.382      at: 2025062912 05:56:15
TTTTTTTTTTTTTTTTTTTTTTT-------------------timer: AD-TD-71                                                                : 17.986      at: 2025062912 05:56:15
CCC: i-sbt-tctrk-tcdiag.py -S h.72     ---> CurDT: 20250629 17:56:15 <--- 
TTTTTTTTTTTTTTTTTTTTTTT-------------------timer: B1ID-AD-TD-h-72                                                         :  5.145      at: 2025062912 05:56:20
CCC: i-sbt-tctrk-tcdiag.py -S w.72     ---> CurDT: 20250629 17:56:20 <--- 
TTTTTTTTTTTTTTTTTTTTTTT-------------------timer: B1ID-AD-TD-w-72                                                         :  5.862      at: 2025062912 05:56:26
CCC: i-sbt-tctrk-tcdiag.py -S e.72     ---> CurDT: 20250629 17:56:26 <--- 
TTTTTTTTTTTTTTTTTTTTTTT-------------------timer: B1ID-AD-TD-e-72                                                         :  2.336      at: 2025062912 05:56:29
CCC: i-sbt-tctrk-tcdiag.py -S l.72     ---> CurDT: 20250629 17:56:29 <--- 
TTTTTTTTTTTTTTTTTTTTTTT-------------------timer: B1ID-AD-TD-l-72                                                         :  2.513      at: 2025062912 05:56:31
CCC: i-sbt-tctrk-tcdiag.py -S c.72TTTTTTTTTTTTTTTTTTTTTTT-------------------timer: aDtD-stmopt-c.72                                                        :  0.299      at: 2025062912 05:56:32
TTTTTTTTTTTTTTTTTTTTTTT-------------------timer: anl-adtd-c.72                                                           :  0.101      at: 2025062912 05:56:32
AAADDD -- trackers ALLGOOD   for istmopt:  c.72
TTTDDD -- diag files ALLGOOD for istmopt:  c.72
TTTTTTTTTTTTTTTTTTTTTTT-------------------timer: aDtD-ALL-c.72                                                           :  0.499      at: 2025062912 05:56:32
TTTTTTTTTTTTTTTTTTTTTTT-------------------timer: aDtD-stmopt-i.72                                                        :  1.795      at: 2025062912 05:56:34
TTTTTTTTTTTTTTTTTTTTTTT-------------------timer: anl-adtd-i.72                                                           :  0.106      at: 2025062912 05:56:34
AAADDD -- trackers ALLGOOD   for istmopt:  i.72
TTTDDD -- diag files ALLGOOD for istmopt:  i.72
TTTTTTTTTTTTTTTTTTTTTTT-------------------timer: aDtD-ALL-i.72                                                           :  2.002      at: 2025062912 05:56:34
TTTTTTTTTTTTTTTTTTTTTTT-------------------timer: aDtD-stmopt-h.73                                                        :  6.852      at: 2025062912 05:56:41
TTTTTTTTTTTTTTTTTTTTTTT-------------------timer: anl-adtd-h.73                                                           :  0.119      at: 2025062912 05:56:41
AAADDD -- trackers ALLGOOD   for istmopt:  h.73
TTTDDD -- diag files ALLGOOD for istmopt:  h.73
TTTTTTTTTTTTTTTTTTTTTTT-------------------timer: aDtD-ALL-h.73                                                           :  7.071      at: 2025062912 05:56:41
TTTTTTTTTTTTTTTTTTTTTTT-------------------timer: aDtD-stmopt-w.73                                                        :  4.781      at: 2025062912 05:56:46
TTTTTTTTTTTTTTTTTTTTTTT-------------------timer: anl-adtd-w.73                                                           :  0.108      at: 2025062912 05:56:46
AAADDD -- trackers ALLGOOD   for istmopt:  w.73
TTTDDD -- diag files ALLGOOD for istmopt:  w.73
TTTTTTTTTTTTTTTTTTTTTTT-------------------timer: aDtD-ALL-w.73                                                           :  4.990      at: 2025062912 05:56:46
TTTTTTTTTTTTTTTTTTTTTTT-------------------timer: aDtD-stmopt-e.73                                                        :  2.000      at: 2025062912 05:56:48
TTTTTTTTTTTTTTTTTTTTTTT-------------------timer: anl-adtd-e.73                                                           :  0.105      at: 2025062912 05:56:49
AAADDD -- trackers ALLGOOD   for istmopt:  e.73
TTTDDD -- diag files ALLGOOD for istmopt:  e.73
TTTTTTTTTTTTTTTTTTTTTTT-------------------timer: aDtD-ALL-e.73                                                           :  2.205      at: 2025062912 05:56:49
TTTTTTTTTTTTTTTTTTTTTTT-------------------timer: aDtD-stmopt-l.73                                                        :  2.121      at: 2025062912 05:56:51
TTTTTTTTTTTTTTTTTTTTTTT-------------------timer: anl-adtd-l.73                                                           :  0.107      at: 2025062912 05:56:51
AAADDD -- trackers ALLGOOD   for istmopt:  l.73
TTTDDD -- diag files ALLGOOD for istmopt:  l.73
TTTTTTTTTTTTTTTTTTTTTTT-------------------timer: aDtD-ALL-l.73                                                           :  2.328      at: 2025062912 05:56:51
WWW-getMd2Years-- no storms for stmopt:  c.1973
WWW-setyears to em3year:  2024
TTTTTTTTTTTTTTTTTTTTTTT-------------------timer: aDtD-stmopt-c.73                                                        :  0.786      at: 2025062912 05:56:52
TTTTTTTTTTTTTTTTTTTTTTT-------------------timer: anl-adtd-c.73                                                           :  0.100      at: 2025062912 05:56:52
AAADDD -- trackers ALLGOOD   for istmopt:  c.73
TTTDDD -- diag files ALLGOOD for istmopt:  c.73
TTTTTTTTTTTTTTTTTTTTTTT-------------------timer: aDtD-ALL-c.73                                                           :  0.987      at: 2025062912 05:56:52
TTTTTTTTTTTTTTTTTTTTTTT-------------------timer: aDtD-stmopt-i.73                                                        :  1.877      at: 2025062912 05:56:54
TTTTTTTTTTTTTTTTTTTTTTT-------------------timer: anl-adtd-i.73                                                           :  0.105      at: 2025062912 05:56:54
AAADDD -- trackers ALLGOOD   for istmopt:  i.73
TTTDDD -- diag files ALLGOOD for istmopt:  i.73
TTTTTTTTTTTTTTTTTTTTTTT-------------------timer: aDtD-ALL-i.73                                                           :  2.082      at: 2025062912 05:56:55
TTTTTTTTTTTTTTTTTTTTTTT-------------------timer: aDtD-stmopt-h.74                                                        :  6.706      at: 2025062912 05:57:02
TTTTTTTTTTTTTTTTTTTTTTT-------------------timer: anl-adtd-h.74                                                           :  0.114      at: 2025062912 05:57:02
AAADDD -- trackers ALLGOOD   for istmopt:  h.74
TTTDDD -- diag files ALLGOOD for istmopt:  h.74
TTTTTTTTTTTTTTTTTTTTTTT-------------------timer: aDtD-ALL-h.74                                                           :  6.920      at: 2025062912 05:57:02
TTTTTTTTTTTTTTTTTTTTTTT-------------------timer: aDtD-stmopt-w.74                                                        :  8.495      at: 2025062912 05:57:10
TTTTTTTTTTTTTTTTTTTTTTT-------------------timer: anl-adtd-w.74                                                           :  0.124      at: 2025062912 05:57:11
AAADDD -- trackers ALLGOOD   for istmopt:  w.74
TTTDDD -- diag files ALLGOOD for istmopt:  w.74
TTTTTTTTTTTTTTTTTTTTTTT-------------------timer: aDtD-ALL-w.74                                                           :  8.719      at: 2025062912 05:57:11
TTTTTTTTTTTTTTTTTTTTTTT-------------------timer: aDtD-stmopt-e.74                                                        :  2.385      at: 2025062912 05:57:13
TTTTTTTTTTTTTTTTTTTTTTT-------------------timer: anl-adtd-e.74                                                           :  0.108      at: 2025062912 05:57:13
AAADDD -- trackers ALLGOOD   for istmopt:  e.74
TTTDDD -- diag files ALLGOOD for istmopt:  e.74
TTTTTTTTTTTTTTTTTTTTTTT-------------------timer: aDtD-ALL-e.74                                                           :  2.593      at: 2025062912 05:57:13
TTTTTTTTTTTTTTTTTTTTTTT-------------------timer: aDtD-stmopt-l.74                                                        :  2.538      at: 2025062912 05:57:16
TTTTTTTTTTTTTTTTTTTTTTT-------------------timer: anl-adtd-l.74                                                           :  0.107      at: 2025062912 05:57:16
AAADDD -- trackers ALLGOOD   for istmopt:  l.74
TTTDDD -- diag files ALLGOOD for istmopt:  l.74
TTTTTTTTTTTTTTTTTTTTTTT-------------------timer: aDtD-ALL-l.74                                                           :  2.745      at: 2025062912 05:57:16
TTTTTTTTTTTTTTTTTTTTTTT-------------------timer: aDtD-stmopt-c.74                                                        :  0.191      at: 2025062912 05:57:17
TTTTTTTTTTTTTTTTTTTTTTT-------------------timer: anl-adtd-c.74                                                           :  0.100      at: 2025062912 05:57:17
AAADDD -- trackers ALLGOOD   for istmopt:  c.74
TTTDDD -- diag files ALLGOOD for istmopt:  c.74
TTTTTTTTTTTTTTTTTTTTTTT-------------------timer: aDtD-ALL-c.74                                                           :  0.392      at: 2025062912 05:57:17
TTTTTTTTTTTTTTTTTTTTTTT-------------------timer: aDtD-stmopt-i.74                                                        :  1.167      at: 2025062912 05:57:18
TTTTTTTTTTTTTTTTTTTTTTT-------------------timer: anl-adtd-i.74                                                           :  0.103      at: 2025062912 05:57:18
AAADDD -- trackers ALLGOOD   for istmopt:  i.74
TTTDDD -- diag files ALLGOOD for istmopt:  i.74
TTTTTTTTTTTTTTTTTTTTTTT-------------------timer: aDtD-ALL-i.74                                                           :  1.370      at: 2025062912 05:57:18
TTTTTTTTTTTTTTTTTTTTTTT-------------------timer: aDtD-stmopt-h.75                                                        :  2.994      at: 2025062912 05:57:22
TTTTTTTTTTTTTTTTTTTTTTT-------------------timer: anl-adtd-h.75                                                           :  0.111      at: 2025062912 05:57:22
AAADDD -- trackers ALLGOOD   for istmopt:  h.75
TTTDDD -- diag files ALLGOOD for istmopt:  h.75
TTTTTTTTTTTTTTTTTTTTTTT-------------------timer: aDtD-ALL-h.75                                                           :  3.205      at: 2025062912 05:57:22
TTTTTTTTTTTTTTTTTTTTTTT-------------------timer: aDtD-stmopt-w.75                                                        :  4.873      at: 2025062912 05:57:27
TTTTTTTTTTTTTTTTTTTTTTT-------------------timer: anl-adtd-w.75                                                           :  0.109      at: 2025062912 05:57:27
AAADDD -- trackers ALLGOOD   for istmopt:  w.75
TTTDDD -- diag files ALLGOOD for istmopt:  w.75
TTTTTTTTTTTTTTTTTTTTTTT-------------------timer: aDtD-ALL-w.75                                                           :  5.083      at: 2025062912 05:57:27
     ---> CurDT: 20250629 17:56:31 <--- 
TTTTTTTTTTTTTTTTTTTTTTT-------------------timer: B1ID-AD-TD-c-72                                                         :  0.672      at: 2025062912 05:56:32
CCC: i-sbt-tctrk-tcdiag.py -S i.72     ---> CurDT: 20250629 17:56:32 <--- 
TTTTTTTTTTTTTTTTTTTTTTT-------------------timer: B1ID-AD-TD-i-72                                                         :  2.151      at: 2025062912 05:56:34
TTTTTTTTTTTTTTTTTTTTTTT-------------------timer: AD-TD-72                                                                : 18.781      at: 2025062912 05:56:34
CCC: i-sbt-tctrk-tcdiag.py -S h.73     ---> CurDT: 20250629 17:56:34 <--- 
TTTTTTTTTTTTTTTTTTTTTTT-------------------timer: B1ID-AD-TD-h-73                                                         :  7.225      at: 2025062912 05:56:41
CCC: i-sbt-tctrk-tcdiag.py -S w.73     ---> CurDT: 20250629 17:56:41 <--- 
TTTTTTTTTTTTTTTTTTTTTTT-------------------timer: B1ID-AD-TD-w-73                                                         :  5.144      at: 2025062912 05:56:46
CCC: i-sbt-tctrk-tcdiag.py -S e.73     ---> CurDT: 20250629 17:56:46 <--- 
TTTTTTTTTTTTTTTTTTTTTTT-------------------timer: B1ID-AD-TD-e-73                                                         :  2.379      at: 2025062912 05:56:49
CCC: i-sbt-tctrk-tcdiag.py -S l.73     ---> CurDT: 20250629 17:56:49 <--- 
TTTTTTTTTTTTTTTTTTTTTTT-------------------timer: B1ID-AD-TD-l-73                                                         :  2.475      at: 2025062912 05:56:51
CCC: i-sbt-tctrk-tcdiag.py -S c.73     ---> CurDT: 20250629 17:56:51 <--- 
TTTTTTTTTTTTTTTTTTTTTTT-------------------timer: B1ID-AD-TD-c-73                                                         :  1.161      at: 2025062912 05:56:52
CCC: i-sbt-tctrk-tcdiag.py -S i.73     ---> CurDT: 20250629 17:56:52 <--- 
TTTTTTTTTTTTTTTTTTTTTTT-------------------timer: B1ID-AD-TD-i-73                                                         :  2.236      at: 2025062912 05:56:55
TTTTTTTTTTTTTTTTTTTTTTT-------------------timer: AD-TD-73                                                                : 20.721      at: 2025062912 05:56:55
CCC: i-sbt-tctrk-tcdiag.py -S h.74     ---> CurDT: 20250629 17:56:55 <--- 
TTTTTTTTTTTTTTTTTTTTTTT-------------------timer: B1ID-AD-TD-h-74                                                         :  7.078      at: 2025062912 05:57:02
CCC: i-sbt-tctrk-tcdiag.py -S w.74     ---> CurDT: 20250629 17:57:02 <--- 
TTTTTTTTTTTTTTTTTTTTTTT-------------------timer: B1ID-AD-TD-w-74                                                         :  8.875      at: 2025062912 05:57:11
CCC: i-sbt-tctrk-tcdiag.py -S e.74     ---> CurDT: 20250629 17:57:11 <--- 
TTTTTTTTTTTTTTTTTTTTTTT-------------------timer: B1ID-AD-TD-e-74                                                         :  2.754      at: 2025062912 05:57:14
CCC: i-sbt-tctrk-tcdiag.py -S l.74     ---> CurDT: 20250629 17:57:14 <--- 
TTTTTTTTTTTTTTTTTTTTTTT-------------------timer: B1ID-AD-TD-l-74                                                         :  2.917      at: 2025062912 05:57:16
CCC: i-sbt-tctrk-tcdiag.py -S c.74     ---> CurDT: 20250629 17:57:16 <--- 
TTTTTTTTTTTTTTTTTTTTTTT-------------------timer: B1ID-AD-TD-c-74                                                         :  0.565      at: 2025062912 05:57:17
CCC: i-sbt-tctrk-tcdiag.py -S i.74     ---> CurDT: 20250629 17:57:17 <--- 
TTTTTTTTTTTTTTTTTTTTTTT-------------------timer: B1ID-AD-TD-i-74                                                         :  1.528      at: 2025062912 05:57:19
TTTTTTTTTTTTTTTTTTTTTTT-------------------timer: AD-TD-74                                                                : 23.819      at: 2025062912 05:57:19
CCC: i-sbt-tctrk-tcdiag.py -S h.75     ---> CurDT: 20250629 17:57:19 <--- 
TTTTTTTTTTTTTTTTTTTTTTT-------------------timer: B1ID-AD-TD-h-75                                                         :  3.362      at: 2025062912 05:57:22
CCC: i-sbt-tctrk-tcdiag.py -S w.75     ---> CurDT: 20250629 17:57:22 <--- 
TTTTTTTTTTTTTTTTTTTTTTT-------------------timer: B1ID-AD-TD-w-75    TTTTTTTTTTTTTTTTTTTTTTT-------------------timer: aDtD-stmopt-e.75                                                        :  2.393      at: 2025062912 05:57:30
TTTTTTTTTTTTTTTTTTTTTTT-------------------timer: anl-adtd-e.75                                                           :  0.107      at: 2025062912 05:57:30
AAADDD -- trackers ALLGOOD   for istmopt:  e.75
TTTDDD -- diag files ALLGOOD for istmopt:  e.75
TTTTTTTTTTTTTTTTTTTTTTT-------------------timer: aDtD-ALL-e.75                                                           :  2.600      at: 2025062912 05:57:30
TTTTTTTTTTTTTTTTTTTTTTT-------------------timer: aDtD-stmopt-l.75                                                        :  3.076      at: 2025062912 05:57:33
TTTTTTTTTTTTTTTTTTTTTTT-------------------timer: anl-adtd-l.75                                                           :  0.110      at: 2025062912 05:57:33
AAADDD -- trackers ALLGOOD   for istmopt:  l.75
TTTDDD -- diag files ALLGOOD for istmopt:  l.75
TTTTTTTTTTTTTTTTTTTTTTT-------------------timer: aDtD-ALL-l.75                                                           :  3.286      at: 2025062912 05:57:33
TTTTTTTTTTTTTTTTTTTTTTT-------------------timer: aDtD-stmopt-c.75                                                        :  0.218      at: 2025062912 05:57:34
TTTTTTTTTTTTTTTTTTTTTTT-------------------timer: anl-adtd-c.75                                                           :  0.100      at: 2025062912 05:57:34
AAADDD -- trackers ALLGOOD   for istmopt:  c.75
TTTDDD -- diag files ALLGOOD for istmopt:  c.75
TTTTTTTTTTTTTTTTTTTTTTT-------------------timer: aDtD-ALL-c.75                                                           :  0.419      at: 2025062912 05:57:34
TTTTTTTTTTTTTTTTTTTTTTT-------------------timer: aDtD-stmopt-i.75                                                        :  2.424      at: 2025062912 05:57:37
TTTTTTTTTTTTTTTTTTTTTTT-------------------timer: anl-adtd-i.75                                                           :  0.106      at: 2025062912 05:57:37
AAADDD -- trackers ALLGOOD   for istmopt:  i.75
TTTDDD -- diag files ALLGOOD for istmopt:  i.75
TTTTTTTTTTTTTTTTTTTTTTT-------------------timer: aDtD-ALL-i.75                                                           :  2.631      at: 2025062912 05:57:37
TTTTTTTTTTTTTTTTTTTTTTT-------------------timer: aDtD-stmopt-h.76                                                        :  5.548      at: 2025062912 05:57:43
TTTTTTTTTTTTTTTTTTTTTTT-------------------timer: anl-adtd-h.76                                                           :  0.114      at: 2025062912 05:57:43
AAADDD -- trackers ALLGOOD   for istmopt:  h.76
TTTDDD -- diag files ALLGOOD for istmopt:  h.76
TTTTTTTTTTTTTTTTTTTTTTT-------------------timer: aDtD-ALL-h.76                                                           :  5.763      at: 2025062912 05:57:43
TTTTTTTTTTTTTTTTTTTTTTT-------------------timer: aDtD-stmopt-w.76                                                        :  6.759      at: 2025062912 05:57:50
TTTTTTTTTTTTTTTTTTTTTTT-------------------timer: anl-adtd-w.76                                                           :  0.112      at: 2025062912 05:57:50
AAADDD -- trackers ALLGOOD   for istmopt:  w.76
TTTDDD -- diag files ALLGOOD for istmopt:  w.76
TTTTTTTTTTTTTTTTTTTTTTT-------------------timer: aDtD-ALL-w.76                                                           :  6.972      at: 2025062912 05:57:50
TTTTTTTTTTTTTTTTTTTTTTT-------------------timer: aDtD-stmopt-e.76                                                        :  2.903      at: 2025062912 05:57:53
TTTTTTTTTTTTTTTTTTTTTTT-------------------timer: anl-adtd-e.76                                                           :  0.106      at: 2025062912 05:57:53
AAADDD -- trackers ALLGOOD   for istmopt:  e.76
TTTDDD -- diag files ALLGOOD for istmopt:  e.76
TTTTTTTTTTTTTTTTTTTTTTT-------------------timer: aDtD-ALL-e.76                                                           :  3.110      at: 2025062912 05:57:53
TTTTTTTTTTTTTTTTTTTTTTT-------------------timer: aDtD-stmopt-l.76                                                        :  2.832      at: 2025062912 05:57:56
TTTTTTTTTTTTTTTTTTTTTTT-------------------timer: anl-adtd-l.76                                                           :  0.108      at: 2025062912 05:57:56
AAADDD -- trackers ALLGOOD   for istmopt:  l.76
TTTDDD -- diag files ALLGOOD for istmopt:  l.76
TTTTTTTTTTTTTTTTTTTTTTT-------------------timer: aDtD-ALL-l.76                                                           :  3.040      at: 2025062912 05:57:56
TTTTTTTTTTTTTTTTTTTTTTT-------------------timer: aDtD-stmopt-c.76                                                        :  0.281      at: 2025062912 05:57:57
TTTTTTTTTTTTTTTTTTTTTTT-------------------timer: anl-adtd-c.76                                                           :  0.101      at: 2025062912 05:57:57
AAADDD -- trackers ALLGOOD   for istmopt:  c.76
TTTDDD -- diag files ALLGOOD for istmopt:  c.76
TTTTTTTTTTTTTTTTTTTTTTT-------------------timer: aDtD-ALL-c.76                                                           :  0.482      at: 2025062912 05:57:57
TTTTTTTTTTTTTTTTTTTTTTT-------------------timer: aDtD-stmopt-i.76                                                        :  2.552      at: 2025062912 05:58:00
TTTTTTTTTTTTTTTTTTTTTTT-------------------timer: anl-adtd-i.76                                                           :  0.106      at: 2025062912 05:58:00
AAADDD -- trackers ALLGOOD   for istmopt:  i.76
TTTDDD -- diag files ALLGOOD for istmopt:  i.76
TTTTTTTTTTTTTTTTTTTTTTT-------------------timer: aDtD-ALL-i.76                                                           :  2.758      at: 2025062912 05:58:00
TTTTTTTTTTTTTTTTTTTTTTT-------------------timer: aDtD-stmopt-h.77                                                        :  5.051      at: 2025062912 05:58:05
TTTTTTTTTTTTTTTTTTTTTTT-------------------timer: anl-adtd-h.77                                                           :  0.110      at: 2025062912 05:58:05
AAADDD -- trackers ALLGOOD   for istmopt:  h.77
TTTDDD -- diag files ALLGOOD for istmopt:  h.77
TTTTTTTTTTTTTTTTTTTTTTT-------------------timer: aDtD-ALL-h.77                                                           :  5.261      at: 2025062912 05:58:05
TTTTTTTTTTTTTTTTTTTTTTT-------------------timer: aDtD-stmopt-w.77                                                        :  1.254      at: 2025062912 05:58:07
TTTTTTTTTTTTTTTTTTTTTTT-------------------timer: anl-adtd-w.77                                                           :  0.113      at: 2025062912 05:58:07
AAADDD -- trackers ALLGOOD   for istmopt:  w.77
TTTDDD redo Nruns: 272
TTTTTTTTTTTTTTTTTTTTTTT-------------------timer: aDtD-ALL-w.77                                                           :  1.468      at: 2025062912 05:58:07
TTTTTTTTTTTTTTTTTTTTTTT-------------------timer: aDtD-stmopt-e.77                                                        :  0.291      at: 2025062912 05:58:07
TTTTTTTTTTTTTTTTTTTTTTT-------------------timer: anl-adtd-e.77                                                           :  0.101      at: 2025062912 05:58:08
AAADDD -- trackers ALLGOOD   for istmopt:  e.77
TTTDDD redo Nruns: 91
TTTTTTTTTTTTTTTTTTTTTTT-------------------timer: aDtD-ALL-e.77                                                           :  0.493      at: 2025062912 05:58:08
TTTTTTTTTTTTTTTTTTTTTTT-------------------timer: aDtD-stmopt-l.77                                                        :  0.246      at: 2025062912 05:58:08
TTTTTTTTTTTTTTTTTTTTTTT-------------------timer: anl-adtd-l.77                                                           :  0.103      at: 2025062912 05:58:08
AAADDD -- trackers ALLGOOD   for istmopt:  l.77
TTTDDD redo Nruns: 119
TTTTTTTTTTTTTTTTTTTTTTT-------------------timer: aDtD-ALL-l.77                                                           :  0.449      at: 2025062912 05:58:08
WWW-getMd2Years-- no storms for stmopt:  c.1977
WWW-setyears to em3year:  2024
TTTTTTTTTTTTTTTTTTTTTTT-------------------timer: aDtD-stmopt-c.77                                                        :  0.340      at: 2025062912 05:58:09
TTTTTTTTTTTTTTTTTTTTTTT-------------------timer: anl-adtd-c.77                                                           :  0.100      at: 2025062912 05:58:09
AAADDD -- trackers ALLGOOD   for istmopt:  c.77
TTTDDD -- diag files ALLGOOD for istmopt:  c.77
TTTTTTTTTTTTTTTTTTTTTTT-------------------timer: aDtD-ALL-c.77                                                           :  0.541      at: 2025062912 05:58:09
TTTTTTTTTTTTTTTTTTTTTTT-------------------timer: aDtD-stmopt-i.77                                                        :  0.811      at: 2025062912 05:58:10
TTTTTTTTTTTTTTTTTTTTTTT-------------------timer: anl-adtd-i.77                                                           :  0.102      at: 2025062912 05:58:10
AAADDD -- trackers ALLGOOD   for istmopt:  i.77
TTTDDD redo Nruns: 16
TTTTTTTTTTTTTTTTTTTTTTT-------------------timer: aDtD-ALL-i.77                                                           :  1.013      at: 2025062912 05:58:10
                                                     :  5.240      at: 2025062912 05:57:27
CCC: i-sbt-tctrk-tcdiag.py -S e.75     ---> CurDT: 20250629 17:57:27 <--- 
TTTTTTTTTTTTTTTTTTTTTTT-------------------timer: B1ID-AD-TD-e-75                                                         :  2.771      at: 2025062912 05:57:30
CCC: i-sbt-tctrk-tcdiag.py -S l.75     ---> CurDT: 20250629 17:57:30 <--- 
TTTTTTTTTTTTTTTTTTTTTTT-------------------timer: B1ID-AD-TD-l-75                                                         :  3.457      at: 2025062912 05:57:33
CCC: i-sbt-tctrk-tcdiag.py -S c.75     ---> CurDT: 20250629 17:57:33 <--- 
TTTTTTTTTTTTTTTTTTTTTTT-------------------timer: B1ID-AD-TD-c-75                                                         :  0.584      at: 2025062912 05:57:34
CCC: i-sbt-tctrk-tcdiag.py -S i.75     ---> CurDT: 20250629 17:57:34 <--- 
TTTTTTTTTTTTTTTTTTTTTTT-------------------timer: B1ID-AD-TD-i-75                                                         :  2.795      at: 2025062912 05:57:37
TTTTTTTTTTTTTTTTTTTTTTT-------------------timer: AD-TD-75                                                                : 18.309      at: 2025062912 05:57:37
CCC: i-sbt-tctrk-tcdiag.py -S h.76     ---> CurDT: 20250629 17:57:37 <--- 
TTTTTTTTTTTTTTTTTTTTTTT-------------------timer: B1ID-AD-TD-h-76                                                         :  5.912      at: 2025062912 05:57:43
CCC: i-sbt-tctrk-tcdiag.py -S w.76     ---> CurDT: 20250629 17:57:43 <--- 
TTTTTTTTTTTTTTTTTTTTTTT-------------------timer: B1ID-AD-TD-w-76                                                         :  7.126      at: 2025062912 05:57:50
CCC: i-sbt-tctrk-tcdiag.py -S e.76     ---> CurDT: 20250629 17:57:50 <--- 
TTTTTTTTTTTTTTTTTTTTTTT-------------------timer: B1ID-AD-TD-e-76                                                         :  3.267      at: 2025062912 05:57:53
CCC: i-sbt-tctrk-tcdiag.py -S l.76     ---> CurDT: 20250629 17:57:53 <--- 
TTTTTTTTTTTTTTTTTTTTTTT-------------------timer: B1ID-AD-TD-l-76                                                         :  3.187      at: 2025062912 05:57:56
CCC: i-sbt-tctrk-tcdiag.py -S c.76     ---> CurDT: 20250629 17:57:56 <--- 
TTTTTTTTTTTTTTTTTTTTTTT-------------------timer: B1ID-AD-TD-c-76                                                         :  0.641      at: 2025062912 05:57:57
CCC: i-sbt-tctrk-tcdiag.py -S i.76     ---> CurDT: 20250629 17:57:57 <--- 
TTTTTTTTTTTTTTTTTTTTTTT-------------------timer: B1ID-AD-TD-i-76                                                         :  2.932      at: 2025062912 05:58:00
TTTTTTTTTTTTTTTTTTTTTTT-------------------timer: AD-TD-76                                                                : 23.165      at: 2025062912 05:58:00
CCC: i-sbt-tctrk-tcdiag.py -S h.77     ---> CurDT: 20250629 17:58:00 <--- 
TTTTTTTTTTTTTTTTTTTTTTT-------------------timer: B1ID-AD-TD-h-77                                                         :  5.422      at: 2025062912 05:58:06
CCC: i-sbt-tctrk-tcdiag.py -S w.77     ---> CurDT: 20250629 17:58:06 <--- 
TTTTTTTTTTTTTTTTTTTTTTT-------------------timer: B1ID-AD-TD-w-77                                                         :  1.634      at: 2025062912 05:58:07
CCC: i-sbt-tctrk-tcdiag.py -S e.77     ---> CurDT: 20250629 17:58:07 <--- 
TTTTTTTTTTTTTTTTTTTTTTT-------------------timer: B1ID-AD-TD-e-77                                                         :  0.650      at: 2025062912 05:58:08
CCC: i-sbt-tctrk-tcdiag.py -S l.77     ---> CurDT: 20250629 17:58:08 <--- 
TTTTTTTTTTTTTTTTTTTTTTT-------------------timer: B1ID-AD-TD-l-77                                                         :  0.601      at: 2025062912 05:58:08
CCC: i-sbt-tctrk-tcdiag.py -S c.77     ---> CurDT: 20250629 17:58:08 <--- 
TTTTTTTTTTTTTTTTTTTTTTT-------------------timer: B1ID-AD-TD-c-77                                                         :  0.702      at: 2025062912 05:58:09
CCC: i-sbt-tctrk-tcdiag.py -S i.77     ---> CurDT: 20250629 17:58:09 <--- 
TTTTTTTTTTTTTTTTTTTTTTT-------------------timer: B1ID-AD-TD-i-77                                      TTTTTTTTTTTTTTTTTTTTTTT-------------------timer: aDtD-stmopt-h.78                                                        :  5.093      at: 2025062912 05:58:16
TTTTTTTTTTTTTTTTTTTTTTT-------------------timer: anl-adtd-h.78                                                           :  0.113      at: 2025062912 05:58:16
AAADDD -- trackers ALLGOOD   for istmopt:  h.78
TTTDDD redo Nruns: 122
TTTTTTTTTTTTTTTTTTTTTTT-------------------timer: aDtD-ALL-h.78                                                           :  5.306      at: 2025062912 05:58:16
TTTTTTTTTTTTTTTTTTTTTTT-------------------timer: aDtD-stmopt-w.78                                                        :  5.196      at: 2025062912 05:58:21
TTTTTTTTTTTTTTTTTTTTTTT-------------------timer: anl-adtd-w.78                                                           :  0.110      at: 2025062912 05:58:21
AAADDD -- trackers ALLGOOD   for istmopt:  w.78
TTTDDD -- diag files ALLGOOD for istmopt:  w.78
TTTTTTTTTTTTTTTTTTTTTTT-------------------timer: aDtD-ALL-w.78                                                           :  5.407      at: 2025062912 05:58:21
TTTTTTTTTTTTTTTTTTTTTTT-------------------timer: aDtD-stmopt-e.78                                                        :  3.580      at: 2025062912 05:58:25
TTTTTTTTTTTTTTTTTTTTTTT-------------------timer: anl-adtd-e.78                                                           :  0.112      at: 2025062912 05:58:25
AAADDD -- trackers ALLGOOD   for istmopt:  e.78
TTTDDD -- diag files ALLGOOD for istmopt:  e.78
TTTTTTTTTTTTTTTTTTTTTTT-------------------timer: aDtD-ALL-e.78                                                           :  3.793      at: 2025062912 05:58:25
TTTTTTTTTTTTTTTTTTTTTTT-------------------timer: aDtD-stmopt-l.78                                                        :  2.911      at: 2025062912 05:58:28
TTTTTTTTTTTTTTTTTTTTTTT-------------------timer: anl-adtd-l.78                                                           :  0.113      at: 2025062912 05:58:28
AAADDD -- trackers ALLGOOD   for istmopt:  l.78
TTTDDD -- diag files ALLGOOD for istmopt:  l.78
TTTTTTTTTTTTTTTTTTTTTTT-------------------timer: aDtD-ALL-l.78                                                           :  3.124      at: 2025062912 05:58:29
TTTTTTTTTTTTTTTTTTTTTTT-------------------timer: aDtD-stmopt-c.78                                                        :  0.224      at: 2025062912 05:58:29
TTTTTTTTTTTTTTTTTTTTTTT-------------------timer: anl-adtd-c.78                                                           :  0.100      at: 2025062912 05:58:29
AAADDD -- trackers ALLGOOD   for istmopt:  c.78
TTTDDD -- diag files ALLGOOD for istmopt:  c.78
TTTTTTTTTTTTTTTTTTTTTTT-------------------timer: aDtD-ALL-c.78                                                           :  0.424      at: 2025062912 05:58:29
TTTTTTTTTTTTTTTTTTTTTTT-------------------timer: aDtD-stmopt-i.78                                                        :  0.875      at: 2025062912 05:58:30
TTTTTTTTTTTTTTTTTTTTTTT-------------------timer: anl-adtd-i.78                                                           :  0.101      at: 2025062912 05:58:30
AAADDD -- trackers ALLGOOD   for istmopt:  i.78
TTTDDD -- diag files ALLGOOD for istmopt:  i.78
TTTTTTTTTTTTTTTTTTTTTTT-------------------timer: aDtD-ALL-i.78                                                           :  1.076      at: 2025062912 05:58:30
TTTTTTTTTTTTTTTTTTTTTTT-------------------timer: aDtD-stmopt-h.79                                                        :  6.451      at: 2025062912 05:58:37
TTTTTTTTTTTTTTTTTTTTTTT-------------------timer: anl-adtd-h.79                                                           :  0.111      at: 2025062912 05:58:37
AAADDD -- trackers ALLGOOD   for istmopt:  h.79
TTTDDD -- diag files ALLGOOD for istmopt:  h.79
TTTTTTTTTTTTTTTTTTTTTTT-------------------timer: aDtD-ALL-h.79                                                           :  6.662      at: 2025062912 05:58:37
TTTTTTTTTTTTTTTTTTTTTTT-------------------timer: aDtD-stmopt-w.79                                                        :  6.492      at: 2025062912 05:58:44
TTTTTTTTTTTTTTTTTTTTTTT-------------------timer: anl-adtd-w.79                                                           :  0.121      at: 2025062912 05:58:44
AAADDD -- trackers ALLGOOD   for istmopt:  w.79
TTTDDD -- diag files ALLGOOD for istmopt:  w.79
TTTTTTTTTTTTTTTTTTTTTTT-------------------timer: aDtD-ALL-w.79                                                           :  6.713      at: 2025062912 05:58:44
TTTTTTTTTTTTTTTTTTTTTTT-------------------timer: aDtD-stmopt-e.79                                                        :  1.346      at: 2025062912 05:58:46
TTTTTTTTTTTTTTTTTTTTTTT-------------------timer: anl-adtd-e.79                                                           :  0.103      at: 2025062912 05:58:46
AAADDD -- trackers ALLGOOD   for istmopt:  e.79
TTTDDD -- diag files ALLGOOD for istmopt:  e.79
TTTTTTTTTTTTTTTTTTTTTTT-------------------timer: aDtD-ALL-e.79                                                           :  1.549      at: 2025062912 05:58:46
TTTTTTTTTTTTTTTTTTTTTTT-------------------timer: aDtD-stmopt-l.79                                                        :  3.836      at: 2025062912 05:58:50
TTTTTTTTTTTTTTTTTTTTTTT-------------------timer: anl-adtd-l.79                                                           :  0.106      at: 2025062912 05:58:50
AAADDD -- trackers ALLGOOD   for istmopt:  l.79
TTTDDD -- diag files ALLGOOD for istmopt:  l.79
TTTTTTTTTTTTTTTTTTTTTTT-------------------timer: aDtD-ALL-l.79                                                           :  4.043      at: 2025062912 05:58:50
WWW-getMd2Years-- no storms for stmopt:  c.1979
WWW-setyears to em3year:  2024
TTTTTTTTTTTTTTTTTTTTTTT-------------------timer: aDtD-stmopt-c.79                                                        :  0.323      at: 2025062912 05:58:51
TTTTTTTTTTTTTTTTTTTTTTT-------------------timer: anl-adtd-c.79                                                           :  0.100      at: 2025062912 05:58:51
AAADDD -- trackers ALLGOOD   for istmopt:  c.79
TTTDDD -- diag files ALLGOOD for istmopt:  c.79
TTTTTTTTTTTTTTTTTTTTTTT-------------------timer: aDtD-ALL-c.79                                                           :  0.524      at: 2025062912 05:58:51
TTTTTTTTTTTTTTTTTTTTTTT-------------------timer: aDtD-stmopt-i.79                                                        :  1.454      at: 2025062912 05:58:52
TTTTTTTTTTTTTTTTTTTTTTT-------------------timer: anl-adtd-i.79                                                           :  0.102      at: 2025062912 05:58:52
AAADDD -- trackers ALLGOOD   for istmopt:  i.79
TTTDDD -- diag files ALLGOOD for istmopt:  i.79
TTTTTTTTTTTTTTTTTTTTTTT-------------------timer: aDtD-ALL-i.79                                                           :  1.657      at: 2025062912 05:58:53
                   :  1.163      at: 2025062912 05:58:10
TTTTTTTTTTTTTTTTTTTTTTT-------------------timer: AD-TD-77                                                                : 10.272      at: 2025062912 05:58:10
CCC: i-sbt-tctrk-tcdiag.py -S h.78     ---> CurDT: 20250629 17:58:10 <--- 
TTTTTTTTTTTTTTTTTTTTTTT-------------------timer: B1ID-AD-TD-h-78                                                         :  5.472      at: 2025062912 05:58:16
CCC: i-sbt-tctrk-tcdiag.py -S w.78     ---> CurDT: 20250629 17:58:16 <--- 
TTTTTTTTTTTTTTTTTTTTTTT-------------------timer: B1ID-AD-TD-w-78                                                         :  5.558      at: 2025062912 05:58:21
CCC: i-sbt-tctrk-tcdiag.py -S e.78     ---> CurDT: 20250629 17:58:21 <--- 
TTTTTTTTTTTTTTTTTTTTTTT-------------------timer: B1ID-AD-TD-e-78                                                         :  3.960      at: 2025062912 05:58:25
CCC: i-sbt-tctrk-tcdiag.py -S l.78     ---> CurDT: 20250629 17:58:25 <--- 
TTTTTTTTTTTTTTTTTTTTTTT-------------------timer: B1ID-AD-TD-l-78                                                         :  3.284      at: 2025062912 05:58:29
CCC: i-sbt-tctrk-tcdiag.py -S c.78     ---> CurDT: 20250629 17:58:29 <--- 
TTTTTTTTTTTTTTTTTTTTTTT-------------------timer: B1ID-AD-TD-c-78                                                         :  0.581      at: 2025062912 05:58:29
CCC: i-sbt-tctrk-tcdiag.py -S i.78     ---> CurDT: 20250629 17:58:29 <--- 
TTTTTTTTTTTTTTTTTTTTTTT-------------------timer: B1ID-AD-TD-i-78                                                         :  1.223      at: 2025062912 05:58:30
TTTTTTTTTTTTTTTTTTTTTTT-------------------timer: AD-TD-78                                                                : 20.179      at: 2025062912 05:58:31
CCC: i-sbt-tctrk-tcdiag.py -S h.79     ---> CurDT: 20250629 17:58:31 <--- 
TTTTTTTTTTTTTTTTTTTTTTT-------------------timer: B1ID-AD-TD-h-79                                                         :  6.816      at: 2025062912 05:58:37
CCC: i-sbt-tctrk-tcdiag.py -S w.79     ---> CurDT: 20250629 17:58:37 <--- 
TTTTTTTTTTTTTTTTTTTTTTT-------------------timer: B1ID-AD-TD-w-79                                                         :  6.862      at: 2025062912 05:58:44
CCC: i-sbt-tctrk-tcdiag.py -S e.79     ---> CurDT: 20250629 17:58:44 <--- 
TTTTTTTTTTTTTTTTTTTTTTT-------------------timer: B1ID-AD-TD-e-79                                                         :  1.723      at: 2025062912 05:58:46
CCC: i-sbt-tctrk-tcdiag.py -S l.79     ---> CurDT: 20250629 17:58:46 <--- 
TTTTTTTTTTTTTTTTTTTTTTT-------------------timer: B1ID-AD-TD-l-79                                                         :  4.204      at: 2025062912 05:58:50
CCC: i-sbt-tctrk-tcdiag.py -S c.79     ---> CurDT: 20250629 17:58:50 <--- 
TTTTTTTTTTTTTTTTTTTTTTT-------------------timer: B1ID-AD-TD-c-79                                                         :  0.671      at: 2025062912 05:58:51
CCC: i-sbt-tctrk-tcdiag.py -S i.79     ---> CurDT: 20250629 17:58:51 <--- 
TTTTTTTTTTTTTTTTTTTTTTT-------------------timer: B1ID-AD-TD-i-79                                                         :  1.806      at: 2025062912 05:58:53
TTTTTTTTTTTTTTTTTTTTTTT-------------------timer: AD-TD-79                                                                : 22.183      at: 2025062912 05:58:53
TTTTTTTTTTTTTTTTTTTTTTT-------------------timer: AALLLL-AD-TD-70-79                                                      : 191.885      at: 2025062912 05:58:53
