TTTTTTTTTTTTTTTTTTTTTTT-------------------timer: aDtD-stmopt-h.80                                                        :  5.822      at: 2025062912 05:31:53
TTTTTTTTTTTTTTTTTTTTTTT-------------------timer: anl-adtd-h.80                                                           :  0.111      at: 2025062912 05:31:53
AAADDD -- trackers ALLGOOD   for istmopt:  h.80
TTTDDD -- diag files ALLGOOD for istmopt:  h.80
TTTTTTTTTTTTTTTTTTTTTTT-------------------timer: aDtD-ALL-h.80                                                           :  6.033      at: 2025062912 05:31:53
TTTTTTTTTTTTTTTTTTTTTTT-------------------timer: aDtD-stmopt-w.80                                                        :  5.400      at: 2025062912 05:31:59
TTTTTTTTTTTTTTTTTTTTTTT-------------------timer: anl-adtd-w.80                                                           :  0.111      at: 2025062912 05:31:59
AAADDD -- trackers ALLGOOD   for istmopt:  w.80
TTTDDD -- diag files ALLGOOD for istmopt:  w.80
TTTTTTTTTTTTTTTTTTTTTTT-------------------timer: aDtD-ALL-w.80                                                           :  5.611      at: 2025062912 05:31:59
TTTTTTTTTTTTTTTTTTTTTTT-------------------timer: aDtD-stmopt-e.80                                                        :  1.836      at: 2025062912 05:32:01
TTTTTTTTTTTTTTTTTTTTTTT-------------------timer: anl-adtd-e.80                                                           :  0.105      at: 2025062912 05:32:01
AAADDD -- trackers ALLGOOD   for istmopt:  e.80
TTTDDD -- diag files ALLGOOD for istmopt:  e.80
TTTTTTTTTTTTTTTTTTTTTTT-------------------timer: aDtD-ALL-e.80                                                           :  2.041      at: 2025062912 05:32:01
TTTTTTTTTTTTTTTTTTTTTTT-------------------timer: aDtD-stmopt-l.80                                                        :  2.916      at: 2025062912 05:32:04
TTTTTTTTTTTTTTTTTTTTTTT-------------------timer: anl-adtd-l.80                                                           :  0.107      at: 2025062912 05:32:04
AAADDD -- trackers ALLGOOD   for istmopt:  l.80
TTTDDD -- diag files ALLGOOD for istmopt:  l.80
TTTTTTTTTTTTTTTTTTTTTTT-------------------timer: aDtD-ALL-l.80                                                           :  3.123      at: 2025062912 05:32:05
WWW-getMd2Years-- no storms for stmopt:  c.1980
WWW-setyears to em3year:  2024
TTTTTTTTTTTTTTTTTTTTTTT-------------------timer: aDtD-stmopt-c.80                                                        :  0.305      at: 2025062912 05:32:05
TTTTTTTTTTTTTTTTTTTTTTT-------------------timer: anl-adtd-c.80                                                           :  0.100      at: 2025062912 05:32:05
AAADDD -- trackers ALLGOOD   for istmopt:  c.80
TTTDDD -- diag files ALLGOOD for istmopt:  c.80
TTTTTTTTTTTTTTTTTTTTTTT-------------------timer: aDtD-ALL-c.80                                                           :  0.506      at: 2025062912 05:32:05
TTTTTTTTTTTTTTTTTTTTTTT-------------------timer: aDtD-stmopt-i.80                                                        :  0.640      at: 2025062912 05:32:06
TTTTTTTTTTTTTTTTTTTTTTT-------------------timer: anl-adtd-i.80                                                           :  0.101      at: 2025062912 05:32:06
AAADDD -- trackers ALLGOOD   for istmopt:  i.80
TTTDDD -- diag files ALLGOOD for istmopt:  i.80
TTTTTTTTTTTTTTTTTTTTTTT-------------------timer: aDtD-ALL-i.80                                                           :  0.841      at: 2025062912 05:32:06
TTTTTTTTTTTTTTTTTTTTTTT-------------------timer: aDtD-stmopt-h.81                                                        :  5.018      at: 2025062912 05:32:11
TTTTTTTTTTTTTTTTTTTTTTT-------------------timer: anl-adtd-h.81                                                           :  0.114      at: 2025062912 05:32:12
AAADDD -- trackers ALLGOOD   for istmopt:  h.81
TTTDDD -- diag files ALLGOOD for istmopt:  h.81
TTTTTTTTTTTTTTTTTTTTTTT-------------------timer: aDtD-ALL-h.81                                                           :  5.232      at: 2025062912 05:32:12
TTTTTTTTTTTTTTTTTTTTTTT-------------------timer: aDtD-stmopt-w.81                                                        :  4.671      at: 2025062912 05:32:16
TTTTTTTTTTTTTTTTTTTTTTT-------------------timer: anl-adtd-w.81                                                           :  0.121      at: 2025062912 05:32:17
AAADDD -- trackers ALLGOOD   for istmopt:  w.81
TTTDDD -- diag files ALLGOOD for istmopt:  w.81
TTTTTTTTTTTTTTTTTTTTTTT-------------------timer: aDtD-ALL-w.81                                                           :  4.893      at: 2025062912 05:32:17
TTTTTTTTTTTTTTTTTTTTTTT-------------------timer: aDtD-stmopt-e.81                                                        :  1.319      at: 2025062912 05:32:18
TTTTTTTTTTTTTTTTTTTTTTT-------------------timer: anl-adtd-e.81                                                           :  0.102      at: 2025062912 05:32:18
AAADDD -- trackers ALLGOOD   for istmopt:  e.81
TTTDDD -- diag files ALLGOOD for istmopt:  e.81
TTTTTTTTTTTTTTTTTTTTTTT-------------------timer: aDtD-ALL-e.81                                                           :  1.521      at: 2025062912 05:32:18
TTTTTTTTTTTTTTTTTTTTTTT-------------------timer: aDtD-stmopt-l.81                                                        :  2.533      at: 2025062912 05:32:21
TTTTTTTTTTTTTTTTTTTTTTT-------------------timer: anl-adtd-l.81                                                           :  0.108      at: 2025062912 05:32:21
AAADDD -- trackers ALLGOOD   for istmopt:  l.81
TTTDDD -- diag files ALLGOOD for istmopt:  l.81
TTTTTTTTTTTTTTTTTTTTTTT-------------------timer: aDtD-ALL-l.81                                                           :  2.741      at: 2025062912 05:32:21
WWW-getMd2Years-- no storms for stmopt:  c.1981
WWW-setyears to em3year:  2024
TTTTTTTTTTTTTTTTTTTTTTT-------------------timer: aDtD-stmopt-c.81                                                        :  0.316      at: 2025062912 05:32:22
TTTTTTTTTTTTTTTTTTTTTTT-------------------timer: anl-adtd-c.81                                                           :  0.100      at: 2025062912 05:32:22
AAADDD -- trackers ALLGOOD   for istmopt:  c.81
TTTDDD -- diag files ALLGOOD for istmopt:  c.81
TTTTTTTTTTTTTTTTTTTTTTT-------------------timer: aDtD-ALL-c.81                                                           :  0.516      at: 2025062912 05:32:22
TTTTTTTTTTTTTTTTTTTTTTT-------------------timer: aDtD-stmopt-i.81                                                        :  0.405      at: 2025062912 05:32:23
TTTTTTTTTTTTTTTTTTTTTTT-------------------timer: anl-adtd-i.81                                                           :  0.101      at: 2025062912 05:32:23
AAADDD -- trackers ALLGOOD   for istmopt:  i.81
TTTDDD -- diag files ALLGOOD for istmopt:  i.81
TTTTTTTTTTTTTTTTTTTTTTT-------------------timer: aDtD-ALL-i.81                                                           :  0.607      at: 2025062912 05:32:23
TTTTTTTTTTTTTTTTTTTTTTT-------------------timer: aDtD-stmopt-h.82                                                        :  5.021      at: 2025062912 05:32:28
TTTTTTTTTTTTTTTTTTTTTTT-------------------timer: anl-adtd-h.82                                                           :  0.110      at: 2025062912 05:32:28
AAADDD -- trackers ALLGOOD   for istmopt:  h.82
TTTDDD -- diag files ALLGOOD for istmopt:  h.82
TTTTTTTTTTTTTTTTTTTTTTT-------------------timer: aDtD-ALL-h.82                                                           :  5.231      at: 2025062912 05:32:28
TTTTTTTTTTTTTTTTTTTTTTT-------------------timer: aDtD-stmopt-w.82                                                        :  6.294      at: 2025062912 05:32:35
TTTTTTTTTTTTTTTTTTTTTTT-------------------timer: anl-adtd-w.82                                                           :  0.111      at: 2025062912 05:32:35
AAADDD -- trackers ALLGOOD   for istmopt:  w.82
TTTDDD -- diag files ALLGOOD for istmopt:  w.82
TTTTTTTTTTTTTTTTTTTTTTT-------------------timer: aDtD-ALL-w.82                                                           :  6.506      at: 2025062912 05:32:35
TTTTTTTTTTTTTTTTTTTTTTT-------------------timer: aDtD-stmopt-e.82                                                        :  3.660      at: 2025062912 05:32:39
TTTTTTTTTTTTTTTTTTTTTTT-------------------timer: anl-adtd-e.82                                                           :  0.114      at: 2025062912 05:32:39
AAADDD -- trackers ALLGOOD   for istmopt:  e.82
TTTDDD -- diag files ALLGOOD for istmopt:  e.82
TTTTTTTTTTTTTTTTTTTTTTT-------------------timer: aDtD-ALL-e.82                                                           :  3.874      at: 2025062912 05:32:39
TTTTTTTTTTTTTTTTTTTTTTT-------------------timer: aDtD-stmopt-l.82                                                        :  1.060      at: 2025062912 05:32:40
TTTTTTTTTTTTTTTTTTTTTTT-------------------timer: anl-adtd-l.82                                                           :  0.102      at: 2025062912 05:32:40
AAADDD -- trackers ALLGOOD   for istmopt:  l.82
TTTDDD -- diag files ALLGOOD for istmopt:  l.82
TTTTTTTTTTTTTTTTTTTTTTT-------------------timer: aDtD-ALL-l.82                                                           :  1.262      at: 2025062912 05:32:40
CCC: i-sbt-tctrk-tcdiag.py -S h.80     ---> CurDT: 20250629 17:31:47 <--- 
TTTTTTTTTTTTTTTTTTTTTTT-------------------timer: B1ID-AD-TD-h-80                                                         :  6.179      at: 2025062912 05:31:53
CCC: i-sbt-tctrk-tcdiag.py -S w.80     ---> CurDT: 20250629 17:31:53 <--- 
TTTTTTTTTTTTTTTTTTTTTTT-------------------timer: B1ID-AD-TD-w-80                                                         :  5.772      at: 2025062912 05:31:59
CCC: i-sbt-tctrk-tcdiag.py -S e.80     ---> CurDT: 20250629 17:31:59 <--- 
TTTTTTTTTTTTTTTTTTTTTTT-------------------timer: B1ID-AD-TD-e-80                                                         :  2.205      at: 2025062912 05:32:01
CCC: i-sbt-tctrk-tcdiag.py -S l.80     ---> CurDT: 20250629 17:32:01 <--- 
TTTTTTTTTTTTTTTTTTTTTTT-------------------timer: B1ID-AD-TD-l-80                                                         :  3.275      at: 2025062912 05:32:05
CCC: i-sbt-tctrk-tcdiag.py -S c.80     ---> CurDT: 20250629 17:32:05 <--- 
TTTTTTTTTTTTTTTTTTTTTTT-------------------timer: B1ID-AD-TD-c-80                                                         :  0.667      at: 2025062912 05:32:05
CCC: i-sbt-tctrk-tcdiag.py -S i.80     ---> CurDT: 20250629 17:32:05 <--- 
TTTTTTTTTTTTTTTTTTTTTTT-------------------timer: B1ID-AD-TD-i-80                                                         :  0.999      at: 2025062912 05:32:06
TTTTTTTTTTTTTTTTTTTTTTT-------------------timer: AD-TD-80                                                                : 19.198      at: 2025062912 05:32:06
CCC: i-sbt-tctrk-tcdiag.py -S h.81     ---> CurDT: 20250629 17:32:06 <--- 
TTTTTTTTTTTTTTTTTTTTTTT-------------------timer: B1ID-AD-TD-h-81                                                         :  5.390      at: 2025062912 05:32:12
CCC: i-sbt-tctrk-tcdiag.py -S w.81     ---> CurDT: 20250629 17:32:12 <--- 
TTTTTTTTTTTTTTTTTTTTTTT-------------------timer: B1ID-AD-TD-w-81                                                         :  5.049      at: 2025062912 05:32:17
CCC: i-sbt-tctrk-tcdiag.py -S e.81     ---> CurDT: 20250629 17:32:17 <--- 
TTTTTTTTTTTTTTTTTTTTTTT-------------------timer: B1ID-AD-TD-e-81                                                         :  1.665      at: 2025062912 05:32:19
CCC: i-sbt-tctrk-tcdiag.py -S l.81     ---> CurDT: 20250629 17:32:19 <--- 
TTTTTTTTTTTTTTTTTTTTTTT-------------------timer: B1ID-AD-TD-l-81                                                         :  2.891      at: 2025062912 05:32:21
CCC: i-sbt-tctrk-tcdiag.py -S c.81     ---> CurDT: 20250629 17:32:21 <--- 
TTTTTTTTTTTTTTTTTTTTTTT-------------------timer: B1ID-AD-TD-c-81                                                         :  0.661      at: 2025062912 05:32:22
CCC: i-sbt-tctrk-tcdiag.py -S i.81     ---> CurDT: 20250629 17:32:22 <--- 
TTTTTTTTTTTTTTTTTTTTTTT-------------------timer: B1ID-AD-TD-i-81                                                         :  0.761      at: 2025062912 05:32:23
TTTTTTTTTTTTTTTTTTTTTTT-------------------timer: AD-TD-81                                                                : 16.517      at: 2025062912 05:32:23
CCC: i-sbt-tctrk-tcdiag.py -S h.82     ---> CurDT: 20250629 17:32:23 <--- 
TTTTTTTTTTTTTTTTTTTTTTT-------------------timer: B1ID-AD-TD-h-82                                                         :  5.378      at: 2025062912 05:32:28
CCC: i-sbt-tctrk-tcdiag.py -S w.82     ---> CurDT: 20250629 17:32:28 <--- 
TTTTTTTTTTTTTTTTTTTTTTT-------------------timer: B1ID-AD-TD-w-82                                                         :  6.673      at: 2025062912 05:32:35
CCC: i-sbt-tctrk-tcdiag.py -S e.82     ---> CurDT: 20250629 17:32:35 <--- 
TTTTTTTTTTTTTTTTTTTTTTT-------------------timer: B1ID-AD-TD-e-82                                                         :  4.029      at: 2025062912 05:32:39
CCC: i-sbt-tctrk-tcdiag.py -S l.82     ---> CurDT: 20250629 17:32:39 <--- 
TTTTTTTTTTTTTTTTTTTTTTT-------------------timer: B1ID-AD-TD-l-82                                                         :  1.418      at: 2025062912 05:32:40
CCC: i-sbt-tctrk-tcdiag.py -S c.82TTTTTTTTTTTTTTTTTTTTTTT-------------------timer: aDtD-stmopt-c.82                                                        :  0.433      at: 2025062912 05:32:41
TTTTTTTTTTTTTTTTTTTTTTT-------------------timer: anl-adtd-c.82                                                           :  0.101      at: 2025062912 05:32:41
AAADDD -- trackers ALLGOOD   for istmopt:  c.82
TTTDDD -- diag files ALLGOOD for istmopt:  c.82
TTTTTTTTTTTTTTTTTTTTTTT-------------------timer: aDtD-ALL-c.82                                                           :  0.635      at: 2025062912 05:32:41
TTTTTTTTTTTTTTTTTTTTTTT-------------------timer: aDtD-stmopt-i.82                                                        :  0.627      at: 2025062912 05:32:42
TTTTTTTTTTTTTTTTTTTTTTT-------------------timer: anl-adtd-i.82                                                           :  0.101      at: 2025062912 05:32:42
AAADDD -- trackers ALLGOOD   for istmopt:  i.82
TTTDDD -- diag files ALLGOOD for istmopt:  i.82
TTTTTTTTTTTTTTTTTTTTTTT-------------------timer: aDtD-ALL-i.82                                                           :  0.828      at: 2025062912 05:32:42
TTTTTTTTTTTTTTTTTTTTTTT-------------------timer: aDtD-stmopt-h.83                                                        :  4.643      at: 2025062912 05:32:47
TTTTTTTTTTTTTTTTTTTTTTT-------------------timer: anl-adtd-h.83                                                           :  0.119      at: 2025062912 05:32:47
AAADDD -- trackers ALLGOOD   for istmopt:  h.83
TTTDDD -- diag files ALLGOOD for istmopt:  h.83
TTTTTTTTTTTTTTTTTTTTTTT-------------------timer: aDtD-ALL-h.83                                                           :  4.863      at: 2025062912 05:32:47
TTTTTTTTTTTTTTTTTTTTTTT-------------------timer: aDtD-stmopt-w.83                                                        :  4.404      at: 2025062912 05:32:52
TTTTTTTTTTTTTTTTTTTTTTT-------------------timer: anl-adtd-w.83                                                           :  0.110      at: 2025062912 05:32:52
AAADDD -- trackers ALLGOOD   for istmopt:  w.83
TTTDDD -- diag files ALLGOOD for istmopt:  w.83
TTTTTTTTTTTTTTTTTTTTTTT-------------------timer: aDtD-ALL-w.83                                                           :  4.614      at: 2025062912 05:32:52
TTTTTTTTTTTTTTTTTTTTTTT-------------------timer: aDtD-stmopt-e.83                                                        :  3.572      at: 2025062912 05:32:56
TTTTTTTTTTTTTTTTTTTTTTT-------------------timer: anl-adtd-e.83                                                           :  0.109      at: 2025062912 05:32:56
AAADDD -- trackers ALLGOOD   for istmopt:  e.83
TTTDDD -- diag files ALLGOOD for istmopt:  e.83
TTTTTTTTTTTTTTTTTTTTTTT-------------------timer: aDtD-ALL-e.83                                                           :  3.781      at: 2025062912 05:32:56
TTTTTTTTTTTTTTTTTTTTTTT-------------------timer: aDtD-stmopt-l.83                                                        :  0.898      at: 2025062912 05:32:57
TTTTTTTTTTTTTTTTTTTTTTT-------------------timer: anl-adtd-l.83                                                           :  0.101      at: 2025062912 05:32:57
AAADDD -- trackers ALLGOOD   for istmopt:  l.83
TTTDDD -- diag files ALLGOOD for istmopt:  l.83
TTTTTTTTTTTTTTTTTTTTTTT-------------------timer: aDtD-ALL-l.83                                                           :  1.100      at: 2025062912 05:32:57
WWW-getMd2Years-- no storms for stmopt:  c.1983
WWW-setyears to em3year:  2024
TTTTTTTTTTTTTTTTTTTTTTT-------------------timer: aDtD-stmopt-c.83                                                        :  0.246      at: 2025062912 05:32:58
TTTTTTTTTTTTTTTTTTTTTTT-------------------timer: anl-adtd-c.83                                                           :  0.100      at: 2025062912 05:32:58
AAADDD -- trackers ALLGOOD   for istmopt:  c.83
TTTDDD -- diag files ALLGOOD for istmopt:  c.83
TTTTTTTTTTTTTTTTTTTTTTT-------------------timer: aDtD-ALL-c.83                                                           :  0.446      at: 2025062912 05:32:58
TTTTTTTTTTTTTTTTTTTTTTT-------------------timer: aDtD-stmopt-i.83                                                        :  0.428      at: 2025062912 05:32:58
TTTTTTTTTTTTTTTTTTTTTTT-------------------timer: anl-adtd-i.83                                                           :  0.101      at: 2025062912 05:32:58
AAADDD -- trackers ALLGOOD   for istmopt:  i.83
TTTDDD -- diag files ALLGOOD for istmopt:  i.83
TTTTTTTTTTTTTTTTTTTTTTT-------------------timer: aDtD-ALL-i.83                                                           :  0.629      at: 2025062912 05:32:59
TTTTTTTTTTTTTTTTTTTTTTT-------------------timer: aDtD-stmopt-h.84                                                        :  5.617      at: 2025062912 05:33:04
TTTTTTTTTTTTTTTTTTTTTTT-------------------timer: anl-adtd-h.84                                                           :  0.112      at: 2025062912 05:33:05
AAADDD -- trackers ALLGOOD   for istmopt:  h.84
TTTDDD -- diag files ALLGOOD for istmopt:  h.84
TTTTTTTTTTTTTTTTTTTTTTT-------------------timer: aDtD-ALL-h.84                                                           :  5.829      at: 2025062912 05:33:05
TTTTTTTTTTTTTTTTTTTTTTT-------------------timer: aDtD-stmopt-w.84                                                        :  5.344      at: 2025062912 05:33:10
TTTTTTTTTTTTTTTTTTTTTTT-------------------timer: anl-adtd-w.84                                                           :  0.113      at: 2025062912 05:33:10
AAADDD -- trackers ALLGOOD   for istmopt:  w.84
TTTDDD -- diag files ALLGOOD for istmopt:  w.84
TTTTTTTTTTTTTTTTTTTTTTT-------------------timer: aDtD-ALL-w.84                                                           :  5.558      at: 2025062912 05:33:10
TTTTTTTTTTTTTTTTTTTTTTT-------------------timer: aDtD-stmopt-e.84                                                        :  3.969      at: 2025062912 05:33:14
TTTTTTTTTTTTTTTTTTTTTTT-------------------timer: anl-adtd-e.84                                                           :  0.108      at: 2025062912 05:33:15
AAADDD -- trackers ALLGOOD   for istmopt:  e.84
TTTDDD -- diag files ALLGOOD for istmopt:  e.84
TTTTTTTTTTTTTTTTTTTTTTT-------------------timer: aDtD-ALL-e.84                                                           :  4.177      at: 2025062912 05:33:15
TTTTTTTTTTTTTTTTTTTTTTT-------------------timer: aDtD-stmopt-l.84                                                        :  3.010      at: 2025062912 05:33:18
TTTTTTTTTTTTTTTTTTTTTTT-------------------timer: anl-adtd-l.84                                                           :  0.103      at: 2025062912 05:33:18
AAADDD -- trackers ALLGOOD   for istmopt:  l.84
TTTDDD -- diag files ALLGOOD for istmopt:  l.84
TTTTTTTTTTTTTTTTTTTTTTT-------------------timer: aDtD-ALL-l.84                                                           :  3.213      at: 2025062912 05:33:18
TTTTTTTTTTTTTTTTTTTTTTT-------------------timer: aDtD-stmopt-c.84                                                        :  0.189      at: 2025062912 05:33:18
TTTTTTTTTTTTTTTTTTTTTTT-------------------timer: anl-adtd-c.84                                                           :  0.100      at: 2025062912 05:33:18
AAADDD -- trackers ALLGOOD   for istmopt:  c.84
TTTDDD -- diag files ALLGOOD for istmopt:  c.84
TTTTTTTTTTTTTTTTTTTTTTT-------------------timer: aDtD-ALL-c.84                                                           :  0.390      at: 2025062912 05:33:19
TTTTTTTTTTTTTTTTTTTTTTT-------------------timer: aDtD-stmopt-i.84                                                        :  0.643      at: 2025062912 05:33:19
TTTTTTTTTTTTTTTTTTTTTTT-------------------timer: anl-adtd-i.84                                                           :  0.101      at: 2025062912 05:33:19
AAADDD -- trackers ALLGOOD   for istmopt:  i.84
TTTDDD -- diag files ALLGOOD for istmopt:  i.84
TTTTTTTTTTTTTTTTTTTTTTT-------------------timer: aDtD-ALL-i.84                                                           :  0.844      at: 2025062912 05:33:20
TTTTTTTTTTTTTTTTTTTTTTT-------------------timer: aDtD-stmopt-h.85                                                        :  5.777      at: 2025062912 05:33:26
TTTTTTTTTTTTTTTTTTTTTTT-------------------timer: anl-adtd-h.85                                                           :  0.124      at: 2025062912 05:33:26
AAADDD -- trackers ALLGOOD   for istmopt:  h.85
TTTDDD -- diag files ALLGOOD for istmopt:  h.85
TTTTTTTTTTTTTTTTTTTTTTT-------------------timer: aDtD-ALL-h.85                                                           :  6.001      at: 2025062912 05:33:26
TTTTTTTTTTTTTTTTTTTTTTT-------------------timer: aDtD-stmopt-w.85                                                        :  5.030      at: 2025062912 05:33:31
TTTTTTTTTTTTTTTTTTTTTTT-------------------timer: anl-adtd-w.85                                                           :  0.119      at: 2025062912 05:33:31
AAADDD -- trackers ALLGOOD   for istmopt:  w.85
TTTDDD -- diag files ALLGOOD for istmopt:  w.85
TTTTTTTTTTTTTTTTTTTTTTT-------------------timer: aDtD-ALL-w.85                                                           :  5.250      at: 2025062912 05:33:31
     ---> CurDT: 20250629 17:32:40 <--- 
TTTTTTTTTTTTTTTTTTTTTTT-------------------timer: B1ID-AD-TD-c-82                                                         :  0.806      at: 2025062912 05:32:41
CCC: i-sbt-tctrk-tcdiag.py -S i.82     ---> CurDT: 20250629 17:32:41 <--- 
TTTTTTTTTTTTTTTTTTTTTTT-------------------timer: B1ID-AD-TD-i-82                                                         :  0.990      at: 2025062912 05:32:42
TTTTTTTTTTTTTTTTTTTTTTT-------------------timer: AD-TD-82                                                                : 19.395      at: 2025062912 05:32:42
CCC: i-sbt-tctrk-tcdiag.py -S h.83     ---> CurDT: 20250629 17:32:42 <--- 
TTTTTTTTTTTTTTTTTTTTTTT-------------------timer: B1ID-AD-TD-h-83                                                         :  5.016      at: 2025062912 05:32:47
CCC: i-sbt-tctrk-tcdiag.py -S w.83     ---> CurDT: 20250629 17:32:47 <--- 
TTTTTTTTTTTTTTTTTTTTTTT-------------------timer: B1ID-AD-TD-w-83                                                         :  4.755      at: 2025062912 05:32:52
CCC: i-sbt-tctrk-tcdiag.py -S e.83     ---> CurDT: 20250629 17:32:52 <--- 
TTTTTTTTTTTTTTTTTTTTTTT-------------------timer: B1ID-AD-TD-e-83                                                         :  3.952      at: 2025062912 05:32:56
CCC: i-sbt-tctrk-tcdiag.py -S l.83     ---> CurDT: 20250629 17:32:56 <--- 
TTTTTTTTTTTTTTTTTTTTTTT-------------------timer: B1ID-AD-TD-l-83                                                         :  1.251      at: 2025062912 05:32:57
CCC: i-sbt-tctrk-tcdiag.py -S c.83     ---> CurDT: 20250629 17:32:57 <--- 
TTTTTTTTTTTTTTTTTTTTTTT-------------------timer: B1ID-AD-TD-c-83                                                         :  0.602      at: 2025062912 05:32:58
CCC: i-sbt-tctrk-tcdiag.py -S i.83     ---> CurDT: 20250629 17:32:58 <--- 
TTTTTTTTTTTTTTTTTTTTTTT-------------------timer: B1ID-AD-TD-i-83                                                         :  0.785      at: 2025062912 05:32:59
TTTTTTTTTTTTTTTTTTTTTTT-------------------timer: AD-TD-83                                                                : 16.462      at: 2025062912 05:32:59
CCC: i-sbt-tctrk-tcdiag.py -S h.84     ---> CurDT: 20250629 17:32:59 <--- 
TTTTTTTTTTTTTTTTTTTTTTT-------------------timer: B1ID-AD-TD-h-84                                                         :  5.978      at: 2025062912 05:33:05
CCC: i-sbt-tctrk-tcdiag.py -S w.84     ---> CurDT: 20250629 17:33:05 <--- 
TTTTTTTTTTTTTTTTTTTTTTT-------------------timer: B1ID-AD-TD-w-84                                                         :  5.722      at: 2025062912 05:33:10
CCC: i-sbt-tctrk-tcdiag.py -S e.84     ---> CurDT: 20250629 17:33:10 <--- 
TTTTTTTTTTTTTTTTTTTTTTT-------------------timer: B1ID-AD-TD-e-84                                                         :  4.319      at: 2025062912 05:33:15
CCC: i-sbt-tctrk-tcdiag.py -S l.84     ---> CurDT: 20250629 17:33:15 <--- 
TTTTTTTTTTTTTTTTTTTTTTT-------------------timer: B1ID-AD-TD-l-84                                                         :  3.365      at: 2025062912 05:33:18
CCC: i-sbt-tctrk-tcdiag.py -S c.84     ---> CurDT: 20250629 17:33:18 <--- 
TTTTTTTTTTTTTTTTTTTTTTT-------------------timer: B1ID-AD-TD-c-84                                                         :  0.526      at: 2025062912 05:33:19
CCC: i-sbt-tctrk-tcdiag.py -S i.84     ---> CurDT: 20250629 17:33:19 <--- 
TTTTTTTTTTTTTTTTTTTTTTT-------------------timer: B1ID-AD-TD-i-84                                                         :  0.981      at: 2025062912 05:33:20
TTTTTTTTTTTTTTTTTTTTTTT-------------------timer: AD-TD-84                                                                : 20.992      at: 2025062912 05:33:20
CCC: i-sbt-tctrk-tcdiag.py -S h.85     ---> CurDT: 20250629 17:33:20 <--- 
TTTTTTTTTTTTTTTTTTTTTTT-------------------timer: B1ID-AD-TD-h-85                                                         :  6.154      at: 2025062912 05:33:26
CCC: i-sbt-tctrk-tcdiag.py -S w.85     ---> CurDT: 20250629 17:33:26 <--- 
TTTTTTTTTTTTTTTTTTTTTTT-------------------timer: B1ID-AD-TD-w-85    TTTTTTTTTTTTTTTTTTTTTTT-------------------timer: aDtD-stmopt-e.85                                                        :  4.231      at: 2025062912 05:33:36
TTTTTTTTTTTTTTTTTTTTTTT-------------------timer: anl-adtd-e.85                                                           :  0.118      at: 2025062912 05:33:36
AAADDD -- trackers ALLGOOD   for istmopt:  e.85
TTTDDD -- diag files ALLGOOD for istmopt:  e.85
TTTTTTTTTTTTTTTTTTTTTTT-------------------timer: aDtD-ALL-e.85                                                           :  4.449      at: 2025062912 05:33:36
TTTTTTTTTTTTTTTTTTTTTTT-------------------timer: aDtD-stmopt-l.85                                                        :  2.339      at: 2025062912 05:33:38
TTTTTTTTTTTTTTTTTTTTTTT-------------------timer: anl-adtd-l.85                                                           :  0.107      at: 2025062912 05:33:38
AAADDD -- trackers ALLGOOD   for istmopt:  l.85
TTTDDD -- diag files ALLGOOD for istmopt:  l.85
TTTTTTTTTTTTTTTTTTTTTTT-------------------timer: aDtD-ALL-l.85                                                           :  2.546      at: 2025062912 05:33:39
TTTTTTTTTTTTTTTTTTTTTTT-------------------timer: aDtD-stmopt-c.85                                                        :  0.228      at: 2025062912 05:33:39
TTTTTTTTTTTTTTTTTTTTTTT-------------------timer: anl-adtd-c.85                                                           :  0.100      at: 2025062912 05:33:39
AAADDD -- trackers ALLGOOD   for istmopt:  c.85
TTTDDD -- diag files ALLGOOD for istmopt:  c.85
TTTTTTTTTTTTTTTTTTTTTTT-------------------timer: aDtD-ALL-c.85                                                           :  0.428      at: 2025062912 05:33:39
TTTTTTTTTTTTTTTTTTTTTTT-------------------timer: aDtD-stmopt-i.85                                                        :  0.750      at: 2025062912 05:33:40
TTTTTTTTTTTTTTTTTTTTTTT-------------------timer: anl-adtd-i.85                                                           :  0.101      at: 2025062912 05:33:40
AAADDD -- trackers ALLGOOD   for istmopt:  i.85
TTTDDD -- diag files ALLGOOD for istmopt:  i.85
TTTTTTTTTTTTTTTTTTTTTTT-------------------timer: aDtD-ALL-i.85                                                           :  0.951      at: 2025062912 05:33:40
TTTTTTTTTTTTTTTTTTTTTTT-------------------timer: aDtD-stmopt-h.86                                                        :  4.629      at: 2025062912 05:33:45
TTTTTTTTTTTTTTTTTTTTTTT-------------------timer: anl-adtd-h.86                                                           :  0.110      at: 2025062912 05:33:45
AAADDD -- trackers ALLGOOD   for istmopt:  h.86
TTTDDD -- diag files ALLGOOD for istmopt:  h.86
TTTTTTTTTTTTTTTTTTTTTTT-------------------timer: aDtD-ALL-h.86                                                           :  4.840      at: 2025062912 05:33:45
TTTTTTTTTTTTTTTTTTTTTTT-------------------timer: aDtD-stmopt-w.86                                                        :  5.409      at: 2025062912 05:33:51
TTTTTTTTTTTTTTTTTTTTTTT-------------------timer: anl-adtd-w.86                                                           :  0.112      at: 2025062912 05:33:51
AAADDD -- trackers ALLGOOD   for istmopt:  w.86
TTTDDD -- diag files ALLGOOD for istmopt:  w.86
TTTTTTTTTTTTTTTTTTTTTTT-------------------timer: aDtD-ALL-w.86                                                           :  5.621      at: 2025062912 05:33:51
TTTTTTTTTTTTTTTTTTTTTTT-------------------timer: aDtD-stmopt-e.86                                                        :  2.264      at: 2025062912 05:33:53
TTTTTTTTTTTTTTTTTTTTTTT-------------------timer: anl-adtd-e.86                                                           :  0.109      at: 2025062912 05:33:54
AAADDD -- trackers ALLGOOD   for istmopt:  e.86
TTTDDD -- diag files ALLGOOD for istmopt:  e.86
TTTTTTTTTTTTTTTTTTTTTTT-------------------timer: aDtD-ALL-e.86                                                           :  2.473      at: 2025062912 05:33:54
TTTTTTTTTTTTTTTTTTTTTTT-------------------timer: aDtD-stmopt-l.86                                                        :  1.749      at: 2025062912 05:33:56
TTTTTTTTTTTTTTTTTTTTTTT-------------------timer: anl-adtd-l.86                                                           :  0.103      at: 2025062912 05:33:56
AAADDD -- trackers ALLGOOD   for istmopt:  l.86
TTTDDD -- diag files ALLGOOD for istmopt:  l.86
TTTTTTTTTTTTTTTTTTTTTTT-------------------timer: aDtD-ALL-l.86                                                           :  1.952      at: 2025062912 05:33:56
WWW-getMd2Years-- no storms for stmopt:  c.1986
WWW-setyears to em3year:  2024
TTTTTTTTTTTTTTTTTTTTTTT-------------------timer: aDtD-stmopt-c.86                                                        :  0.659      at: 2025062912 05:33:57
TTTTTTTTTTTTTTTTTTTTTTT-------------------timer: anl-adtd-c.86                                                           :  0.100      at: 2025062912 05:33:57
AAADDD -- trackers ALLGOOD   for istmopt:  c.86
TTTDDD -- diag files ALLGOOD for istmopt:  c.86
TTTTTTTTTTTTTTTTTTTTTTT-------------------timer: aDtD-ALL-c.86                                                           :  0.860      at: 2025062912 05:33:57
TTTTTTTTTTTTTTTTTTTTTTT-------------------timer: aDtD-stmopt-i.86                                                        :  0.394      at: 2025062912 05:33:57
TTTTTTTTTTTTTTTTTTTTTTT-------------------timer: anl-adtd-i.86                                                           :  0.101      at: 2025062912 05:33:57
AAADDD -- trackers ALLGOOD   for istmopt:  i.86
TTTDDD -- diag files ALLGOOD for istmopt:  i.86
TTTTTTTTTTTTTTTTTTTTTTT-------------------timer: aDtD-ALL-i.86                                                           :  0.595      at: 2025062912 05:33:58
TTTTTTTTTTTTTTTTTTTTTTT-------------------timer: aDtD-stmopt-h.87                                                        :  5.182      at: 2025062912 05:34:03
TTTTTTTTTTTTTTTTTTTTTTT-------------------timer: anl-adtd-h.87                                                           :  0.110      at: 2025062912 05:34:03
AAADDD -- trackers ALLGOOD   for istmopt:  h.87
TTTDDD -- diag files ALLGOOD for istmopt:  h.87
TTTTTTTTTTTTTTTTTTTTTTT-------------------timer: aDtD-ALL-h.87                                                           :  5.392      at: 2025062912 05:34:03
TTTTTTTTTTTTTTTTTTTTTTT-------------------timer: aDtD-stmopt-w.87                                                        :  9.228      at: 2025062912 05:34:13
TTTTTTTTTTTTTTTTTTTTTTT-------------------timer: anl-adtd-w.87                                                           :  0.126      at: 2025062912 05:34:13
AAADDD -- trackers ALLGOOD   for istmopt:  w.87
TTTDDD -- diag files ALLGOOD for istmopt:  w.87
TTTTTTTTTTTTTTTTTTTTTTT-------------------timer: aDtD-ALL-w.87                                                           :  9.454      at: 2025062912 05:34:13
TTTTTTTTTTTTTTTTTTTTTTT-------------------timer: aDtD-stmopt-e.87                                                        :  2.514      at: 2025062912 05:34:16
TTTTTTTTTTTTTTTTTTTTTTT-------------------timer: anl-adtd-e.87                                                           :  0.107      at: 2025062912 05:34:16
AAADDD -- trackers ALLGOOD   for istmopt:  e.87
TTTDDD -- diag files ALLGOOD for istmopt:  e.87
TTTTTTTTTTTTTTTTTTTTTTT-------------------timer: aDtD-ALL-e.87                                                           :  2.721      at: 2025062912 05:34:16
TTTTTTTTTTTTTTTTTTTTTTT-------------------timer: aDtD-stmopt-l.87                                                        :  2.118      at: 2025062912 05:34:18
TTTTTTTTTTTTTTTTTTTTTTT-------------------timer: anl-adtd-l.87                                                           :  0.102      at: 2025062912 05:34:18
AAADDD -- trackers ALLGOOD   for istmopt:  l.87
TTTDDD -- diag files ALLGOOD for istmopt:  l.87
TTTTTTTTTTTTTTTTTTTTTTT-------------------timer: aDtD-ALL-l.87                                                           :  2.320      at: 2025062912 05:34:18
TTTTTTTTTTTTTTTTTTTTTTT-------------------timer: aDtD-stmopt-c.87                                                        :  0.205      at: 2025062912 05:34:19
TTTTTTTTTTTTTTTTTTTTTTT-------------------timer: anl-adtd-c.87                                                           :  0.100      at: 2025062912 05:34:19
AAADDD -- trackers ALLGOOD   for istmopt:  c.87
TTTDDD -- diag files ALLGOOD for istmopt:  c.87
TTTTTTTTTTTTTTTTTTTTTTT-------------------timer: aDtD-ALL-c.87                                                           :  0.406      at: 2025062912 05:34:19
TTTTTTTTTTTTTTTTTTTTTTT-------------------timer: aDtD-stmopt-i.87                                                        :  1.234      at: 2025062912 05:34:20
TTTTTTTTTTTTTTTTTTTTTTT-------------------timer: anl-adtd-i.87                                                           :  0.102      at: 2025062912 05:34:20
AAADDD -- trackers ALLGOOD   for istmopt:  i.87
TTTDDD -- diag files ALLGOOD for istmopt:  i.87
TTTTTTTTTTTTTTTTTTTTTTT-------------------timer: aDtD-ALL-i.87                                                           :  1.437      at: 2025062912 05:34:20
                                                     :  5.396      at: 2025062912 05:33:31
CCC: i-sbt-tctrk-tcdiag.py -S e.85     ---> CurDT: 20250629 17:33:31 <--- 
TTTTTTTTTTTTTTTTTTTTTTT-------------------timer: B1ID-AD-TD-e-85                                                         :  4.610      at: 2025062912 05:33:36
CCC: i-sbt-tctrk-tcdiag.py -S l.85     ---> CurDT: 20250629 17:33:36 <--- 
TTTTTTTTTTTTTTTTTTTTTTT-------------------timer: B1ID-AD-TD-l-85                                                         :  2.704      at: 2025062912 05:33:39
CCC: i-sbt-tctrk-tcdiag.py -S c.85     ---> CurDT: 20250629 17:33:39 <--- 
TTTTTTTTTTTTTTTTTTTTTTT-------------------timer: B1ID-AD-TD-c-85                                                         :  0.585      at: 2025062912 05:33:39
CCC: i-sbt-tctrk-tcdiag.py -S i.85     ---> CurDT: 20250629 17:33:39 <--- 
TTTTTTTTTTTTTTTTTTTTTTT-------------------timer: B1ID-AD-TD-i-85                                                         :  1.096      at: 2025062912 05:33:40
TTTTTTTTTTTTTTTTTTTTTTT-------------------timer: AD-TD-85                                                                : 20.645      at: 2025062912 05:33:40
CCC: i-sbt-tctrk-tcdiag.py -S h.86     ---> CurDT: 20250629 17:33:40 <--- 
TTTTTTTTTTTTTTTTTTTTTTT-------------------timer: B1ID-AD-TD-h-86                                                         :  4.991      at: 2025062912 05:33:45
CCC: i-sbt-tctrk-tcdiag.py -S w.86     ---> CurDT: 20250629 17:33:45 <--- 
TTTTTTTTTTTTTTTTTTTTTTT-------------------timer: B1ID-AD-TD-w-86                                                         :  5.782      at: 2025062912 05:33:51
CCC: i-sbt-tctrk-tcdiag.py -S e.86     ---> CurDT: 20250629 17:33:51 <--- 
TTTTTTTTTTTTTTTTTTTTTTT-------------------timer: B1ID-AD-TD-e-86                                                         :  2.620      at: 2025062912 05:33:54
CCC: i-sbt-tctrk-tcdiag.py -S l.86     ---> CurDT: 20250629 17:33:54 <--- 
TTTTTTTTTTTTTTTTTTTTTTT-------------------timer: B1ID-AD-TD-l-86                                                         :  2.107      at: 2025062912 05:33:56
CCC: i-sbt-tctrk-tcdiag.py -S c.86     ---> CurDT: 20250629 17:33:56 <--- 
TTTTTTTTTTTTTTTTTTTTTTT-------------------timer: B1ID-AD-TD-c-86                                                         :  1.012      at: 2025062912 05:33:57
CCC: i-sbt-tctrk-tcdiag.py -S i.86     ---> CurDT: 20250629 17:33:57 <--- 
TTTTTTTTTTTTTTTTTTTTTTT-------------------timer: B1ID-AD-TD-i-86                                                         :  0.772      at: 2025062912 05:33:58
TTTTTTTTTTTTTTTTTTTTTTT-------------------timer: AD-TD-86                                                                : 17.385      at: 2025062912 05:33:58
CCC: i-sbt-tctrk-tcdiag.py -S h.87     ---> CurDT: 20250629 17:33:58 <--- 
TTTTTTTTTTTTTTTTTTTTTTT-------------------timer: B1ID-AD-TD-h-87                                                         :  5.546      at: 2025062912 05:34:03
CCC: i-sbt-tctrk-tcdiag.py -S w.87     ---> CurDT: 20250629 17:34:03 <--- 
TTTTTTTTTTTTTTTTTTTTTTT-------------------timer: B1ID-AD-TD-w-87                                                         :  9.603      at: 2025062912 05:34:13
CCC: i-sbt-tctrk-tcdiag.py -S e.87     ---> CurDT: 20250629 17:34:13 <--- 
TTTTTTTTTTTTTTTTTTTTTTT-------------------timer: B1ID-AD-TD-e-87                                                         :  2.882      at: 2025062912 05:34:16
CCC: i-sbt-tctrk-tcdiag.py -S l.87     ---> CurDT: 20250629 17:34:16 <--- 
TTTTTTTTTTTTTTTTTTTTTTT-------------------timer: B1ID-AD-TD-l-87                                                         :  2.459      at: 2025062912 05:34:18
CCC: i-sbt-tctrk-tcdiag.py -S c.87     ---> CurDT: 20250629 17:34:18 <--- 
TTTTTTTTTTTTTTTTTTTTTTT-------------------timer: B1ID-AD-TD-c-87                                                         :  0.537      at: 2025062912 05:34:19
CCC: i-sbt-tctrk-tcdiag.py -S i.87     ---> CurDT: 20250629 17:34:19 <--- 
TTTTTTTTTTTTTTTTTTTTTTT-------------------timer: B1ID-AD-TD-i-87                                      TTTTTTTTTTTTTTTTTTTTTTT-------------------timer: aDtD-stmopt-h.88                                                        :  4.477      at: 2025062912 05:34:25
TTTTTTTTTTTTTTTTTTTTTTT-------------------timer: anl-adtd-h.88                                                           :  0.108      at: 2025062912 05:34:25
AAADDD -- trackers ALLGOOD   for istmopt:  h.88
TTTDDD -- diag files ALLGOOD for istmopt:  h.88
TTTTTTTTTTTTTTTTTTTTTTT-------------------timer: aDtD-ALL-h.88                                                           :  4.686      at: 2025062912 05:34:25
TTTTTTTTTTTTTTTTTTTTTTT-------------------timer: aDtD-stmopt-w.88                                                        :  5.055      at: 2025062912 05:34:30
TTTTTTTTTTTTTTTTTTTTTTT-------------------timer: anl-adtd-w.88                                                           :  0.111      at: 2025062912 05:34:31
AAADDD -- trackers ALLGOOD   for istmopt:  w.88
TTTDDD -- diag files ALLGOOD for istmopt:  w.88
TTTTTTTTTTTTTTTTTTTTTTT-------------------timer: aDtD-ALL-w.88                                                           :  5.266      at: 2025062912 05:34:31
TTTTTTTTTTTTTTTTTTTTTTT-------------------timer: aDtD-stmopt-e.88                                                        :  3.610      at: 2025062912 05:34:34
TTTTTTTTTTTTTTTTTTTTTTT-------------------timer: anl-adtd-e.88                                                           :  0.112      at: 2025062912 05:34:35
AAADDD -- trackers ALLGOOD   for istmopt:  e.88
TTTDDD -- diag files ALLGOOD for istmopt:  e.88
TTTTTTTTTTTTTTTTTTTTTTT-------------------timer: aDtD-ALL-e.88                                                           :  3.822      at: 2025062912 05:34:35
TTTTTTTTTTTTTTTTTTTTTTT-------------------timer: aDtD-stmopt-l.88                                                        :  2.647      at: 2025062912 05:34:37
TTTTTTTTTTTTTTTTTTTTTTT-------------------timer: anl-adtd-l.88                                                           :  0.106      at: 2025062912 05:34:38
AAADDD -- trackers ALLGOOD   for istmopt:  l.88
TTTDDD -- diag files ALLGOOD for istmopt:  l.88
TTTTTTTTTTTTTTTTTTTTTTT-------------------timer: aDtD-ALL-l.88                                                           :  2.853      at: 2025062912 05:34:38
TTTTTTTTTTTTTTTTTTTTTTT-------------------timer: aDtD-stmopt-c.88                                                        :  0.560      at: 2025062912 05:34:38
TTTTTTTTTTTTTTTTTTTTTTT-------------------timer: anl-adtd-c.88                                                           :  0.101      at: 2025062912 05:34:38
AAADDD -- trackers ALLGOOD   for istmopt:  c.88
TTTDDD -- diag files ALLGOOD for istmopt:  c.88
TTTTTTTTTTTTTTTTTTTTTTT-------------------timer: aDtD-ALL-c.88                                                           :  0.761      at: 2025062912 05:34:39
TTTTTTTTTTTTTTTTTTTTTTT-------------------timer: aDtD-stmopt-i.88                                                        :  0.710      at: 2025062912 05:34:39
TTTTTTTTTTTTTTTTTTTTTTT-------------------timer: anl-adtd-i.88                                                           :  0.101      at: 2025062912 05:34:40
AAADDD -- trackers ALLGOOD   for istmopt:  i.88
TTTDDD -- diag files ALLGOOD for istmopt:  i.88
TTTTTTTTTTTTTTTTTTTTTTT-------------------timer: aDtD-ALL-i.88                                                           :  0.911      at: 2025062912 05:34:40
TTTTTTTTTTTTTTTTTTTTTTT-------------------timer: aDtD-stmopt-h.89                                                        :  6.248      at: 2025062912 05:34:46
TTTTTTTTTTTTTTTTTTTTTTT-------------------timer: anl-adtd-h.89                                                           :  0.112      at: 2025062912 05:34:46
AAADDD -- trackers ALLGOOD   for istmopt:  h.89
TTTDDD -- diag files ALLGOOD for istmopt:  h.89
TTTTTTTTTTTTTTTTTTTTTTT-------------------timer: aDtD-ALL-h.89                                                           :  6.461      at: 2025062912 05:34:46
TTTTTTTTTTTTTTTTTTTTTTT-------------------timer: aDtD-stmopt-w.89                                                        :  9.595      at: 2025062912 05:34:56
TTTTTTTTTTTTTTTTTTTTTTT-------------------timer: anl-adtd-w.89                                                           :  0.118      at: 2025062912 05:34:56
AAADDD -- trackers ALLGOOD   for istmopt:  w.89
TTTDDD -- diag files ALLGOOD for istmopt:  w.89
TTTTTTTTTTTTTTTTTTTTTTT-------------------timer: aDtD-ALL-w.89                                                           :  9.814      at: 2025062912 05:34:56
TTTTTTTTTTTTTTTTTTTTTTT-------------------timer: aDtD-stmopt-e.89                                                        :  4.266      at: 2025062912 05:35:01
TTTTTTTTTTTTTTTTTTTTTTT-------------------timer: anl-adtd-e.89                                                           :  0.108      at: 2025062912 05:35:01
AAADDD -- trackers ALLGOOD   for istmopt:  e.89
TTTDDD -- diag files ALLGOOD for istmopt:  e.89
TTTTTTTTTTTTTTTTTTTTTTT-------------------timer: aDtD-ALL-e.89                                                           :  4.475      at: 2025062912 05:35:01
TTTTTTTTTTTTTTTTTTTTTTT-------------------timer: aDtD-stmopt-l.89                                                        :  3.381      at: 2025062912 05:35:05
TTTTTTTTTTTTTTTTTTTTTTT-------------------timer: anl-adtd-l.89                                                           :  0.109      at: 2025062912 05:35:05
AAADDD -- trackers ALLGOOD   for istmopt:  l.89
TTTDDD -- diag files ALLGOOD for istmopt:  l.89
TTTTTTTTTTTTTTTTTTTTTTT-------------------timer: aDtD-ALL-l.89                                                           :  3.591      at: 2025062912 05:35:05
WWW-getMd2Years-- no storms for stmopt:  c.1989
WWW-setyears to em3year:  2024
TTTTTTTTTTTTTTTTTTTTTTT-------------------timer: aDtD-stmopt-c.89                                                        :  0.581      at: 2025062912 05:35:05
TTTTTTTTTTTTTTTTTTTTTTT-------------------timer: anl-adtd-c.89                                                           :  0.100      at: 2025062912 05:35:06
AAADDD -- trackers ALLGOOD   for istmopt:  c.89
TTTDDD -- diag files ALLGOOD for istmopt:  c.89
TTTTTTTTTTTTTTTTTTTTTTT-------------------timer: aDtD-ALL-c.89                                                           :  0.781      at: 2025062912 05:35:06
TTTTTTTTTTTTTTTTTTTTTTT-------------------timer: aDtD-stmopt-i.89                                                        :  0.384      at: 2025062912 05:35:06
TTTTTTTTTTTTTTTTTTTTTTT-------------------timer: anl-adtd-i.89                                                           :  0.101      at: 2025062912 05:35:06
AAADDD -- trackers ALLGOOD   for istmopt:  i.89
TTTDDD -- diag files ALLGOOD for istmopt:  i.89
TTTTTTTTTTTTTTTTTTTTTTT-------------------timer: aDtD-ALL-i.89                                                           :  0.586      at: 2025062912 05:35:06
                   :  1.590      at: 2025062912 05:34:20
TTTTTTTTTTTTTTTTTTTTTTT-------------------timer: AD-TD-87                                                                : 22.718      at: 2025062912 05:34:21
CCC: i-sbt-tctrk-tcdiag.py -S h.88     ---> CurDT: 20250629 17:34:21 <--- 
TTTTTTTTTTTTTTTTTTTTTTT-------------------timer: B1ID-AD-TD-h-88                                                         :  4.851      at: 2025062912 05:34:25
CCC: i-sbt-tctrk-tcdiag.py -S w.88     ---> CurDT: 20250629 17:34:25 <--- 
TTTTTTTTTTTTTTTTTTTTTTT-------------------timer: B1ID-AD-TD-w-88                                                         :  5.429      at: 2025062912 05:34:31
CCC: i-sbt-tctrk-tcdiag.py -S e.88     ---> CurDT: 20250629 17:34:31 <--- 
TTTTTTTTTTTTTTTTTTTTTTT-------------------timer: B1ID-AD-TD-e-88                                                         :  3.981      at: 2025062912 05:34:35
CCC: i-sbt-tctrk-tcdiag.py -S l.88     ---> CurDT: 20250629 17:34:35 <--- 
TTTTTTTTTTTTTTTTTTTTTTT-------------------timer: B1ID-AD-TD-l-88                                                         :  3.009      at: 2025062912 05:34:38
CCC: i-sbt-tctrk-tcdiag.py -S c.88     ---> CurDT: 20250629 17:34:38 <--- 
TTTTTTTTTTTTTTTTTTTTTTT-------------------timer: B1ID-AD-TD-c-88                                                         :  0.922      at: 2025062912 05:34:39
CCC: i-sbt-tctrk-tcdiag.py -S i.88     ---> CurDT: 20250629 17:34:39 <--- 
TTTTTTTTTTTTTTTTTTTTTTT-------------------timer: B1ID-AD-TD-i-88                                                         :  1.072      at: 2025062912 05:34:40
TTTTTTTTTTTTTTTTTTTTTTT-------------------timer: AD-TD-88                                                                : 19.365      at: 2025062912 05:34:40
CCC: i-sbt-tctrk-tcdiag.py -S h.89     ---> CurDT: 20250629 17:34:40 <--- 
TTTTTTTTTTTTTTTTTTTTTTT-------------------timer: B1ID-AD-TD-h-89                                                         :  6.616      at: 2025062912 05:34:46
CCC: i-sbt-tctrk-tcdiag.py -S w.89     ---> CurDT: 20250629 17:34:46 <--- 
TTTTTTTTTTTTTTTTTTTTTTT-------------------timer: B1ID-AD-TD-w-89                                                         :  9.971      at: 2025062912 05:34:56
CCC: i-sbt-tctrk-tcdiag.py -S e.89     ---> CurDT: 20250629 17:34:56 <--- 
TTTTTTTTTTTTTTTTTTTTTTT-------------------timer: B1ID-AD-TD-e-89                                                         :  4.633      at: 2025062912 05:35:01
CCC: i-sbt-tctrk-tcdiag.py -S l.89     ---> CurDT: 20250629 17:35:01 <--- 
TTTTTTTTTTTTTTTTTTTTTTT-------------------timer: B1ID-AD-TD-l-89                                                         :  3.738      at: 2025062912 05:35:05
CCC: i-sbt-tctrk-tcdiag.py -S c.89     ---> CurDT: 20250629 17:35:05 <--- 
TTTTTTTTTTTTTTTTTTTTTTT-------------------timer: B1ID-AD-TD-c-89                                                         :  0.926      at: 2025062912 05:35:06
CCC: i-sbt-tctrk-tcdiag.py -S i.89     ---> CurDT: 20250629 17:35:06 <--- 
TTTTTTTTTTTTTTTTTTTTTTT-------------------timer: B1ID-AD-TD-i-89                                                         :  0.759      at: 2025062912 05:35:07
TTTTTTTTTTTTTTTTTTTTTTT-------------------timer: AD-TD-89                                                                : 26.744      at: 2025062912 05:35:07
TTTTTTTTTTTTTTTTTTTTTTT-------------------timer: AALLLL-AD-TD-80-89                                                      : 199.522      at: 2025062912 05:35:07
