TTTTTTTTTTTTTTTTTTTTTTT-------------------timer: aDtD-stmopt-h.45                                                        :  2.309      at: 2025062918 01:21:40
TTTTTTTTTTTTTTTTTTTTTTT-------------------timer: anl-adtd-h.45                                                           :  0.105      at: 2025062918 01:21:41
AAADDD -- trackers ALLGOOD   for istmopt:  h.45
TTTDDD -- diag files ALLGOOD for istmopt:  h.45
TTTTTTTTTTTTTTTTTTTTTTT-------------------timer: aDtD-ALL-h.45                                                           :  2.515      at: 2025062918 01:21:41
TTTTTTTTTTTTTTTTTTTTTTT-------------------timer: aDtD-stmopt-w.45                                                        :  3.747      at: 2025062918 01:21:45
TTTTTTTTTTTTTTTTTTTTTTT-------------------timer: anl-adtd-w.45                                                           :  0.112      at: 2025062918 01:21:45
AAADDD -- trackers ALLGOOD   for istmopt:  w.45
TTTDDD -- diag files ALLGOOD for istmopt:  w.45
TTTTTTTTTTTTTTTTTTTTTTT-------------------timer: aDtD-ALL-w.45                                                           :  3.960      at: 2025062918 01:21:45
TTTTTTTTTTTTTTTTTTTTTTT-------------------timer: anl-adtd-e.45                                                           :  0.100      at: 2025062918 01:21:45
AAADDD -- trackers ALLGOOD   for istmopt:  e.45
TTTDDD -- diag files ALLGOOD for istmopt:  e.45
TTTTTTTTTTTTTTTTTTTTTTT-------------------timer: aDtD-ALL-e.45                                                           :  0.201      at: 2025062918 01:21:45
TTTTTTTTTTTTTTTTTTTTTTT-------------------timer: aDtD-stmopt-l.45                                                        :  1.520      at: 2025062918 01:21:47
TTTTTTTTTTTTTTTTTTTTTTT-------------------timer: anl-adtd-l.45                                                           :  0.104      at: 2025062918 01:21:47
AAADDD -- trackers ALLGOOD   for istmopt:  l.45
TTTDDD -- diag files ALLGOOD for istmopt:  l.45
TTTTTTTTTTTTTTTTTTTTTTT-------------------timer: aDtD-ALL-l.45                                                           :  1.724      at: 2025062918 01:21:47
WWW-getMd2Years-- no storms for stmopt:  c.1945
WWW-setyears to em3year:  2024
TTTTTTTTTTTTTTTTTTTTTTT-------------------timer: aDtD-stmopt-c.45                                                        :  0.318      at: 2025062918 01:21:47
TTTTTTTTTTTTTTTTTTTTTTT-------------------timer: anl-adtd-c.45                                                           :  0.100      at: 2025062918 01:21:48
AAADDD -- trackers ALLGOOD   for istmopt:  c.45
TTTDDD -- diag files ALLGOOD for istmopt:  c.45
TTTTTTTTTTTTTTTTTTTTTTT-------------------timer: aDtD-ALL-c.45                                                           :  0.518      at: 2025062918 01:21:48
TTTTTTTTTTTTTTTTTTTTTTT-------------------timer: aDtD-stmopt-i.45                                                        :  1.350      at: 2025062918 01:21:49
TTTTTTTTTTTTTTTTTTTTTTT-------------------timer: anl-adtd-i.45                                                           :  0.103      at: 2025062918 01:21:49
AAADDD -- trackers ALLGOOD   for istmopt:  i.45
TTTDDD -- diag files ALLGOOD for istmopt:  i.45
TTTTTTTTTTTTTTTTTTTTTTT-------------------timer: aDtD-ALL-i.45                                                           :  1.553      at: 2025062918 01:21:49
TTTTTTTTTTTTTTTTTTTTTTT-------------------timer: aDtD-stmopt-h.46                                                        :  2.889      at: 2025062918 01:21:52
TTTTTTTTTTTTTTTTTTTTTTT-------------------timer: anl-adtd-h.46                                                           :  0.107      at: 2025062918 01:21:53
AAADDD -- trackers ALLGOOD   for istmopt:  h.46
TTTDDD -- diag files ALLGOOD for istmopt:  h.46
TTTTTTTTTTTTTTTTTTTTTTT-------------------timer: aDtD-ALL-h.46                                                           :  3.096      at: 2025062918 01:21:53
TTTTTTTTTTTTTTTTTTTTTTT-------------------timer: aDtD-stmopt-w.46                                                        :  2.531      at: 2025062918 01:21:55
TTTTTTTTTTTTTTTTTTTTTTT-------------------timer: anl-adtd-w.46                                                           :  0.109      at: 2025062918 01:21:55
AAADDD -- trackers ALLGOOD   for istmopt:  w.46
TTTDDD -- diag files ALLGOOD for istmopt:  w.46
TTTTTTTTTTTTTTTTTTTTTTT-------------------timer: aDtD-ALL-w.46                                                           :  2.741      at: 2025062918 01:21:56
TTTTTTTTTTTTTTTTTTTTTTT-------------------timer: anl-adtd-e.46                                                           :  0.100      at: 2025062918 01:21:56
AAADDD -- trackers ALLGOOD   for istmopt:  e.46
TTTDDD -- diag files ALLGOOD for istmopt:  e.46
TTTTTTTTTTTTTTTTTTTTTTT-------------------timer: aDtD-ALL-e.46                                                           :  0.201      at: 2025062918 01:21:56
TTTTTTTTTTTTTTTTTTTTTTT-------------------timer: aDtD-stmopt-l.46                                                        :  0.889      at: 2025062918 01:21:57
TTTTTTTTTTTTTTTTTTTTTTT-------------------timer: anl-adtd-l.46                                                           :  0.102      at: 2025062918 01:21:57
AAADDD -- trackers ALLGOOD   for istmopt:  l.46
TTTDDD -- diag files ALLGOOD for istmopt:  l.46
TTTTTTTTTTTTTTTTTTTTTTT-------------------timer: aDtD-ALL-l.46                                                           :  1.091      at: 2025062918 01:21:57
WWW-getMd2Years-- no storms for stmopt:  c.1946
WWW-setyears to em3year:  2024
TTTTTTTTTTTTTTTTTTTTTTT-------------------timer: aDtD-stmopt-c.46                                                        :  0.141      at: 2025062918 01:21:57
TTTTTTTTTTTTTTTTTTTTTTT-------------------timer: anl-adtd-c.46                                                           :  0.100      at: 2025062918 01:21:58
AAADDD -- trackers ALLGOOD   for istmopt:  c.46
TTTDDD -- diag files ALLGOOD for istmopt:  c.46
TTTTTTTTTTTTTTTTTTTTTTT-------------------timer: aDtD-ALL-c.46                                                           :  0.342      at: 2025062918 01:21:58
TTTTTTTTTTTTTTTTTTTTTTT-------------------timer: aDtD-stmopt-i.46                                                        :  1.812      at: 2025062918 01:22:00
TTTTTTTTTTTTTTTTTTTTTTT-------------------timer: anl-adtd-i.46                                                           :  0.105      at: 2025062918 01:22:00
AAADDD -- trackers ALLGOOD   for istmopt:  i.46
TTTDDD -- diag files ALLGOOD for istmopt:  i.46
TTTTTTTTTTTTTTTTTTTTTTT-------------------timer: aDtD-ALL-i.46                                                           :  2.018      at: 2025062918 01:22:00
TTTTTTTTTTTTTTTTTTTTTTT-------------------timer: aDtD-stmopt-h.47                                                        :  4.308      at: 2025062918 01:22:04
TTTTTTTTTTTTTTTTTTTTTTT-------------------timer: anl-adtd-h.47                                                           :  0.114      at: 2025062918 01:22:05
AAADDD -- trackers ALLGOOD   for istmopt:  h.47
TTTDDD -- diag files ALLGOOD for istmopt:  h.47
TTTTTTTTTTTTTTTTTTTTTTT-------------------timer: aDtD-ALL-h.47                                                           :  4.523      at: 2025062918 01:22:05
TTTTTTTTTTTTTTTTTTTTTTT-------------------timer: aDtD-stmopt-w.47                                                        :  3.533      at: 2025062918 01:22:08
TTTTTTTTTTTTTTTTTTTTTTT-------------------timer: anl-adtd-w.47                                                           :  0.110      at: 2025062918 01:22:08
AAADDD -- trackers ALLGOOD   for istmopt:  w.47
TTTDDD -- diag files ALLGOOD for istmopt:  w.47
TTTTTTTTTTTTTTTTTTTTTTT-------------------timer: aDtD-ALL-w.47                                                           :  3.743      at: 2025062918 01:22:09
TTTTTTTTTTTTTTTTTTTTTTT-------------------timer: anl-adtd-e.47                                                           :  0.100      at: 2025062918 01:22:09
AAADDD -- trackers ALLGOOD   for istmopt:  e.47
TTTDDD -- diag files ALLGOOD for istmopt:  e.47
TTTTTTTTTTTTTTTTTTTTTTT-------------------timer: aDtD-ALL-e.47                                                           :  0.201      at: 2025062918 01:22:09
TTTTTTTTTTTTTTTTTTTTTTT-------------------timer: aDtD-stmopt-l.47                                                        :  1.901      at: 2025062918 01:22:11
TTTTTTTTTTTTTTTTTTTTTTT-------------------timer: anl-adtd-l.47                                                           :  0.103      at: 2025062918 01:22:11
AAADDD -- trackers ALLGOOD   for istmopt:  l.47
TTTDDD -- diag files ALLGOOD for istmopt:  l.47
TTTTTTTTTTTTTTTTTTTTTTT-------------------timer: aDtD-ALL-l.47                                                           :  2.105      at: 2025062918 01:22:11
CCC: i-sbt-tctrk-tcdiag.py -S h.45     ---> CurDT: 20250629 19:21:38 <--- 
TTTTTTTTTTTTTTTTTTTTTTT-------------------timer: B1ID-AD-TD-h-45                                                         :  2.661      at: 2025062918 01:21:41
CCC: i-sbt-tctrk-tcdiag.py -S w.45     ---> CurDT: 20250629 19:21:41 <--- 
TTTTTTTTTTTTTTTTTTTTTTT-------------------timer: B1ID-AD-TD-w-45                                                         :  4.111      at: 2025062918 01:21:45
CCC: i-sbt-tctrk-tcdiag.py -S e.45     ---> CurDT: 20250629 19:21:45 <--- 
TTTTTTTTTTTTTTTTTTTTTTT-------------------timer: B1ID-AD-TD-e-45                                                         :  0.352      at: 2025062918 01:21:45
CCC: i-sbt-tctrk-tcdiag.py -S l.45     ---> CurDT: 20250629 19:21:45 <--- 
TTTTTTTTTTTTTTTTTTTTTTT-------------------timer: B1ID-AD-TD-l-45                                                         :  1.874      at: 2025062918 01:21:47
CCC: i-sbt-tctrk-tcdiag.py -S c.45     ---> CurDT: 20250629 19:21:47 <--- 
TTTTTTTTTTTTTTTTTTTTTTT-------------------timer: B1ID-AD-TD-c-45                                                         :  0.662      at: 2025062918 01:21:48
CCC: i-sbt-tctrk-tcdiag.py -S i.45     ---> CurDT: 20250629 19:21:48 <--- 
TTTTTTTTTTTTTTTTTTTTTTT-------------------timer: B1ID-AD-TD-i-45                                                         :  1.709      at: 2025062918 01:21:49
TTTTTTTTTTTTTTTTTTTTTTT-------------------timer: AD-TD-45                                                                : 11.470      at: 2025062918 01:21:50
CCC: i-sbt-tctrk-tcdiag.py -S h.46     ---> CurDT: 20250629 19:21:50 <--- 
TTTTTTTTTTTTTTTTTTTTTTT-------------------timer: B1ID-AD-TD-h-46                                                         :  3.250      at: 2025062918 01:21:53
CCC: i-sbt-tctrk-tcdiag.py -S w.46     ---> CurDT: 20250629 19:21:53 <--- 
TTTTTTTTTTTTTTTTTTTTTTT-------------------timer: B1ID-AD-TD-w-46                                                         :  2.891      at: 2025062918 01:21:56
CCC: i-sbt-tctrk-tcdiag.py -S e.46     ---> CurDT: 20250629 19:21:56 <--- 
TTTTTTTTTTTTTTTTTTTTTTT-------------------timer: B1ID-AD-TD-e-46                                                         :  0.356      at: 2025062918 01:21:56
CCC: i-sbt-tctrk-tcdiag.py -S l.46     ---> CurDT: 20250629 19:21:56 <--- 
TTTTTTTTTTTTTTTTTTTTTTT-------------------timer: B1ID-AD-TD-l-46                                                         :  1.245      at: 2025062918 01:21:57
CCC: i-sbt-tctrk-tcdiag.py -S c.46     ---> CurDT: 20250629 19:21:57 <--- 
TTTTTTTTTTTTTTTTTTTTTTT-------------------timer: B1ID-AD-TD-c-46                                                         :  0.490      at: 2025062918 01:21:58
CCC: i-sbt-tctrk-tcdiag.py -S i.46     ---> CurDT: 20250629 19:21:58 <--- 
TTTTTTTTTTTTTTTTTTTTTTT-------------------timer: B1ID-AD-TD-i-46                                                         :  2.172      at: 2025062918 01:22:00
TTTTTTTTTTTTTTTTTTTTTTT-------------------timer: AD-TD-46                                                                : 10.505      at: 2025062918 01:22:00
CCC: i-sbt-tctrk-tcdiag.py -S h.47     ---> CurDT: 20250629 19:22:00 <--- 
TTTTTTTTTTTTTTTTTTTTTTT-------------------timer: B1ID-AD-TD-h-47                                                         :  4.675      at: 2025062918 01:22:05
CCC: i-sbt-tctrk-tcdiag.py -S w.47     ---> CurDT: 20250629 19:22:05 <--- 
TTTTTTTTTTTTTTTTTTTTTTT-------------------timer: B1ID-AD-TD-w-47                                                         :  3.910      at: 2025062918 01:22:09
CCC: i-sbt-tctrk-tcdiag.py -S e.47     ---> CurDT: 20250629 19:22:09 <--- 
TTTTTTTTTTTTTTTTTTTTTTT-------------------timer: B1ID-AD-TD-e-47                                                         :  0.357      at: 2025062918 01:22:09
CCC: i-sbt-tctrk-tcdiag.py -S l.47     ---> CurDT: 20250629 19:22:09 <--- 
TTTTTTTTTTTTTTTTTTTTTTT-------------------timer: B1ID-AD-TD-l-47                                                         :  2.275      at: 2025062918 01:22:11
CCC: i-sbt-tctrk-tcdiag.py -S c.47WWW-getMd2Years-- no storms for stmopt:  c.1947
WWW-setyears to em3year:  2024
TTTTTTTTTTTTTTTTTTTTTTT-------------------timer: aDtD-stmopt-c.47                                                        :  0.142      at: 2025062918 01:22:11
TTTTTTTTTTTTTTTTTTTTTTT-------------------timer: anl-adtd-c.47                                                           :  0.100      at: 2025062918 01:22:12
AAADDD -- trackers ALLGOOD   for istmopt:  c.47
TTTDDD -- diag files ALLGOOD for istmopt:  c.47
TTTTTTTTTTTTTTTTTTTTTTT-------------------timer: aDtD-ALL-c.47                                                           :  0.342      at: 2025062918 01:22:12
TTTTTTTTTTTTTTTTTTTTTTT-------------------timer: aDtD-stmopt-i.47                                                        :  3.466      at: 2025062918 01:22:15
TTTTTTTTTTTTTTTTTTTTTTT-------------------timer: anl-adtd-i.47                                                           :  0.105      at: 2025062918 01:22:15
AAADDD -- trackers ALLGOOD   for istmopt:  i.47
TTTDDD -- diag files ALLGOOD for istmopt:  i.47
TTTTTTTTTTTTTTTTTTTTTTT-------------------timer: aDtD-ALL-i.47                                                           :  3.671      at: 2025062918 01:22:16
TTTTTTTTTTTTTTTTTTTTTTT-------------------timer: aDtD-stmopt-h.48                                                        :  3.429      at: 2025062918 01:22:19
TTTTTTTTTTTTTTTTTTTTTTT-------------------timer: anl-adtd-h.48                                                           :  0.112      at: 2025062918 01:22:19
AAADDD -- trackers ALLGOOD   for istmopt:  h.48
TTTDDD redo Nruns: 7
TTTTTTTTTTTTTTTTTTTTTTT-------------------timer: aDtD-ALL-h.48                                                           :  3.641      at: 2025062918 01:22:19
TTTTTTTTTTTTTTTTTTTTTTT-------------------timer: aDtD-stmopt-w.48                                                        :  3.661      at: 2025062918 01:22:23
TTTTTTTTTTTTTTTTTTTTTTT-------------------timer: anl-adtd-w.48                                                           :  0.108      at: 2025062918 01:22:23
AAADDD -- trackers ALLGOOD   for istmopt:  w.48
TTTDDD -- diag files ALLGOOD for istmopt:  w.48
TTTTTTTTTTTTTTTTTTTTTTT-------------------timer: aDtD-ALL-w.48                                                           :  3.869      at: 2025062918 01:22:23
TTTTTTTTTTTTTTTTTTTTTTT-------------------timer: anl-adtd-e.48                                                           :  0.100      at: 2025062918 01:22:24
AAADDD -- trackers ALLGOOD   for istmopt:  e.48
TTTDDD -- diag files ALLGOOD for istmopt:  e.48
TTTTTTTTTTTTTTTTTTTTTTT-------------------timer: aDtD-ALL-e.48                                                           :  0.201      at: 2025062918 01:22:24
TTTTTTTTTTTTTTTTTTTTTTT-------------------timer: aDtD-stmopt-l.48                                                        :  2.110      at: 2025062918 01:22:26
TTTTTTTTTTTTTTTTTTTTTTT-------------------timer: anl-adtd-l.48                                                           :  0.103      at: 2025062918 01:22:26
AAADDD -- trackers ALLGOOD   for istmopt:  l.48
TTTDDD -- diag files ALLGOOD for istmopt:  l.48
TTTTTTTTTTTTTTTTTTTTTTT-------------------timer: aDtD-ALL-l.48                                                           :  2.314      at: 2025062918 01:22:26
WWW-getMd2Years-- no storms for stmopt:  c.1948
WWW-setyears to em3year:  2024
TTTTTTTTTTTTTTTTTTTTTTT-------------------timer: aDtD-stmopt-c.48                                                        :  0.141      at: 2025062918 01:22:27
TTTTTTTTTTTTTTTTTTTTTTT-------------------timer: anl-adtd-c.48                                                           :  0.100      at: 2025062918 01:22:27
AAADDD -- trackers ALLGOOD   for istmopt:  c.48
TTTDDD -- diag files ALLGOOD for istmopt:  c.48
TTTTTTTTTTTTTTTTTTTTTTT-------------------timer: aDtD-ALL-c.48                                                           :  0.341      at: 2025062918 01:22:27
TTTTTTTTTTTTTTTTTTTTTTT-------------------timer: aDtD-stmopt-i.48                                                        :  0.889      at: 2025062918 01:22:28
TTTTTTTTTTTTTTTTTTTTTTT-------------------timer: anl-adtd-i.48                                                           :  0.101      at: 2025062918 01:22:28
AAADDD -- trackers ALLGOOD   for istmopt:  i.48
TTTDDD -- diag files ALLGOOD for istmopt:  i.48
TTTTTTTTTTTTTTTTTTTTTTT-------------------timer: aDtD-ALL-i.48                                                           :  1.091      at: 2025062918 01:22:28
TTTTTTTTTTTTTTTTTTTTTTT-------------------timer: aDtD-stmopt-h.49                                                        :  5.129      at: 2025062918 01:22:33
TTTTTTTTTTTTTTTTTTTTTTT-------------------timer: anl-adtd-h.49                                                           :  0.108      at: 2025062918 01:22:33
AAADDD -- trackers ALLGOOD   for istmopt:  h.49
TTTDDD -- diag files ALLGOOD for istmopt:  h.49
TTTTTTTTTTTTTTTTTTTTTTT-------------------timer: aDtD-ALL-h.49                                                           :  5.338      at: 2025062918 01:22:34
TTTTTTTTTTTTTTTTTTTTTTT-------------------timer: aDtD-stmopt-w.49                                                        :  5.167      at: 2025062918 01:22:39
TTTTTTTTTTTTTTTTTTTTTTT-------------------timer: anl-adtd-w.49                                                           :  0.108      at: 2025062918 01:22:39
AAADDD -- trackers ALLGOOD   for istmopt:  w.49
TTTDDD -- diag files ALLGOOD for istmopt:  w.49
TTTTTTTTTTTTTTTTTTTTTTT-------------------timer: aDtD-ALL-w.49                                                           :  5.375      at: 2025062918 01:22:39
TTTTTTTTTTTTTTTTTTTTTTT-------------------timer: aDtD-stmopt-e.49                                                        :  0.663      at: 2025062918 01:22:40
TTTTTTTTTTTTTTTTTTTTTTT-------------------timer: anl-adtd-e.49                                                           :  0.101      at: 2025062918 01:22:40
AAADDD -- trackers ALLGOOD   for istmopt:  e.49
TTTDDD -- diag files ALLGOOD for istmopt:  e.49
TTTTTTTTTTTTTTTTTTTTTTT-------------------timer: aDtD-ALL-e.49                                                           :  0.864      at: 2025062918 01:22:40
TTTTTTTTTTTTTTTTTTTTTTT-------------------timer: aDtD-stmopt-l.49                                                        :  2.880      at: 2025062918 01:22:43
TTTTTTTTTTTTTTTTTTTTTTT-------------------timer: anl-adtd-l.49                                                           :  0.106      at: 2025062918 01:22:43
AAADDD -- trackers ALLGOOD   for istmopt:  l.49
TTTDDD -- diag files ALLGOOD for istmopt:  l.49
TTTTTTTTTTTTTTTTTTTTTTT-------------------timer: aDtD-ALL-l.49                                                           :  3.087      at: 2025062918 01:22:43
WWW-getMd2Years-- no storms for stmopt:  c.1949
WWW-setyears to em3year:  2024
TTTTTTTTTTTTTTTTTTTTTTT-------------------timer: aDtD-stmopt-c.49                                                        :  0.290      at: 2025062918 01:22:44
TTTTTTTTTTTTTTTTTTTTTTT-------------------timer: anl-adtd-c.49                                                           :  0.100      at: 2025062918 01:22:44
AAADDD -- trackers ALLGOOD   for istmopt:  c.49
TTTDDD -- diag files ALLGOOD for istmopt:  c.49
TTTTTTTTTTTTTTTTTTTTTTT-------------------timer: aDtD-ALL-c.49                                                           :  0.490      at: 2025062918 01:22:44
TTTTTTTTTTTTTTTTTTTTTTT-------------------timer: aDtD-stmopt-i.49                                                        :  1.076      at: 2025062918 01:22:45
TTTTTTTTTTTTTTTTTTTTTTT-------------------timer: anl-adtd-i.49                                                           :  0.102      at: 2025062918 01:22:45
AAADDD -- trackers ALLGOOD   for istmopt:  i.49
TTTDDD -- diag files ALLGOOD for istmopt:  i.49
TTTTTTTTTTTTTTTTTTTTTTT-------------------timer: aDtD-ALL-i.49                                                           :  1.279      at: 2025062918 01:22:46
     ---> CurDT: 20250629 19:22:11 <--- 
TTTTTTTTTTTTTTTTTTTTTTT-------------------timer: B1ID-AD-TD-c-47                                                         :  0.499      at: 2025062918 01:22:12
CCC: i-sbt-tctrk-tcdiag.py -S i.47     ---> CurDT: 20250629 19:22:12 <--- 
TTTTTTTTTTTTTTTTTTTTTTT-------------------timer: B1ID-AD-TD-i-47                                                         :  3.837      at: 2025062918 01:22:16
TTTTTTTTTTTTTTTTTTTTTTT-------------------timer: AD-TD-47                                                                : 15.654      at: 2025062918 01:22:16
CCC: i-sbt-tctrk-tcdiag.py -S h.48     ---> CurDT: 20250629 19:22:16 <--- 
TTTTTTTTTTTTTTTTTTTTTTT-------------------timer: B1ID-AD-TD-h-48                                                         :  3.792      at: 2025062918 01:22:20
CCC: i-sbt-tctrk-tcdiag.py -S w.48     ---> CurDT: 20250629 19:22:20 <--- 
TTTTTTTTTTTTTTTTTTTTTTT-------------------timer: B1ID-AD-TD-w-48                                                         :  4.035      at: 2025062918 01:22:24
CCC: i-sbt-tctrk-tcdiag.py -S e.48     ---> CurDT: 20250629 19:22:24 <--- 
TTTTTTTTTTTTTTTTTTTTTTT-------------------timer: B1ID-AD-TD-e-48                                                         :  0.361      at: 2025062918 01:22:24
CCC: i-sbt-tctrk-tcdiag.py -S l.48     ---> CurDT: 20250629 19:22:24 <--- 
TTTTTTTTTTTTTTTTTTTTTTT-------------------timer: B1ID-AD-TD-l-48                                                         :  2.492      at: 2025062918 01:22:26
CCC: i-sbt-tctrk-tcdiag.py -S c.48     ---> CurDT: 20250629 19:22:26 <--- 
TTTTTTTTTTTTTTTTTTTTTTT-------------------timer: B1ID-AD-TD-c-48                                                         :  0.499      at: 2025062918 01:22:27
CCC: i-sbt-tctrk-tcdiag.py -S i.48     ---> CurDT: 20250629 19:22:27 <--- 
TTTTTTTTTTTTTTTTTTTTTTT-------------------timer: B1ID-AD-TD-i-48                                                         :  1.230      at: 2025062918 01:22:28
TTTTTTTTTTTTTTTTTTTTTTT-------------------timer: AD-TD-48                                                                : 12.510      at: 2025062918 01:22:28
CCC: i-sbt-tctrk-tcdiag.py -S h.49     ---> CurDT: 20250629 19:22:28 <--- 
TTTTTTTTTTTTTTTTTTTTTTT-------------------timer: B1ID-AD-TD-h-49                                                         :  5.488      at: 2025062918 01:22:34
CCC: i-sbt-tctrk-tcdiag.py -S w.49     ---> CurDT: 20250629 19:22:34 <--- 
TTTTTTTTTTTTTTTTTTTTTTT-------------------timer: B1ID-AD-TD-w-49                                                         :  5.537      at: 2025062918 01:22:39
CCC: i-sbt-tctrk-tcdiag.py -S e.49     ---> CurDT: 20250629 19:22:39 <--- 
TTTTTTTTTTTTTTTTTTTTTTT-------------------timer: B1ID-AD-TD-e-49                                                         :  1.026      at: 2025062918 01:22:40
CCC: i-sbt-tctrk-tcdiag.py -S l.49     ---> CurDT: 20250629 19:22:40 <--- 
TTTTTTTTTTTTTTTTTTTTTTT-------------------timer: B1ID-AD-TD-l-49                                                         :  3.260      at: 2025062918 01:22:44
CCC: i-sbt-tctrk-tcdiag.py -S c.49     ---> CurDT: 20250629 19:22:44 <--- 
TTTTTTTTTTTTTTTTTTTTTTT-------------------timer: B1ID-AD-TD-c-49                                                         :  0.652      at: 2025062918 01:22:44
CCC: i-sbt-tctrk-tcdiag.py -S i.49     ---> CurDT: 20250629 19:22:44 <--- 
TTTTTTTTTTTTTTTTTTTTTTT-------------------timer: B1ID-AD-TD-i-49                                                         :  1.441      at: 2025062918 01:22:46
TTTTTTTTTTTTTTTTTTTTTTT-------------------timer: AD-TD-49                                                                : 17.503      at: 2025062918 01:22:46
TTTTTTTTTTTTTTTTTTTTTTT-------------------timer: AALLLL-AD-TD-45-49                                                      : 67.742      at: 2025062918 01:22:46
