TTTTTTTTTTTTTTTTTTTTTTT-------------------timer: aDtD-stmopt-h.50                                                        :  4.251      at: 2025062918 00:27:11
TTTTTTTTTTTTTTTTTTTTTTT-------------------timer: anl-adtd-h.50                                                           :  0.111      at: 2025062918 00:27:11
AAADDD -- trackers ALLGOOD   for istmopt:  h.50
TTTDDD -- diag files ALLGOOD for istmopt:  h.50
TTTTTTTTTTTTTTTTTTTTTTT-------------------timer: aDtD-ALL-h.50                                                           :  4.462      at: 2025062918 00:27:11
TTTTTTTTTTTTTTTTTTTTTTT-------------------timer: aDtD-stmopt-w.50                                                        :  2.601      at: 2025062918 00:27:14
TTTTTTTTTTTTTTTTTTTTTTT-------------------timer: anl-adtd-w.50                                                           :  0.108      at: 2025062918 00:27:14
AAADDD -- trackers ALLGOOD   for istmopt:  w.50
TTTDDD -- diag files ALLGOOD for istmopt:  w.50
TTTTTTTTTTTTTTTTTTTTTTT-------------------timer: aDtD-ALL-w.50                                                           :  2.809      at: 2025062918 00:27:14
TTTTTTTTTTTTTTTTTTTTTTT-------------------timer: aDtD-stmopt-e.50                                                        :  0.468      at: 2025062918 00:27:14
TTTTTTTTTTTTTTTTTTTTTTT-------------------timer: anl-adtd-e.50                                                           :  0.101      at: 2025062918 00:27:14
AAADDD -- trackers ALLGOOD   for istmopt:  e.50
TTTDDD -- diag files ALLGOOD for istmopt:  e.50
TTTTTTTTTTTTTTTTTTTTTTT-------------------timer: aDtD-ALL-e.50                                                           :  0.670      at: 2025062918 00:27:15
TTTTTTTTTTTTTTTTTTTTTTT-------------------timer: aDtD-stmopt-l.50                                                        :  3.911      at: 2025062918 00:27:19
TTTTTTTTTTTTTTTTTTTTTTT-------------------timer: anl-adtd-l.50                                                           :  0.107      at: 2025062918 00:27:19
AAADDD -- trackers ALLGOOD   for istmopt:  l.50
TTTDDD -- diag files ALLGOOD for istmopt:  l.50
TTTTTTTTTTTTTTTTTTTTTTT-------------------timer: aDtD-ALL-l.50                                                           :  4.119      at: 2025062918 00:27:19
TTTTTTTTTTTTTTTTTTTTTTT-------------------timer: aDtD-stmopt-c.50                                                        :  0.244      at: 2025062918 00:27:19
TTTTTTTTTTTTTTTTTTTTTTT-------------------timer: anl-adtd-c.50                                                           :  0.100      at: 2025062918 00:27:19
AAADDD -- trackers ALLGOOD   for istmopt:  c.50
TTTDDD -- diag files ALLGOOD for istmopt:  c.50
TTTTTTTTTTTTTTTTTTTTTTT-------------------timer: aDtD-ALL-c.50                                                           :  0.445      at: 2025062918 00:27:19
TTTTTTTTTTTTTTTTTTTTTTT-------------------timer: aDtD-stmopt-i.50                                                        :  1.451      at: 2025062918 00:27:21
TTTTTTTTTTTTTTTTTTTTTTT-------------------timer: anl-adtd-i.50                                                           :  0.105      at: 2025062918 00:27:21
AAADDD -- trackers ALLGOOD   for istmopt:  i.50
TTTDDD -- diag files ALLGOOD for istmopt:  i.50
TTTTTTTTTTTTTTTTTTTTTTT-------------------timer: aDtD-ALL-i.50                                                           :  1.656      at: 2025062918 00:27:21
TTTTTTTTTTTTTTTTTTTTTTT-------------------timer: aDtD-stmopt-h.51                                                        :  4.342      at: 2025062918 00:27:26
TTTTTTTTTTTTTTTTTTTTTTT-------------------timer: anl-adtd-h.51                                                           :  0.120      at: 2025062918 00:27:26
AAADDD -- trackers ALLGOOD   for istmopt:  h.51
TTTDDD -- diag files ALLGOOD for istmopt:  h.51
TTTTTTTTTTTTTTTTTTTTTTT-------------------timer: aDtD-ALL-h.51                                                           :  4.563      at: 2025062918 00:27:26
TTTTTTTTTTTTTTTTTTTTTTT-------------------timer: aDtD-stmopt-w.51                                                        :  3.396      at: 2025062918 00:27:30
TTTTTTTTTTTTTTTTTTTTTTT-------------------timer: anl-adtd-w.51                                                           :  0.107      at: 2025062918 00:27:30
AAADDD -- trackers ALLGOOD   for istmopt:  w.51
TTTDDD -- diag files ALLGOOD for istmopt:  w.51
TTTTTTTTTTTTTTTTTTTTTTT-------------------timer: aDtD-ALL-w.51                                                           :  3.604      at: 2025062918 00:27:30
TTTTTTTTTTTTTTTTTTTTTTT-------------------timer: aDtD-stmopt-e.51                                                        :  0.851      at: 2025062918 00:27:31
TTTTTTTTTTTTTTTTTTTTTTT-------------------timer: anl-adtd-e.51                                                           :  0.102      at: 2025062918 00:27:31
AAADDD -- trackers ALLGOOD   for istmopt:  e.51
TTTDDD -- diag files ALLGOOD for istmopt:  e.51
TTTTTTTTTTTTTTTTTTTTTTT-------------------timer: aDtD-ALL-e.51                                                           :  1.053      at: 2025062918 00:27:31
TTTTTTTTTTTTTTTTTTTTTTT-------------------timer: aDtD-stmopt-l.51                                                        :  2.453      at: 2025062918 00:27:34
TTTTTTTTTTTTTTTTTTTTTTT-------------------timer: anl-adtd-l.51                                                           :  0.106      at: 2025062918 00:27:34
AAADDD -- trackers ALLGOOD   for istmopt:  l.51
TTTDDD -- diag files ALLGOOD for istmopt:  l.51
TTTTTTTTTTTTTTTTTTTTTTT-------------------timer: aDtD-ALL-l.51                                                           :  2.659      at: 2025062918 00:27:34
WWW-getMd2Years-- no storms for stmopt:  c.1951
WWW-setyears to em3year:  2024
TTTTTTTTTTTTTTTTTTTTTTT-------------------timer: aDtD-stmopt-c.51                                                        :  0.144      at: 2025062918 00:27:34
TTTTTTTTTTTTTTTTTTTTTTT-------------------timer: anl-adtd-c.51                                                           :  0.100      at: 2025062918 00:27:34
AAADDD -- trackers ALLGOOD   for istmopt:  c.51
TTTDDD -- diag files ALLGOOD for istmopt:  c.51
TTTTTTTTTTTTTTTTTTTTTTT-------------------timer: aDtD-ALL-c.51                                                           :  0.344      at: 2025062918 00:27:34
TTTTTTTTTTTTTTTTTTTTTTT-------------------timer: aDtD-stmopt-i.51                                                        :  1.216      at: 2025062918 00:27:36
TTTTTTTTTTTTTTTTTTTTTTT-------------------timer: anl-adtd-i.51                                                           :  0.102      at: 2025062918 00:27:36
AAADDD -- trackers ALLGOOD   for istmopt:  i.51
TTTDDD -- diag files ALLGOOD for istmopt:  i.51
TTTTTTTTTTTTTTTTTTTTTTT-------------------timer: aDtD-ALL-i.51                                                           :  1.418      at: 2025062918 00:27:36
TTTTTTTTTTTTTTTTTTTTTTT-------------------timer: aDtD-stmopt-h.52                                                        :  5.491      at: 2025062918 00:27:42
TTTTTTTTTTTTTTTTTTTTTTT-------------------timer: anl-adtd-h.52                                                           :  0.110      at: 2025062918 00:27:42
AAADDD -- trackers ALLGOOD   for istmopt:  h.52
TTTDDD redo Nruns: 2
TTTTTTTTTTTTTTTTTTTTTTT-------------------timer: aDtD-ALL-h.52                                                           :  5.701      at: 2025062918 00:27:42
TTTTTTTTTTTTTTTTTTTTTTT-------------------timer: aDtD-stmopt-w.52                                                        :  5.673      at: 2025062918 00:27:48
TTTTTTTTTTTTTTTTTTTTTTT-------------------timer: anl-adtd-w.52                                                           :  0.119      at: 2025062918 00:27:48
AAADDD -- trackers ALLGOOD   for istmopt:  w.52
TTTDDD -- diag files ALLGOOD for istmopt:  w.52
TTTTTTTTTTTTTTTTTTTTTTT-------------------timer: aDtD-ALL-w.52                                                           :  5.892      at: 2025062918 00:27:48
TTTTTTTTTTTTTTTTTTTTTTT-------------------timer: aDtD-stmopt-e.52                                                        :  0.690      at: 2025062918 00:27:49
TTTTTTTTTTTTTTTTTTTTTTT-------------------timer: anl-adtd-e.52                                                           :  0.101      at: 2025062918 00:27:49
AAADDD -- trackers ALLGOOD   for istmopt:  e.52
TTTDDD -- diag files ALLGOOD for istmopt:  e.52
TTTTTTTTTTTTTTTTTTTTTTT-------------------timer: aDtD-ALL-e.52                                                           :  0.892      at: 2025062918 00:27:49
TTTTTTTTTTTTTTTTTTTTTTT-------------------timer: aDtD-stmopt-l.52                                                        :  1.928      at: 2025062918 00:27:51
TTTTTTTTTTTTTTTTTTTTTTT-------------------timer: anl-adtd-l.52                                                           :  0.104      at: 2025062918 00:27:51
AAADDD -- trackers ALLGOOD   for istmopt:  l.52
TTTDDD -- diag files ALLGOOD for istmopt:  l.52
TTTTTTTTTTTTTTTTTTTTTTT-------------------timer: aDtD-ALL-l.52                                                           :  2.133      at: 2025062918 00:27:51
CCC: i-sbt-tctrk-tcdiag.py -S h.50     ---> CurDT: 20250629 18:27:06 <--- 
TTTTTTTTTTTTTTTTTTTTTTT-------------------timer: B1ID-AD-TD-h-50                                                         :  4.601      at: 2025062918 00:27:11
CCC: i-sbt-tctrk-tcdiag.py -S w.50     ---> CurDT: 20250629 18:27:11 <--- 
TTTTTTTTTTTTTTTTTTTTTTT-------------------timer: B1ID-AD-TD-w-50                                                         :  2.983      at: 2025062918 00:27:14
CCC: i-sbt-tctrk-tcdiag.py -S e.50     ---> CurDT: 20250629 18:27:14 <--- 
TTTTTTTTTTTTTTTTTTTTTTT-------------------timer: B1ID-AD-TD-e-50                                                         :  0.829      at: 2025062918 00:27:15
CCC: i-sbt-tctrk-tcdiag.py -S l.50     ---> CurDT: 20250629 18:27:15 <--- 
TTTTTTTTTTTTTTTTTTTTTTT-------------------timer: B1ID-AD-TD-l-50                                                         :  4.267      at: 2025062918 00:27:19
CCC: i-sbt-tctrk-tcdiag.py -S c.50     ---> CurDT: 20250629 18:27:19 <--- 
TTTTTTTTTTTTTTTTTTTTTTT-------------------timer: B1ID-AD-TD-c-50                                                         :  0.597      at: 2025062918 00:27:20
CCC: i-sbt-tctrk-tcdiag.py -S i.50     ---> CurDT: 20250629 18:27:20 <--- 
TTTTTTTTTTTTTTTTTTTTTTT-------------------timer: B1ID-AD-TD-i-50                                                         :  1.822      at: 2025062918 00:27:21
TTTTTTTTTTTTTTTTTTTTTTT-------------------timer: AD-TD-50                                                                : 15.200      at: 2025062918 00:27:22
CCC: i-sbt-tctrk-tcdiag.py -S h.51     ---> CurDT: 20250629 18:27:22 <--- 
TTTTTTTTTTTTTTTTTTTTTTT-------------------timer: B1ID-AD-TD-h-51                                                         :  4.731      at: 2025062918 00:27:26
CCC: i-sbt-tctrk-tcdiag.py -S w.51     ---> CurDT: 20250629 18:27:26 <--- 
TTTTTTTTTTTTTTTTTTTTTTT-------------------timer: B1ID-AD-TD-w-51                                                         :  3.760      at: 2025062918 00:27:30
CCC: i-sbt-tctrk-tcdiag.py -S e.51     ---> CurDT: 20250629 18:27:30 <--- 
TTTTTTTTTTTTTTTTTTTTTTT-------------------timer: B1ID-AD-TD-e-51                                                         :  1.211      at: 2025062918 00:27:31
CCC: i-sbt-tctrk-tcdiag.py -S l.51     ---> CurDT: 20250629 18:27:31 <--- 
TTTTTTTTTTTTTTTTTTTTTTT-------------------timer: B1ID-AD-TD-l-51                                                         :  2.824      at: 2025062918 00:27:34
CCC: i-sbt-tctrk-tcdiag.py -S c.51     ---> CurDT: 20250629 18:27:34 <--- 
TTTTTTTTTTTTTTTTTTTTTTT-------------------timer: B1ID-AD-TD-c-51                                                         :  0.498      at: 2025062918 00:27:35
CCC: i-sbt-tctrk-tcdiag.py -S i.51     ---> CurDT: 20250629 18:27:35 <--- 
TTTTTTTTTTTTTTTTTTTTTTT-------------------timer: B1ID-AD-TD-i-51                                                         :  1.572      at: 2025062918 00:27:36
TTTTTTTTTTTTTTTTTTTTTTT-------------------timer: AD-TD-51                                                                : 14.696      at: 2025062918 00:27:36
CCC: i-sbt-tctrk-tcdiag.py -S h.52     ---> CurDT: 20250629 18:27:36 <--- 
TTTTTTTTTTTTTTTTTTTTTTT-------------------timer: B1ID-AD-TD-h-52                                                         :  5.846      at: 2025062918 00:27:42
CCC: i-sbt-tctrk-tcdiag.py -S w.52     ---> CurDT: 20250629 18:27:42 <--- 
TTTTTTTTTTTTTTTTTTTTTTT-------------------timer: B1ID-AD-TD-w-52                                                         :  6.047      at: 2025062918 00:27:48
CCC: i-sbt-tctrk-tcdiag.py -S e.52     ---> CurDT: 20250629 18:27:48 <--- 
TTTTTTTTTTTTTTTTTTTTTTT-------------------timer: B1ID-AD-TD-e-52                                                         :  1.048      at: 2025062918 00:27:49
CCC: i-sbt-tctrk-tcdiag.py -S l.52     ---> CurDT: 20250629 18:27:49 <--- 
TTTTTTTTTTTTTTTTTTTTTTT-------------------timer: B1ID-AD-TD-l-52                                                         :  2.315      at: 2025062918 00:27:51
CCC: i-sbt-tctrk-tcdiag.py -S c.52WWW-getMd2Years-- no storms for stmopt:  c.1952
WWW-setyears to em3year:  2024
TTTTTTTTTTTTTTTTTTTTTTT-------------------timer: aDtD-stmopt-c.52                                                        :  0.144      at: 2025062918 00:27:52
TTTTTTTTTTTTTTTTTTTTTTT-------------------timer: anl-adtd-c.52                                                           :  0.100      at: 2025062918 00:27:52
AAADDD -- trackers ALLGOOD   for istmopt:  c.52
TTTDDD -- diag files ALLGOOD for istmopt:  c.52
TTTTTTTTTTTTTTTTTTTTTTT-------------------timer: aDtD-ALL-c.52                                                           :  0.345      at: 2025062918 00:27:52
TTTTTTTTTTTTTTTTTTTTTTT-------------------timer: aDtD-stmopt-i.52                                                        :  1.684      at: 2025062918 00:27:54
TTTTTTTTTTTTTTTTTTTTTTT-------------------timer: anl-adtd-i.52                                                           :  0.104      at: 2025062918 00:27:54
AAADDD -- trackers ALLGOOD   for istmopt:  i.52
TTTDDD -- diag files ALLGOOD for istmopt:  i.52
TTTTTTTTTTTTTTTTTTTTTTT-------------------timer: aDtD-ALL-i.52                                                           :  1.888      at: 2025062918 00:27:54
TTTTTTTTTTTTTTTTTTTTTTT-------------------timer: aDtD-stmopt-h.53                                                        :  4.282      at: 2025062918 00:27:58
TTTTTTTTTTTTTTTTTTTTTTT-------------------timer: anl-adtd-h.53                                                           :  0.110      at: 2025062918 00:27:59
AAADDD -- trackers ALLGOOD   for istmopt:  h.53
TTTDDD -- diag files ALLGOOD for istmopt:  h.53
TTTTTTTTTTTTTTTTTTTTTTT-------------------timer: aDtD-ALL-h.53                                                           :  4.492      at: 2025062918 00:27:59
TTTTTTTTTTTTTTTTTTTTTTT-------------------timer: aDtD-stmopt-w.53                                                        :  4.421      at: 2025062918 00:28:03
TTTTTTTTTTTTTTTTTTTTTTT-------------------timer: anl-adtd-w.53                                                           :  0.117      at: 2025062918 00:28:03
AAADDD -- trackers ALLGOOD   for istmopt:  w.53
TTTDDD -- diag files ALLGOOD for istmopt:  w.53
TTTTTTTTTTTTTTTTTTTTTTT-------------------timer: aDtD-ALL-w.53                                                           :  4.638      at: 2025062918 00:28:03
TTTTTTTTTTTTTTTTTTTTTTT-------------------timer: aDtD-stmopt-e.53                                                        :  0.455      at: 2025062918 00:28:04
TTTTTTTTTTTTTTTTTTTTTTT-------------------timer: anl-adtd-e.53                                                           :  0.101      at: 2025062918 00:28:04
AAADDD -- trackers ALLGOOD   for istmopt:  e.53
TTTDDD -- diag files ALLGOOD for istmopt:  e.53
TTTTTTTTTTTTTTTTTTTTTTT-------------------timer: aDtD-ALL-e.53                                                           :  0.656      at: 2025062918 00:28:04
TTTTTTTTTTTTTTTTTTTTTTT-------------------timer: aDtD-stmopt-l.53                                                        :  2.191      at: 2025062918 00:28:07
TTTTTTTTTTTTTTTTTTTTTTT-------------------timer: anl-adtd-l.53                                                           :  0.108      at: 2025062918 00:28:07
AAADDD -- trackers ALLGOOD   for istmopt:  l.53
TTTDDD -- diag files ALLGOOD for istmopt:  l.53
TTTTTTTTTTTTTTTTTTTTTTT-------------------timer: aDtD-ALL-l.53                                                           :  2.399      at: 2025062918 00:28:07
WWW-getMd2Years-- no storms for stmopt:  c.1953
WWW-setyears to em3year:  2024
TTTTTTTTTTTTTTTTTTTTTTT-------------------timer: aDtD-stmopt-c.53                                                        :  0.140      at: 2025062918 00:28:07
TTTTTTTTTTTTTTTTTTTTTTT-------------------timer: anl-adtd-c.53                                                           :  0.100      at: 2025062918 00:28:07
AAADDD -- trackers ALLGOOD   for istmopt:  c.53
TTTDDD -- diag files ALLGOOD for istmopt:  c.53
TTTTTTTTTTTTTTTTTTTTTTT-------------------timer: aDtD-ALL-c.53                                                           :  0.341      at: 2025062918 00:28:07
TTTTTTTTTTTTTTTTTTTTTTT-------------------timer: aDtD-stmopt-i.53                                                        :  0.892      at: 2025062918 00:28:08
TTTTTTTTTTTTTTTTTTTTTTT-------------------timer: anl-adtd-i.53                                                           :  0.102      at: 2025062918 00:28:08
AAADDD -- trackers ALLGOOD   for istmopt:  i.53
TTTDDD -- diag files ALLGOOD for istmopt:  i.53
TTTTTTTTTTTTTTTTTTTTTTT-------------------timer: aDtD-ALL-i.53                                                           :  1.094      at: 2025062918 00:28:09
TTTTTTTTTTTTTTTTTTTTTTT-------------------timer: aDtD-stmopt-h.54                                                        :  2.908      at: 2025062918 00:28:12
TTTTTTTTTTTTTTTTTTTTTTT-------------------timer: anl-adtd-h.54                                                           :  0.106      at: 2025062918 00:28:12
AAADDD -- trackers ALLGOOD   for istmopt:  h.54
TTTDDD -- diag files ALLGOOD for istmopt:  h.54
TTTTTTTTTTTTTTTTTTTTTTT-------------------timer: aDtD-ALL-h.54                                                           :  3.114      at: 2025062918 00:28:12
TTTTTTTTTTTTTTTTTTTTTTT-------------------timer: aDtD-stmopt-w.54                                                        :  6.679      at: 2025062918 00:28:19
TTTTTTTTTTTTTTTTTTTTTTT-------------------timer: anl-adtd-w.54                                                           :  0.108      at: 2025062918 00:28:19
AAADDD -- trackers ALLGOOD   for istmopt:  w.54
TTTDDD -- diag files ALLGOOD for istmopt:  w.54
TTTTTTTTTTTTTTTTTTTTTTT-------------------timer: aDtD-ALL-w.54                                                           :  6.887      at: 2025062918 00:28:19
TTTTTTTTTTTTTTTTTTTTTTT-------------------timer: aDtD-stmopt-e.54                                                        :  3.731      at: 2025062918 00:28:23
TTTTTTTTTTTTTTTTTTTTTTT-------------------timer: anl-adtd-e.54                                                           :  0.101      at: 2025062918 00:28:23
AAADDD -- trackers ALLGOOD   for istmopt:  e.54
TTTDDD -- diag files ALLGOOD for istmopt:  e.54
TTTTTTTTTTTTTTTTTTTTTTT-------------------timer: aDtD-ALL-e.54                                                           :  3.932      at: 2025062918 00:28:23
TTTTTTTTTTTTTTTTTTTTTTT-------------------timer: aDtD-stmopt-l.54                                                        :  2.216      at: 2025062918 00:28:25
TTTTTTTTTTTTTTTTTTTTTTT-------------------timer: anl-adtd-l.54                                                           :  0.107      at: 2025062918 00:28:25
AAADDD -- trackers ALLGOOD   for istmopt:  l.54
TTTDDD -- diag files ALLGOOD for istmopt:  l.54
TTTTTTTTTTTTTTTTTTTTTTT-------------------timer: aDtD-ALL-l.54                                                           :  2.423      at: 2025062918 00:28:26
WWW-getMd2Years-- no storms for stmopt:  c.1954
WWW-setyears to em3year:  2024
TTTTTTTTTTTTTTTTTTTTTTT-------------------timer: aDtD-stmopt-c.54                                                        :  0.140      at: 2025062918 00:28:26
TTTTTTTTTTTTTTTTTTTTTTT-------------------timer: anl-adtd-c.54                                                           :  0.100      at: 2025062918 00:28:26
AAADDD -- trackers ALLGOOD   for istmopt:  c.54
TTTDDD -- diag files ALLGOOD for istmopt:  c.54
TTTTTTTTTTTTTTTTTTTTTTT-------------------timer: aDtD-ALL-c.54                                                           :  0.341      at: 2025062918 00:28:26
TTTTTTTTTTTTTTTTTTTTTTT-------------------timer: aDtD-stmopt-i.54                                                        :  0.904      at: 2025062918 00:28:27
TTTTTTTTTTTTTTTTTTTTTTT-------------------timer: anl-adtd-i.54                                                           :  0.101      at: 2025062918 00:28:27
AAADDD -- trackers ALLGOOD   for istmopt:  i.54
TTTDDD -- diag files ALLGOOD for istmopt:  i.54
TTTTTTTTTTTTTTTTTTTTTTT-------------------timer: aDtD-ALL-i.54                                                           :  1.106      at: 2025062918 00:28:27
TTTTTTTTTTTTTTTTTTTTTTT-------------------timer: aDtD-stmopt-h.55                                                        :  5.654      at: 2025062918 00:28:33
TTTTTTTTTTTTTTTTTTTTTTT-------------------timer: anl-adtd-h.55                                                           :  0.110      at: 2025062918 00:28:33
AAADDD -- trackers ALLGOOD   for istmopt:  h.55
TTTDDD redo Nruns: 1
TTTTTTTTTTTTTTTTTTTTTTT-------------------timer: aDtD-ALL-h.55                                                           :  5.864      at: 2025062918 00:28:33
TTTTTTTTTTTTTTTTTTTTTTT-------------------timer: aDtD-stmopt-w.55                                                        :  3.877      at: 2025062918 00:28:38
TTTTTTTTTTTTTTTTTTTTTTT-------------------timer: anl-adtd-w.55                                                           :  0.114      at: 2025062918 00:28:38
AAADDD -- trackers ALLGOOD   for istmopt:  w.55
TTTDDD -- diag files ALLGOOD for istmopt:  w.55
TTTTTTTTTTTTTTTTTTTTTTT-------------------timer: aDtD-ALL-w.55                                                           :  4.092      at: 2025062918 00:28:38
     ---> CurDT: 20250629 18:27:51 <--- 
TTTTTTTTTTTTTTTTTTTTTTT-------------------timer: B1ID-AD-TD-c-52                                                         :  0.502      at: 2025062918 00:27:52
CCC: i-sbt-tctrk-tcdiag.py -S i.52     ---> CurDT: 20250629 18:27:52 <--- 
TTTTTTTTTTTTTTTTTTTTTTT-------------------timer: B1ID-AD-TD-i-52                                                         :  2.050      at: 2025062918 00:27:54
TTTTTTTTTTTTTTTTTTTTTTT-------------------timer: AD-TD-52                                                                : 17.909      at: 2025062918 00:27:54
CCC: i-sbt-tctrk-tcdiag.py -S h.53     ---> CurDT: 20250629 18:27:54 <--- 
TTTTTTTTTTTTTTTTTTTTTTT-------------------timer: B1ID-AD-TD-h-53                                                         :  4.658      at: 2025062918 00:27:59
CCC: i-sbt-tctrk-tcdiag.py -S w.53     ---> CurDT: 20250629 18:27:59 <--- 
TTTTTTTTTTTTTTTTTTTTTTT-------------------timer: B1ID-AD-TD-w-53                                                         :  4.781      at: 2025062918 00:28:04
CCC: i-sbt-tctrk-tcdiag.py -S e.53     ---> CurDT: 20250629 18:28:04 <--- 
TTTTTTTTTTTTTTTTTTTTTTT-------------------timer: B1ID-AD-TD-e-53                                                         :  0.817      at: 2025062918 00:28:04
CCC: i-sbt-tctrk-tcdiag.py -S l.53     ---> CurDT: 20250629 18:28:04 <--- 
TTTTTTTTTTTTTTTTTTTTTTT-------------------timer: B1ID-AD-TD-l-53                                                         :  2.562      at: 2025062918 00:28:07
CCC: i-sbt-tctrk-tcdiag.py -S c.53     ---> CurDT: 20250629 18:28:07 <--- 
TTTTTTTTTTTTTTTTTTTTTTT-------------------timer: B1ID-AD-TD-c-53                                                         :  0.491      at: 2025062918 00:28:07
CCC: i-sbt-tctrk-tcdiag.py -S i.53     ---> CurDT: 20250629 18:28:07 <--- 
TTTTTTTTTTTTTTTTTTTTTTT-------------------timer: B1ID-AD-TD-i-53                                                         :  1.255      at: 2025062918 00:28:09
TTTTTTTTTTTTTTTTTTTTTTT-------------------timer: AD-TD-53                                                                : 14.665      at: 2025062918 00:28:09
CCC: i-sbt-tctrk-tcdiag.py -S h.54     ---> CurDT: 20250629 18:28:09 <--- 
TTTTTTTTTTTTTTTTTTTTTTT-------------------timer: B1ID-AD-TD-h-54                                                         :  3.271      at: 2025062918 00:28:12
CCC: i-sbt-tctrk-tcdiag.py -S w.54     ---> CurDT: 20250629 18:28:12 <--- 
TTTTTTTTTTTTTTTTTTTTTTT-------------------timer: B1ID-AD-TD-w-54                                                         :  7.033      at: 2025062918 00:28:19
CCC: i-sbt-tctrk-tcdiag.py -S e.54     ---> CurDT: 20250629 18:28:19 <--- 
TTTTTTTTTTTTTTTTTTTTTTT-------------------timer: B1ID-AD-TD-e-54                                                         :  4.073      at: 2025062918 00:28:23
CCC: i-sbt-tctrk-tcdiag.py -S l.54     ---> CurDT: 20250629 18:28:23 <--- 
TTTTTTTTTTTTTTTTTTTTTTT-------------------timer: B1ID-AD-TD-l-54                                                         :  2.566      at: 2025062918 00:28:26
CCC: i-sbt-tctrk-tcdiag.py -S c.54     ---> CurDT: 20250629 18:28:26 <--- 
TTTTTTTTTTTTTTTTTTTTTTT-------------------timer: B1ID-AD-TD-c-54                                                         :  0.500      at: 2025062918 00:28:26
CCC: i-sbt-tctrk-tcdiag.py -S i.54     ---> CurDT: 20250629 18:28:26 <--- 
TTTTTTTTTTTTTTTTTTTTTTT-------------------timer: B1ID-AD-TD-i-54                                                         :  1.257      at: 2025062918 00:28:27
TTTTTTTTTTTTTTTTTTTTTTT-------------------timer: AD-TD-54                                                                : 18.800      at: 2025062918 00:28:28
CCC: i-sbt-tctrk-tcdiag.py -S h.55     ---> CurDT: 20250629 18:28:28 <--- 
TTTTTTTTTTTTTTTTTTTTTTT-------------------timer: B1ID-AD-TD-h-55                                                         :  6.021      at: 2025062918 00:28:34
CCC: i-sbt-tctrk-tcdiag.py -S w.55     ---> CurDT: 20250629 18:28:34 <--- 
TTTTTTTTTTTTTTTTTTTTTTT-------------------timer: B1ID-AD-TD-w-55    TTTTTTTTTTTTTTTTTTTTTTT-------------------timer: aDtD-stmopt-e.55                                                        :  0.582      at: 2025062918 00:28:38
TTTTTTTTTTTTTTTTTTTTTTT-------------------timer: anl-adtd-e.55                                                           :  0.101      at: 2025062918 00:28:39
AAADDD -- trackers ALLGOOD   for istmopt:  e.55
TTTDDD -- diag files ALLGOOD for istmopt:  e.55
TTTTTTTTTTTTTTTTTTTTTTT-------------------timer: aDtD-ALL-e.55                                                           :  0.784      at: 2025062918 00:28:39
TTTTTTTTTTTTTTTTTTTTTTT-------------------timer: aDtD-stmopt-l.55                                                        :  3.571      at: 2025062918 00:28:42
TTTTTTTTTTTTTTTTTTTTTTT-------------------timer: anl-adtd-l.55                                                           :  0.106      at: 2025062918 00:28:42
AAADDD -- trackers ALLGOOD   for istmopt:  l.55
TTTDDD -- diag files ALLGOOD for istmopt:  l.55
TTTTTTTTTTTTTTTTTTTTTTT-------------------timer: aDtD-ALL-l.55                                                           :  3.777      at: 2025062918 00:28:43
WWW-getMd2Years-- no storms for stmopt:  c.1955
WWW-setyears to em3year:  2024
TTTTTTTTTTTTTTTTTTTTTTT-------------------timer: aDtD-stmopt-c.55                                                        :  0.139      at: 2025062918 00:28:43
TTTTTTTTTTTTTTTTTTTTTTT-------------------timer: anl-adtd-c.55                                                           :  0.100      at: 2025062918 00:28:43
AAADDD -- trackers ALLGOOD   for istmopt:  c.55
TTTDDD -- diag files ALLGOOD for istmopt:  c.55
TTTTTTTTTTTTTTTTTTTTTTT-------------------timer: aDtD-ALL-c.55                                                           :  0.340      at: 2025062918 00:28:43
TTTTTTTTTTTTTTTTTTTTTTT-------------------timer: aDtD-stmopt-i.55                                                        :  1.343      at: 2025062918 00:28:45
TTTTTTTTTTTTTTTTTTTTTTT-------------------timer: anl-adtd-i.55                                                           :  0.103      at: 2025062918 00:28:45
AAADDD -- trackers ALLGOOD   for istmopt:  i.55
TTTDDD -- diag files ALLGOOD for istmopt:  i.55
TTTTTTTTTTTTTTTTTTTTTTT-------------------timer: aDtD-ALL-i.55                                                           :  1.546      at: 2025062918 00:28:45
TTTTTTTTTTTTTTTTTTTTTTT-------------------timer: aDtD-stmopt-h.56                                                        :  7.709      at: 2025062918 00:28:53
TTTTTTTTTTTTTTTTTTTTTTT-------------------timer: anl-adtd-h.56                                                           :  0.114      at: 2025062918 00:28:53
AAADDD -- trackers ALLGOOD   for istmopt:  h.56
TTTDDD -- diag files ALLGOOD for istmopt:  h.56
TTTTTTTTTTTTTTTTTTTTTTT-------------------timer: aDtD-ALL-h.56                                                           :  7.923      at: 2025062918 00:28:53
TTTTTTTTTTTTTTTTTTTTTTT-------------------timer: aDtD-stmopt-w.56                                                        :  5.583      at: 2025062918 00:28:59
TTTTTTTTTTTTTTTTTTTTTTT-------------------timer: anl-adtd-w.56                                                           :  0.109      at: 2025062918 00:28:59
AAADDD -- trackers ALLGOOD   for istmopt:  w.56
TTTDDD -- diag files ALLGOOD for istmopt:  w.56
TTTTTTTTTTTTTTTTTTTTTTT-------------------timer: aDtD-ALL-w.56                                                           :  5.792      at: 2025062918 00:28:59
TTTTTTTTTTTTTTTTTTTTTTT-------------------timer: aDtD-stmopt-e.56                                                        :  0.958      at: 2025062918 00:29:00
TTTTTTTTTTTTTTTTTTTTTTT-------------------timer: anl-adtd-e.56                                                           :  0.102      at: 2025062918 00:29:00
AAADDD -- trackers ALLGOOD   for istmopt:  e.56
TTTDDD -- diag files ALLGOOD for istmopt:  e.56
TTTTTTTTTTTTTTTTTTTTTTT-------------------timer: aDtD-ALL-e.56                                                           :  1.160      at: 2025062918 00:29:00
TTTTTTTTTTTTTTTTTTTTTTT-------------------timer: aDtD-stmopt-l.56                                                        :  1.955      at: 2025062918 00:29:02
TTTTTTTTTTTTTTTTTTTTTTT-------------------timer: anl-adtd-l.56                                                           :  0.104      at: 2025062918 00:29:02
AAADDD -- trackers ALLGOOD   for istmopt:  l.56
TTTDDD -- diag files ALLGOOD for istmopt:  l.56
TTTTTTTTTTTTTTTTTTTTTTT-------------------timer: aDtD-ALL-l.56                                                           :  2.159      at: 2025062918 00:29:03
WWW-getMd2Years-- no storms for stmopt:  c.1956
WWW-setyears to em3year:  2024
TTTTTTTTTTTTTTTTTTTTTTT-------------------timer: aDtD-stmopt-c.56                                                        :  0.142      at: 2025062918 00:29:03
TTTTTTTTTTTTTTTTTTTTTTT-------------------timer: anl-adtd-c.56                                                           :  0.100      at: 2025062918 00:29:03
AAADDD -- trackers ALLGOOD   for istmopt:  c.56
TTTDDD -- diag files ALLGOOD for istmopt:  c.56
TTTTTTTTTTTTTTTTTTTTTTT-------------------timer: aDtD-ALL-c.56                                                           :  0.343      at: 2025062918 00:29:03
TTTTTTTTTTTTTTTTTTTTTTT-------------------timer: aDtD-stmopt-i.56                                                        :  1.710      at: 2025062918 00:29:05
TTTTTTTTTTTTTTTTTTTTTTT-------------------timer: anl-adtd-i.56                                                           :  0.104      at: 2025062918 00:29:05
AAADDD -- trackers ALLGOOD   for istmopt:  i.56
TTTDDD -- diag files ALLGOOD for istmopt:  i.56
TTTTTTTTTTTTTTTTTTTTTTT-------------------timer: aDtD-ALL-i.56                                                           :  1.915      at: 2025062918 00:29:05
TTTTTTTTTTTTTTTTTTTTTTT-------------------timer: aDtD-stmopt-h.57                                                        :  5.984      at: 2025062918 00:29:11
TTTTTTTTTTTTTTTTTTTTTTT-------------------timer: anl-adtd-h.57                                                           :  0.111      at: 2025062918 00:29:11
AAADDD -- trackers ALLGOOD   for istmopt:  h.57
TTTDDD redo Nruns: 8
TTTTTTTTTTTTTTTTTTTTTTT-------------------timer: aDtD-ALL-h.57                                                           :  6.195      at: 2025062918 00:29:12
TTTTTTTTTTTTTTTTTTTTTTT-------------------timer: aDtD-stmopt-w.57                                                        :  6.437      at: 2025062918 00:29:18
TTTTTTTTTTTTTTTTTTTTTTT-------------------timer: anl-adtd-w.57                                                           :  0.117      at: 2025062918 00:29:18
AAADDD -- trackers ALLGOOD   for istmopt:  w.57
TTTDDD -- diag files ALLGOOD for istmopt:  w.57
TTTTTTTTTTTTTTTTTTTTTTT-------------------timer: aDtD-ALL-w.57                                                           :  6.654      at: 2025062918 00:29:18
TTTTTTTTTTTTTTTTTTTTTTT-------------------timer: aDtD-stmopt-e.57                                                        :  3.434      at: 2025062918 00:29:22
TTTTTTTTTTTTTTTTTTTTTTT-------------------timer: anl-adtd-e.57                                                           :  0.102      at: 2025062918 00:29:22
AAADDD -- trackers ALLGOOD   for istmopt:  e.57
TTTDDD -- diag files ALLGOOD for istmopt:  e.57
TTTTTTTTTTTTTTTTTTTTTTT-------------------timer: aDtD-ALL-e.57                                                           :  3.637      at: 2025062918 00:29:22
TTTTTTTTTTTTTTTTTTTTTTT-------------------timer: aDtD-stmopt-l.57                                                        :  0.775      at: 2025062918 00:29:23
TTTTTTTTTTTTTTTTTTTTTTT-------------------timer: anl-adtd-l.57                                                           :  0.101      at: 2025062918 00:29:23
AAADDD -- trackers ALLGOOD   for istmopt:  l.57
TTTDDD -- diag files ALLGOOD for istmopt:  l.57
TTTTTTTTTTTTTTTTTTTTTTT-------------------timer: aDtD-ALL-l.57                                                           :  0.976      at: 2025062918 00:29:23
TTTTTTTTTTTTTTTTTTTTTTT-------------------timer: aDtD-stmopt-c.57                                                        :  0.379      at: 2025062918 00:29:24
TTTTTTTTTTTTTTTTTTTTTTT-------------------timer: anl-adtd-c.57                                                           :  0.101      at: 2025062918 00:29:24
AAADDD -- trackers ALLGOOD   for istmopt:  c.57
TTTDDD -- diag files ALLGOOD for istmopt:  c.57
TTTTTTTTTTTTTTTTTTTTTTT-------------------timer: aDtD-ALL-c.57                                                           :  0.580      at: 2025062918 00:29:24
TTTTTTTTTTTTTTTTTTTTTTT-------------------timer: aDtD-stmopt-i.57                                                        :  0.689      at: 2025062918 00:29:25
TTTTTTTTTTTTTTTTTTTTTTT-------------------timer: anl-adtd-i.57                                                           :  0.101      at: 2025062918 00:29:25
AAADDD -- trackers ALLGOOD   for istmopt:  i.57
TTTDDD -- diag files ALLGOOD for istmopt:  i.57
TTTTTTTTTTTTTTTTTTTTTTT-------------------timer: aDtD-ALL-i.57                                                           :  0.891      at: 2025062918 00:29:25
                                                     :  4.248      at: 2025062918 00:28:38
CCC: i-sbt-tctrk-tcdiag.py -S e.55     ---> CurDT: 20250629 18:28:38 <--- 
TTTTTTTTTTTTTTTTTTTTTTT-------------------timer: B1ID-AD-TD-e-55                                                         :  0.939      at: 2025062918 00:28:39
CCC: i-sbt-tctrk-tcdiag.py -S l.55     ---> CurDT: 20250629 18:28:39 <--- 
TTTTTTTTTTTTTTTTTTTTTTT-------------------timer: B1ID-AD-TD-l-55                                                         :  3.930      at: 2025062918 00:28:43
CCC: i-sbt-tctrk-tcdiag.py -S c.55     ---> CurDT: 20250629 18:28:43 <--- 
TTTTTTTTTTTTTTTTTTTTTTT-------------------timer: B1ID-AD-TD-c-55                                                         :  0.502      at: 2025062918 00:28:43
CCC: i-sbt-tctrk-tcdiag.py -S i.55     ---> CurDT: 20250629 18:28:43 <--- 
TTTTTTTTTTTTTTTTTTTTTTT-------------------timer: B1ID-AD-TD-i-55                                                         :  1.704      at: 2025062918 00:28:45
TTTTTTTTTTTTTTTTTTTTTTT-------------------timer: AD-TD-55                                                                : 17.445      at: 2025062918 00:28:45
CCC: i-sbt-tctrk-tcdiag.py -S h.56     ---> CurDT: 20250629 18:28:45 <--- 
TTTTTTTTTTTTTTTTTTTTTTT-------------------timer: B1ID-AD-TD-h-56                                                         :  8.076      at: 2025062918 00:28:53
CCC: i-sbt-tctrk-tcdiag.py -S w.56     ---> CurDT: 20250629 18:28:53 <--- 
TTTTTTTTTTTTTTTTTTTTTTT-------------------timer: B1ID-AD-TD-w-56                                                         :  5.948      at: 2025062918 00:28:59
CCC: i-sbt-tctrk-tcdiag.py -S e.56     ---> CurDT: 20250629 18:28:59 <--- 
TTTTTTTTTTTTTTTTTTTTTTT-------------------timer: B1ID-AD-TD-e-56                                                         :  1.315      at: 2025062918 00:29:00
CCC: i-sbt-tctrk-tcdiag.py -S l.56     ---> CurDT: 20250629 18:29:00 <--- 
TTTTTTTTTTTTTTTTTTTTTTT-------------------timer: B1ID-AD-TD-l-56                                                         :  2.320      at: 2025062918 00:29:03
CCC: i-sbt-tctrk-tcdiag.py -S c.56     ---> CurDT: 20250629 18:29:03 <--- 
TTTTTTTTTTTTTTTTTTTTTTT-------------------timer: B1ID-AD-TD-c-56                                                         :  0.498      at: 2025062918 00:29:03
CCC: i-sbt-tctrk-tcdiag.py -S i.56     ---> CurDT: 20250629 18:29:03 <--- 
TTTTTTTTTTTTTTTTTTTTTTT-------------------timer: B1ID-AD-TD-i-56                                                         :  2.079      at: 2025062918 00:29:05
TTTTTTTTTTTTTTTTTTTTTTT-------------------timer: AD-TD-56                                                                : 20.335      at: 2025062918 00:29:05
CCC: i-sbt-tctrk-tcdiag.py -S h.57     ---> CurDT: 20250629 18:29:05 <--- 
TTTTTTTTTTTTTTTTTTTTTTT-------------------timer: B1ID-AD-TD-h-57                                                         :  6.349      at: 2025062918 00:29:12
CCC: i-sbt-tctrk-tcdiag.py -S w.57     ---> CurDT: 20250629 18:29:12 <--- 
TTTTTTTTTTTTTTTTTTTTTTT-------------------timer: B1ID-AD-TD-w-57                                                         :  6.801      at: 2025062918 00:29:19
CCC: i-sbt-tctrk-tcdiag.py -S e.57     ---> CurDT: 20250629 18:29:19 <--- 
TTTTTTTTTTTTTTTTTTTTTTT-------------------timer: B1ID-AD-TD-e-57                                                         :  3.780      at: 2025062918 00:29:22
CCC: i-sbt-tctrk-tcdiag.py -S l.57     ---> CurDT: 20250629 18:29:22 <--- 
TTTTTTTTTTTTTTTTTTTTTTT-------------------timer: B1ID-AD-TD-l-57                                                         :  1.127      at: 2025062918 00:29:23
CCC: i-sbt-tctrk-tcdiag.py -S c.57     ---> CurDT: 20250629 18:29:23 <--- 
TTTTTTTTTTTTTTTTTTTTTTT-------------------timer: B1ID-AD-TD-c-57                                                         :  0.728      at: 2025062918 00:29:24
CCC: i-sbt-tctrk-tcdiag.py -S i.57     ---> CurDT: 20250629 18:29:24 <--- 
TTTTTTTTTTTTTTTTTTTTTTT-------------------timer: B1ID-AD-TD-i-57                                      TTTTTTTTTTTTTTTTTTTTTTT-------------------timer: aDtD-stmopt-h.58                                                        :  7.171      at: 2025062918 00:29:33
TTTTTTTTTTTTTTTTTTTTTTT-------------------timer: anl-adtd-h.58                                                           :  0.122      at: 2025062918 00:29:33
AAADDD -- trackers ALLGOOD   for istmopt:  h.58
TTTDDD redo Nruns: 4
TTTTTTTTTTTTTTTTTTTTTTT-------------------timer: aDtD-ALL-h.58                                                           :  7.394      at: 2025062918 00:29:33
TTTTTTTTTTTTTTTTTTTTTTT-------------------timer: aDtD-stmopt-w.58                                                        :  5.520      at: 2025062918 00:29:38
TTTTTTTTTTTTTTTTTTTTTTT-------------------timer: anl-adtd-w.58                                                           :  0.109      at: 2025062918 00:29:39
AAADDD -- trackers ALLGOOD   for istmopt:  w.58
TTTDDD -- diag files ALLGOOD for istmopt:  w.58
TTTTTTTTTTTTTTTTTTTTTTT-------------------timer: aDtD-ALL-w.58                                                           :  5.730      at: 2025062918 00:29:39
TTTTTTTTTTTTTTTTTTTTTTT-------------------timer: aDtD-stmopt-e.58                                                        :  4.526      at: 2025062918 00:29:43
TTTTTTTTTTTTTTTTTTTTTTT-------------------timer: anl-adtd-e.58                                                           :  0.103      at: 2025062918 00:29:43
AAADDD -- trackers ALLGOOD   for istmopt:  e.58
TTTDDD -- diag files ALLGOOD for istmopt:  e.58
TTTTTTTTTTTTTTTTTTTTTTT-------------------timer: aDtD-ALL-e.58                                                           :  4.729      at: 2025062918 00:29:44
TTTTTTTTTTTTTTTTTTTTTTT-------------------timer: aDtD-stmopt-l.58                                                        :  2.220      at: 2025062918 00:29:46
TTTTTTTTTTTTTTTTTTTTTTT-------------------timer: anl-adtd-l.58                                                           :  0.106      at: 2025062918 00:29:46
AAADDD -- trackers ALLGOOD   for istmopt:  l.58
TTTDDD -- diag files ALLGOOD for istmopt:  l.58
TTTTTTTTTTTTTTTTTTTTTTT-------------------timer: aDtD-ALL-l.58                                                           :  2.426      at: 2025062918 00:29:46
TTTTTTTTTTTTTTTTTTTTTTT-------------------timer: aDtD-stmopt-c.58                                                        :  0.132      at: 2025062918 00:29:46
TTTTTTTTTTTTTTTTTTTTTTT-------------------timer: anl-adtd-c.58                                                           :  0.100      at: 2025062918 00:29:46
AAADDD -- trackers ALLGOOD   for istmopt:  c.58
TTTDDD -- diag files ALLGOOD for istmopt:  c.58
TTTTTTTTTTTTTTTTTTTTTTT-------------------timer: aDtD-ALL-c.58                                                           :  0.332      at: 2025062918 00:29:47
TTTTTTTTTTTTTTTTTTTTTTT-------------------timer: aDtD-stmopt-i.58                                                        :  0.111      at: 2025062918 00:29:47
TTTTTTTTTTTTTTTTTTTTTTT-------------------timer: anl-adtd-i.58                                                           :  0.100      at: 2025062918 00:29:47
AAADDD -- trackers ALLGOOD   for istmopt:  i.58
TTTDDD -- diag files ALLGOOD for istmopt:  i.58
TTTTTTTTTTTTTTTTTTTTTTT-------------------timer: aDtD-ALL-i.58                                                           :  0.312      at: 2025062918 00:29:47
TTTTTTTTTTTTTTTTTTTTTTT-------------------timer: aDtD-stmopt-h.59                                                        :  7.184      at: 2025062918 00:29:54
TTTTTTTTTTTTTTTTTTTTTTT-------------------timer: anl-adtd-h.59                                                           :  0.119      at: 2025062918 00:29:55
AAADDD -- trackers ALLGOOD   for istmopt:  h.59
TTTDDD -- diag files ALLGOOD for istmopt:  h.59
TTTTTTTTTTTTTTTTTTTTTTT-------------------timer: aDtD-ALL-h.59                                                           :  7.403      at: 2025062918 00:29:55
TTTTTTTTTTTTTTTTTTTTTTT-------------------timer: aDtD-stmopt-w.59                                                        :  6.833      at: 2025062918 00:30:02
TTTTTTTTTTTTTTTTTTTTTTT-------------------timer: anl-adtd-w.59                                                           :  0.117      at: 2025062918 00:30:02
AAADDD -- trackers ALLGOOD   for istmopt:  w.59
TTTDDD -- diag files ALLGOOD for istmopt:  w.59
TTTTTTTTTTTTTTTTTTTTTTT-------------------timer: aDtD-ALL-w.59                                                           :  7.050      at: 2025062918 00:30:02
TTTTTTTTTTTTTTTTTTTTTTT-------------------timer: aDtD-stmopt-e.59                                                        :  1.134      at: 2025062918 00:30:03
TTTTTTTTTTTTTTTTTTTTTTT-------------------timer: anl-adtd-e.59                                                           :  0.103      at: 2025062918 00:30:03
AAADDD -- trackers ALLGOOD   for istmopt:  e.59
TTTDDD -- diag files ALLGOOD for istmopt:  e.59
TTTTTTTTTTTTTTTTTTTTTTT-------------------timer: aDtD-ALL-e.59                                                           :  1.337      at: 2025062918 00:30:03
TTTTTTTTTTTTTTTTTTTTTTT-------------------timer: aDtD-stmopt-l.59                                                        :  3.413      at: 2025062918 00:30:07
TTTTTTTTTTTTTTTTTTTTTTT-------------------timer: anl-adtd-l.59                                                           :  0.106      at: 2025062918 00:30:07
AAADDD -- trackers ALLGOOD   for istmopt:  l.59
TTTDDD -- diag files ALLGOOD for istmopt:  l.59
TTTTTTTTTTTTTTTTTTTTTTT-------------------timer: aDtD-ALL-l.59                                                           :  3.620      at: 2025062918 00:30:07
TTTTTTTTTTTTTTTTTTTTTTT-------------------timer: aDtD-stmopt-c.59                                                        :  0.421      at: 2025062918 00:30:08
TTTTTTTTTTTTTTTTTTTTTTT-------------------timer: anl-adtd-c.59                                                           :  0.101      at: 2025062918 00:30:08
AAADDD -- trackers ALLGOOD   for istmopt:  c.59
TTTDDD -- diag files ALLGOOD for istmopt:  c.59
TTTTTTTTTTTTTTTTTTTTTTT-------------------timer: aDtD-ALL-c.59                                                           :  0.623      at: 2025062918 00:30:08
TTTTTTTTTTTTTTTTTTTTTTT-------------------timer: aDtD-stmopt-i.59                                                        :  1.888      at: 2025062918 00:30:10
TTTTTTTTTTTTTTTTTTTTTTT-------------------timer: anl-adtd-i.59                                                           :  0.105      at: 2025062918 00:30:10
AAADDD -- trackers ALLGOOD   for istmopt:  i.59
TTTDDD -- diag files ALLGOOD for istmopt:  i.59
TTTTTTTTTTTTTTTTTTTTTTT-------------------timer: aDtD-ALL-i.59                                                           :  2.094      at: 2025062918 00:30:10
                   :  1.047      at: 2025062918 00:29:25
TTTTTTTTTTTTTTTTTTTTTTT-------------------timer: AD-TD-57                                                                : 19.933      at: 2025062918 00:29:25
CCC: i-sbt-tctrk-tcdiag.py -S h.58     ---> CurDT: 20250629 18:29:25 <--- 
TTTTTTTTTTTTTTTTTTTTTTT-------------------timer: B1ID-AD-TD-h-58                                                         :  7.559      at: 2025062918 00:29:33
CCC: i-sbt-tctrk-tcdiag.py -S w.58     ---> CurDT: 20250629 18:29:33 <--- 
TTTTTTTTTTTTTTTTTTTTTTT-------------------timer: B1ID-AD-TD-w-58                                                         :  5.887      at: 2025062918 00:29:39
CCC: i-sbt-tctrk-tcdiag.py -S e.58     ---> CurDT: 20250629 18:29:39 <--- 
TTTTTTTTTTTTTTTTTTTTTTT-------------------timer: B1ID-AD-TD-e-58                                                         :  4.881      at: 2025062918 00:29:44
CCC: i-sbt-tctrk-tcdiag.py -S l.58     ---> CurDT: 20250629 18:29:44 <--- 
TTTTTTTTTTTTTTTTTTTTTTT-------------------timer: B1ID-AD-TD-l-58                                                         :  2.581      at: 2025062918 00:29:46
CCC: i-sbt-tctrk-tcdiag.py -S c.58     ---> CurDT: 20250629 18:29:46 <--- 
TTTTTTTTTTTTTTTTTTTTTTT-------------------timer: B1ID-AD-TD-c-58                                                         :  0.499      at: 2025062918 00:29:47
CCC: i-sbt-tctrk-tcdiag.py -S i.58     ---> CurDT: 20250629 18:29:47 <--- 
TTTTTTTTTTTTTTTTTTTTTTT-------------------timer: B1ID-AD-TD-i-58                                                         :  0.468      at: 2025062918 00:29:47
TTTTTTTTTTTTTTTTTTTTTTT-------------------timer: AD-TD-58                                                                : 21.975      at: 2025062918 00:29:47
CCC: i-sbt-tctrk-tcdiag.py -S h.59     ---> CurDT: 20250629 18:29:47 <--- 
TTTTTTTTTTTTTTTTTTTTTTT-------------------timer: B1ID-AD-TD-h-59                                                         :  7.553      at: 2025062918 00:29:55
CCC: i-sbt-tctrk-tcdiag.py -S w.59     ---> CurDT: 20250629 18:29:55 <--- 
TTTTTTTTTTTTTTTTTTTTTTT-------------------timer: B1ID-AD-TD-w-59                                                         :  7.196      at: 2025062918 00:30:02
CCC: i-sbt-tctrk-tcdiag.py -S e.59     ---> CurDT: 20250629 18:30:02 <--- 
TTTTTTTTTTTTTTTTTTTTTTT-------------------timer: B1ID-AD-TD-e-59                                                         :  1.495      at: 2025062918 00:30:04
CCC: i-sbt-tctrk-tcdiag.py -S l.59     ---> CurDT: 20250629 18:30:04 <--- 
TTTTTTTTTTTTTTTTTTTTTTT-------------------timer: B1ID-AD-TD-l-59                                                         :  3.790      at: 2025062918 00:30:07
CCC: i-sbt-tctrk-tcdiag.py -S c.59     ---> CurDT: 20250629 18:30:07 <--- 
TTTTTTTTTTTTTTTTTTTTTTT-------------------timer: B1ID-AD-TD-c-59                                                         :  0.776      at: 2025062918 00:30:08
CCC: i-sbt-tctrk-tcdiag.py -S i.59     ---> CurDT: 20250629 18:30:08 <--- 
TTTTTTTTTTTTTTTTTTTTTTT-------------------timer: B1ID-AD-TD-i-59                                                         :  2.251      at: 2025062918 00:30:10
TTTTTTTTTTTTTTTTTTTTTTT-------------------timer: AD-TD-59                                                                : 23.160      at: 2025062918 00:30:10
TTTTTTTTTTTTTTTTTTTTTTT-------------------timer: AALLLL-AD-TD-50-59                                                      : 184.219      at: 2025062918 00:30:11
